#
# There is insufficient memory for the Java Runtime Environment to continue.
# Native memory allocation (malloc) failed to allocate 32744 bytes for ChunkPool::allocate
# Possible reasons:
#   The system is out of physical RAM or swap space
#   The process is running with CompressedOops enabled, and the Java Heap may be blocking the growth of the native heap
# Possible solutions:
#   Reduce memory load on the system
#   Increase physical memory or swap space
#   Check if swap backing store is full
#   Decrease Java heap size (-Xmx/-Xms)
#   Decrease number of Java threads
#   Decrease Java thread stack sizes (-Xss)
#   Set larger code cache with -XX:ReservedCodeCacheSize=
#   JVM is running with Unscaled Compressed Oops mode in which the Java heap is
#     placed in the first 4GB address space. The Java Heap base address is the
#     maximum limit for the native heap growth. Please use -XX:HeapBaseMinAddress
#     to set the Java Heap base and to place the Java Heap above 4GB virtual address.
# This output file may be truncated or incomplete.
#
#  Out of Memory Error (./src/hotspot/share/memory/arena.cpp:81), pid=516, tid=5184
#
# JRE version: OpenJDK Runtime Environment (11.0.8+10) (build 11.0.8+10-b944.6842174)
# Java VM: OpenJDK 64-Bit Server VM (11.0.8+10-b944.6842174, mixed mode, tiered, compressed oops, g1 gc, windows-amd64)
# No core dump will be written. Minidumps are not enabled by default on client versions of Windows
#

---------------  S U M M A R Y ------------

Command Line: --add-opens=java.base/java.util=ALL-UNNAMED --add-opens=java.base/java.lang=ALL-UNNAMED --add-opens=java.base/java.lang.invoke=ALL-UNNAMED --add-opens=java.prefs/java.util.prefs=ALL-UNNAMED -Xmx2048m -Dfile.encoding=UTF-8 -Duser.country=US -Duser.language=en -Duser.variant org.gradle.launcher.daemon.bootstrap.GradleDaemon 6.7.1

Host: Intel(R) Core(TM) i5-4310U CPU @ 2.00GHz, 4 cores, 3G,  Windows 10 , 64 bit Build 10586 (10.0.10586.589)
Time: Wed Nov 24 12:02:16 2021 Pakistan Standard Time elapsed time: 78 seconds (0d 0h 1m 18s)

---------------  T H R E A D  ---------------

Current thread (0x00000231a37f9800):  VMThread "VM Thread" [stack: 0x000000aa86e00000,0x000000aa86f00000] [id=5184]

Stack: [0x000000aa86e00000,0x000000aa86f00000]
[error occurred during error reporting (printing stack bounds), id 0xc0000005, EXCEPTION_ACCESS_VIOLATION (0xc0000005) at pc=0x000002318cff0dad]

Native frames: (J=compiled Java code, j=interpreted, Vv=VM code, C=native code)
V  [jvm.dll+0x5de50a]
V  [jvm.dll+0x7122f5]
V  [jvm.dll+0x71384d]
V  [jvm.dll+0x713e65]
V  [jvm.dll+0x713e1b]
V  [jvm.dll+0x5dd958]
V  [jvm.dll+0x5de0f8]
C  [ntdll.dll+0xa9aed]
C  [ntdll.dll+0x34fe9]
C  [ntdll.dll+0xa8bfa]
C  0x000002318cff0dad

VM_Operation (0x000000aa9aafe700): RevokeBias, mode: safepoint, requested by thread 0x00000231a883c800


---------------  P R O C E S S  ---------------

Threads class SMR info:
_java_thread_list=0x00000231a567db40, length=160, elements={
0x0000023189662000, 0x00000231a37fe800, 0x00000231a3801800, 0x00000231a4173800,
0x00000231a3816800, 0x00000231a3817800, 0x00000231a3825800, 0x00000231a382a000,
0x00000231a42a6000, 0x00000231a42a7800, 0x00000231a6708800, 0x00000231a605a000,
0x00000231a623c800, 0x00000231a6393800, 0x00000231a4e7b000, 0x00000231a5cd4000,
0x00000231a5cd9000, 0x00000231a5cd3800, 0x00000231a5cd7800, 0x00000231a8ab7000,
0x00000231a58bd800, 0x00000231a58c2800, 0x00000231a8ab7800, 0x00000231a8ab9800,
0x00000231a8aba000, 0x00000231a8ab6000, 0x00000231a8ab4800, 0x00000231a8abb000,
0x00000231a8ab5000, 0x00000231a8abe000, 0x00000231a8abc800, 0x00000231a8abd800,
0x00000231a8ac1800, 0x00000231a8abf000, 0x00000231a8abb800, 0x00000231a8ac0000,
0x00000231a8ac0800, 0x00000231a8ac2000, 0x00000231a8ac3000, 0x00000231a58be800,
0x00000231a58c1000, 0x00000231a58bf000, 0x00000231a58bc800, 0x00000231a58c1800,
0x00000231a58bc000, 0x00000231a58c0000, 0x00000231a58c9000, 0x00000231a58c7800,
0x00000231a58c4000, 0x00000231a58c8000, 0x00000231a58c5000, 0x00000231a58c5800,
0x00000231a58c3800, 0x00000231a58ca000, 0x00000231a58ca800, 0x00000231a5cd8000,
0x00000231a5cd5000, 0x00000231a5cd5800, 0x00000231a5cd6800, 0x00000231a5cda000,
0x00000231a8ef2800, 0x00000231a8ef8000, 0x00000231a8ef4000, 0x00000231a8ef4800,
0x00000231a8ef9000, 0x00000231a8ef5800, 0x00000231a8ef6800, 0x00000231a8ef7000,
0x00000231a8ef3000, 0x00000231a8eff800, 0x00000231a8ef9800, 0x00000231a8f00000,
0x00000231a8efe800, 0x00000231a8efa800, 0x00000231a8efd000, 0x00000231a8efd800,
0x00000231a8efb800, 0x00000231a8f01000, 0x00000231a8efc000, 0x00000231a68a3000,
0x00000231a68a7000, 0x00000231a68a4800, 0x00000231a68a6800, 0x00000231a68a1800,
0x00000231a68a8000, 0x00000231a68a5800, 0x00000231a68a2800, 0x00000231a68a9000,
0x00000231a68a9800, 0x00000231a68a4000, 0x00000231a68b0000, 0x00000231a68ab000,
0x00000231a68aa800, 0x00000231a68ac000, 0x00000231a68af800, 0x00000231a68ad000,
0x00000231a68ae800, 0x00000231a68ad800, 0x00000231a9c1c800, 0x00000231a9c1d800,
0x00000231a9c1e800, 0x00000231a9c21000, 0x00000231a9c1b000, 0x00000231a9c1c000,
0x00000231a9c22800, 0x00000231a9c25000, 0x00000231a9c24000, 0x00000231a9c21800,
0x00000231a9c20000, 0x00000231a9c1f000, 0x00000231a9c26800, 0x00000231a9c25800,
0x00000231a9c28000, 0x00000231a9c27800, 0x00000231a9c29000, 0x00000231a9c23800,
0x00000231a9c2a000, 0x00000231a83d8800, 0x00000231a83d5000, 0x00000231a83d9800,
0x00000231a83d7800, 0x00000231a83d7000, 0x00000231a83d3800, 0x00000231a83da000,
0x00000231a83d6000, 0x00000231a83d4800, 0x00000231a83e0000, 0x00000231a83e0800,
0x00000231a83db000, 0x00000231a83df000, 0x00000231a83e1800, 0x00000231a83db800,
0x00000231a83e2000, 0x00000231a83dc800, 0x00000231a83dd800, 0x00000231a83de000,
0x00000231a8c86000, 0x00000231a8c8a000, 0x00000231a8c87000, 0x00000231a8c89800,
0x00000231a8c84800, 0x00000231a8c88000, 0x00000231a8c88800, 0x00000231a8c8b000,
0x00000231a8c85800, 0x00000231a8c90800, 0x00000231a8c8c000, 0x00000231a8c91800,
0x00000231a8c90000, 0x00000231a8c92800, 0x00000231a8c8c800, 0x00000231a8c8f000,
0x00000231a8c8e800, 0x00000231a8c8d800, 0x00000231a883b800, 0x00000231a883b000,
0x00000231a8839000, 0x00000231a8838800, 0x00000231a883a000, 0x00000231a883c800
}

Java Threads: ( => current thread )
  0x0000023189662000 JavaThread "main" [_thread_blocked, id=7220, stack(0x000000aa86800000,0x000000aa86900000)]
  0x00000231a37fe800 JavaThread "Reference Handler" daemon [_thread_blocked, id=3336, stack(0x000000aa86f00000,0x000000aa87000000)]
  0x00000231a3801800 JavaThread "Finalizer" daemon [_thread_blocked, id=2228, stack(0x000000aa87000000,0x000000aa87100000)]
  0x00000231a4173800 JavaThread "Signal Dispatcher" daemon [_thread_blocked, id=3892, stack(0x000000aa87100000,0x000000aa87200000)]
  0x00000231a3816800 JavaThread "Attach Listener" daemon [_thread_blocked, id=8100, stack(0x000000aa87200000,0x000000aa87300000)]
  0x00000231a3817800 JavaThread "C2 CompilerThread0" daemon [_thread_blocked, id=2004, stack(0x000000aa87300000,0x000000aa87400000)]
  0x00000231a3825800 JavaThread "C1 CompilerThread0" daemon [_thread_blocked, id=3964, stack(0x000000aa87400000,0x000000aa87500000)]
  0x00000231a382a000 JavaThread "Sweeper thread" daemon [_thread_blocked, id=1456, stack(0x000000aa87500000,0x000000aa87600000)]
  0x00000231a42a6000 JavaThread "Common-Cleaner" daemon [_thread_blocked, id=7696, stack(0x000000aa87600000,0x000000aa87700000)]
  0x00000231a42a7800 JavaThread "Service Thread" daemon [_thread_blocked, id=5432, stack(0x000000aa87700000,0x000000aa87800000)]
  0x00000231a6708800 JavaThread "Daemon health stats" [_thread_blocked, id=4244, stack(0x000000aa87b00000,0x000000aa87c00000)]
  0x00000231a605a000 JavaThread "Incoming local TCP Connector on port 54605" [_thread_in_native, id=5000, stack(0x000000aa87e00000,0x000000aa87f00000)]
  0x00000231a623c800 JavaThread "Daemon periodic checks" [_thread_blocked, id=6788, stack(0x000000aa87f00000,0x000000aa88000000)]
  0x00000231a6393800 JavaThread "Daemon" [_thread_blocked, id=6900, stack(0x000000aa88000000,0x000000aa88100000)]
  0x00000231a4e7b000 JavaThread "Daemon worker" [_thread_blocked, id=5568, stack(0x000000aa88500000,0x000000aa88600000)]
  0x00000231a5cd4000 JavaThread "Cache worker for file hash cache (C:\Users\Huzaifa Sammar\.gradle\caches\6.7.1\fileHashes)" [_thread_blocked, id=7564, stack(0x000000aa88900000,0x000000aa88a00000)]
  0x00000231a5cd9000 JavaThread "File lock request listener" [_thread_in_native, id=3260, stack(0x000000aa88a00000,0x000000aa88b00000)]
  0x00000231a5cd3800 JavaThread "Cache worker for journal cache (C:\Users\Huzaifa Sammar\.gradle\caches\journal-1)" [_thread_blocked, id=4940, stack(0x000000aa88b00000,0x000000aa88c00000)]
  0x00000231a5cd7800 JavaThread "Cache worker for execution history cache (C:\Users\Huzaifa Sammar\.gradle\caches\6.7.1\executionHistory)" [_thread_blocked, id=2632, stack(0x000000aa89100000,0x000000aa89200000)]
  0x00000231a8ab7000 JavaThread "Cache worker for file content cache (C:\Users\Huzaifa Sammar\.gradle\caches\6.7.1\fileContent)" [_thread_blocked, id=2508, stack(0x000000aa89300000,0x000000aa89400000)]
  0x00000231a58bd800 JavaThread "Memory manager" [_thread_blocked, id=4668, stack(0x000000aa90e00000,0x000000aa90f00000)]
  0x00000231a58c2800 JavaThread "pool-3-thread-1" [_thread_blocked, id=8032, stack(0x000000aa91100000,0x000000aa91200000)]
  0x00000231a8ab7800 JavaThread "Handler for socket connection from /127.0.0.1:54605 to /127.0.0.1:54644" [_thread_in_native, id=4528, stack(0x000000aa92000000,0x000000aa92100000)]
  0x00000231a8ab9800 JavaThread "Cancel handler" [_thread_blocked, id=7548, stack(0x000000aa92100000,0x000000aa92200000)]
  0x00000231a8aba000 JavaThread "Asynchronous log dispatcher for DefaultDaemonConnection: socket connection from /127.0.0.1:54605 to /127.0.0.1:54644" [_thread_blocked, id=7328, stack(0x000000aa92200000,0x000000aa92300000)]
  0x00000231a8ab6000 JavaThread "Stdin handler" [_thread_blocked, id=3328, stack(0x000000aa92300000,0x000000aa92400000)]
  0x00000231a8ab4800 JavaThread "Thread-152" [_thread_blocked, id=5376, stack(0x000000aa92400000,0x000000aa92500000)]
  0x00000231a8abb000 JavaThread "Cache worker for file hash cache (C:\Users\Huzaifa Sammar\AndroidStudioProjects\RoadSideAssistance\.gradle\6.7.1\fileHashes)" [_thread_blocked, id=3632, stack(0x000000aa92500000,0x000000aa92600000)]
  0x00000231a8ab5000 JavaThread "Cache worker for checksums cache (C:\Users\Huzaifa Sammar\AndroidStudioProjects\RoadSideAssistance\.gradle\checksums)" [_thread_blocked, id=3924, stack(0x000000aa92600000,0x000000aa92700000)]
  0x00000231a8abe000 JavaThread "Cache worker for cache directory md-supplier (C:\Users\Huzaifa Sammar\.gradle\caches\6.7.1\md-supplier)" [_thread_blocked, id=7876, stack(0x000000aa92700000,0x000000aa92800000)]
  0x00000231a8abc800 JavaThread "Cache worker for cache directory md-rule (C:\Users\Huzaifa Sammar\.gradle\caches\6.7.1\md-rule)" [_thread_blocked, id=7428, stack(0x000000aa92800000,0x000000aa92900000)]
  0x00000231a8abd800 JavaThread "Cache worker for Build Output Cleanup Cache (C:\Users\Huzaifa Sammar\AndroidStudioProjects\RoadSideAssistance\.gradle\buildOutputCleanup)" [_thread_blocked, id=6204, stack(0x000000aa92900000,0x000000aa92a00000)]
  0x00000231a8ac1800 JavaThread "Build operations" [_thread_blocked, id=3864, stack(0x000000aa92b00000,0x000000aa92c00000)]
  0x00000231a8abf000 JavaThread "Build operations Thread 2" [_thread_blocked, id=4028, stack(0x000000aa92c00000,0x000000aa92d00000)]
  0x00000231a8abb800 JavaThread "Build operations Thread 3" [_thread_blocked, id=5388, stack(0x000000aa92d00000,0x000000aa92e00000)]
  0x00000231a8ac0000 JavaThread "Build operations Thread 4" [_thread_blocked, id=360, stack(0x000000aa92e00000,0x000000aa92f00000)]
  0x00000231a8ac0800 JavaThread "jar transforms Thread 117" [_thread_blocked, id=7356, stack(0x000000aa92f00000,0x000000aa93000000)]
  0x00000231a8ac2000 JavaThread "jar transforms Thread 118" [_thread_blocked, id=4276, stack(0x000000aa93000000,0x000000aa93100000)]
  0x00000231a8ac3000 JavaThread "jar transforms Thread 119" [_thread_blocked, id=5744, stack(0x000000aa93100000,0x000000aa93200000)]
  0x00000231a58be800 JavaThread "jar transforms Thread 120" [_thread_blocked, id=7672, stack(0x000000aa93200000,0x000000aa93300000)]
  0x00000231a58c1000 JavaThread "jar transforms Thread 121" [_thread_blocked, id=7624, stack(0x000000aa93300000,0x000000aa93400000)]
  0x00000231a58bf000 JavaThread "jar transforms Thread 122" [_thread_blocked, id=4956, stack(0x000000aa93400000,0x000000aa93500000)]
  0x00000231a58bc800 JavaThread "jar transforms Thread 123" [_thread_blocked, id=7376, stack(0x000000aa93500000,0x000000aa93600000)]
  0x00000231a58c1800 JavaThread "jar transforms Thread 124" [_thread_blocked, id=3592, stack(0x000000aa93600000,0x000000aa93700000)]
  0x00000231a58bc000 JavaThread "jar transforms Thread 125" [_thread_blocked, id=8012, stack(0x000000aa93700000,0x000000aa93800000)]
  0x00000231a58c0000 JavaThread "jar transforms Thread 126" [_thread_blocked, id=6308, stack(0x000000aa93800000,0x000000aa93900000)]
  0x00000231a58c9000 JavaThread "jar transforms Thread 127" [_thread_blocked, id=8060, stack(0x000000aa93900000,0x000000aa93a00000)]
  0x00000231a58c7800 JavaThread "jar transforms Thread 128" [_thread_blocked, id=6560, stack(0x000000aa93a00000,0x000000aa93b00000)]
  0x00000231a58c4000 JavaThread "jar transforms Thread 129" [_thread_blocked, id=4808, stack(0x000000aa93b00000,0x000000aa93c00000)]
  0x00000231a58c8000 JavaThread "jar transforms Thread 130" [_thread_blocked, id=84, stack(0x000000aa93c00000,0x000000aa93d00000)]
  0x00000231a58c5000 JavaThread "jar transforms Thread 131" [_thread_blocked, id=5684, stack(0x000000aa93d00000,0x000000aa93e00000)]
  0x00000231a58c5800 JavaThread "jar transforms Thread 132" [_thread_blocked, id=5808, stack(0x000000aa93e00000,0x000000aa93f00000)]
  0x00000231a58c3800 JavaThread "jar transforms Thread 133" [_thread_blocked, id=1284, stack(0x000000aa93f00000,0x000000aa94000000)]
  0x00000231a58ca000 JavaThread "jar transforms Thread 134" [_thread_blocked, id=3432, stack(0x000000aa94000000,0x000000aa94100000)]
  0x00000231a58ca800 JavaThread "jar transforms Thread 135" [_thread_blocked, id=3884, stack(0x000000aa94100000,0x000000aa94200000)]
  0x00000231a5cd8000 JavaThread "jar transforms Thread 136" [_thread_blocked, id=7400, stack(0x000000aa94200000,0x000000aa94300000)]
  0x00000231a5cd5000 JavaThread "jar transforms Thread 137" [_thread_blocked, id=7556, stack(0x000000aa94300000,0x000000aa94400000)]
  0x00000231a5cd5800 JavaThread "jar transforms Thread 138" [_thread_blocked, id=3076, stack(0x000000aa94400000,0x000000aa94500000)]
  0x00000231a5cd6800 JavaThread "jar transforms Thread 139" [_thread_blocked, id=5164, stack(0x000000aa94500000,0x000000aa94600000)]
  0x00000231a5cda000 JavaThread "jar transforms Thread 140" [_thread_blocked, id=804, stack(0x000000aa94600000,0x000000aa94700000)]
  0x00000231a8ef2800 JavaThread "jar transforms Thread 141" [_thread_blocked, id=6916, stack(0x000000aa94700000,0x000000aa94800000)]
  0x00000231a8ef8000 JavaThread "jar transforms Thread 142" [_thread_blocked, id=6312, stack(0x000000aa94800000,0x000000aa94900000)]
  0x00000231a8ef4000 JavaThread "jar transforms Thread 143" [_thread_blocked, id=7584, stack(0x000000aa94900000,0x000000aa94a00000)]
  0x00000231a8ef4800 JavaThread "jar transforms Thread 144" [_thread_blocked, id=6592, stack(0x000000aa94a00000,0x000000aa94b00000)]
  0x00000231a8ef9000 JavaThread "jar transforms Thread 145" [_thread_blocked, id=6208, stack(0x000000aa94b00000,0x000000aa94c00000)]
  0x00000231a8ef5800 JavaThread "jar transforms Thread 146" [_thread_blocked, id=3304, stack(0x000000aa94c00000,0x000000aa94d00000)]
  0x00000231a8ef6800 JavaThread "jar transforms Thread 147" [_thread_blocked, id=7820, stack(0x000000aa94d00000,0x000000aa94e00000)]
  0x00000231a8ef7000 JavaThread "jar transforms Thread 148" [_thread_blocked, id=2080, stack(0x000000aa94e00000,0x000000aa94f00000)]
  0x00000231a8ef3000 JavaThread "jar transforms Thread 149" [_thread_blocked, id=2672, stack(0x000000aa94f00000,0x000000aa95000000)]
  0x00000231a8eff800 JavaThread "jar transforms Thread 150" [_thread_blocked, id=3580, stack(0x000000aa95000000,0x000000aa95100000)]
  0x00000231a8ef9800 JavaThread "jar transforms Thread 151" [_thread_blocked, id=2300, stack(0x000000aa95100000,0x000000aa95200000)]
  0x00000231a8f00000 JavaThread "jar transforms Thread 152" [_thread_blocked, id=4588, stack(0x000000aa95200000,0x000000aa95300000)]
  0x00000231a8efe800 JavaThread "jar transforms Thread 153" [_thread_blocked, id=7264, stack(0x000000aa95300000,0x000000aa95400000)]
  0x00000231a8efa800 JavaThread "jar transforms Thread 154" [_thread_blocked, id=988, stack(0x000000aa95400000,0x000000aa95500000)]
  0x00000231a8efd000 JavaThread "jar transforms Thread 155" [_thread_blocked, id=5208, stack(0x000000aa95500000,0x000000aa95600000)]
  0x00000231a8efd800 JavaThread "jar transforms Thread 156" [_thread_blocked, id=6416, stack(0x000000aa95600000,0x000000aa95700000)]
  0x00000231a8efb800 JavaThread "jar transforms Thread 157" [_thread_blocked, id=7252, stack(0x000000aa95700000,0x000000aa95800000)]
  0x00000231a8f01000 JavaThread "jar transforms Thread 158" [_thread_blocked, id=5372, stack(0x000000aa95800000,0x000000aa95900000)]
  0x00000231a8efc000 JavaThread "jar transforms Thread 159" [_thread_blocked, id=892, stack(0x000000aa95900000,0x000000aa95a00000)]
  0x00000231a68a3000 JavaThread "jar transforms Thread 160" [_thread_blocked, id=7240, stack(0x000000aa95a00000,0x000000aa95b00000)]
  0x00000231a68a7000 JavaThread "jar transforms Thread 161" [_thread_blocked, id=5788, stack(0x000000aa95b00000,0x000000aa95c00000)]
  0x00000231a68a4800 JavaThread "jar transforms Thread 162" [_thread_blocked, id=4128, stack(0x000000aa95c00000,0x000000aa95d00000)]
  0x00000231a68a6800 JavaThread "jar transforms Thread 163" [_thread_blocked, id=7312, stack(0x000000aa95d00000,0x000000aa95e00000)]
  0x00000231a68a1800 JavaThread "jar transforms Thread 164" [_thread_blocked, id=7156, stack(0x000000aa95e00000,0x000000aa95f00000)]
  0x00000231a68a8000 JavaThread "jar transforms Thread 165" [_thread_blocked, id=6420, stack(0x000000aa95f00000,0x000000aa96000000)]
  0x00000231a68a5800 JavaThread "jar transforms Thread 166" [_thread_blocked, id=3324, stack(0x000000aa96000000,0x000000aa96100000)]
  0x00000231a68a2800 JavaThread "jar transforms Thread 167" [_thread_blocked, id=6700, stack(0x000000aa96100000,0x000000aa96200000)]
  0x00000231a68a9000 JavaThread "jar transforms Thread 168" [_thread_blocked, id=6324, stack(0x000000aa96200000,0x000000aa96300000)]
  0x00000231a68a9800 JavaThread "jar transforms Thread 169" [_thread_blocked, id=5812, stack(0x000000aa96300000,0x000000aa96400000)]
  0x00000231a68a4000 JavaThread "jar transforms Thread 170" [_thread_blocked, id=7224, stack(0x000000aa96400000,0x000000aa96500000)]
  0x00000231a68b0000 JavaThread "jar transforms Thread 171" [_thread_blocked, id=5528, stack(0x000000aa96500000,0x000000aa96600000)]
  0x00000231a68ab000 JavaThread "jar transforms Thread 172" [_thread_blocked, id=2952, stack(0x000000aa96600000,0x000000aa96700000)]
  0x00000231a68aa800 JavaThread "jar transforms Thread 173" [_thread_blocked, id=6800, stack(0x000000aa96700000,0x000000aa96800000)]
  0x00000231a68ac000 JavaThread "jar transforms Thread 174" [_thread_blocked, id=3256, stack(0x000000aa96800000,0x000000aa96900000)]
  0x00000231a68af800 JavaThread "jar transforms Thread 175" [_thread_blocked, id=2456, stack(0x000000aa96900000,0x000000aa96a00000)]
  0x00000231a68ad000 JavaThread "jar transforms Thread 176" [_thread_blocked, id=7908, stack(0x000000aa96a00000,0x000000aa96b00000)]
  0x00000231a68ae800 JavaThread "jar transforms Thread 177" [_thread_blocked, id=6660, stack(0x000000aa96b00000,0x000000aa96c00000)]
  0x00000231a68ad800 JavaThread "jar transforms Thread 178" [_thread_blocked, id=8104, stack(0x000000aa96c00000,0x000000aa96d00000)]
  0x00000231a9c1c800 JavaThread "jar transforms Thread 179" [_thread_blocked, id=5928, stack(0x000000aa96d00000,0x000000aa96e00000)]
  0x00000231a9c1d800 JavaThread "jar transforms Thread 180" [_thread_blocked, id=6384, stack(0x000000aa96e00000,0x000000aa96f00000)]
  0x00000231a9c1e800 JavaThread "jar transforms Thread 181" [_thread_blocked, id=1508, stack(0x000000aa96f00000,0x000000aa97000000)]
  0x00000231a9c21000 JavaThread "jar transforms Thread 182" [_thread_blocked, id=6748, stack(0x000000aa97000000,0x000000aa97100000)]
  0x00000231a9c1b000 JavaThread "jar transforms Thread 183" [_thread_blocked, id=5028, stack(0x000000aa97100000,0x000000aa97200000)]
  0x00000231a9c1c000 JavaThread "jar transforms Thread 184" [_thread_blocked, id=7736, stack(0x000000aa97200000,0x000000aa97300000)]
  0x00000231a9c22800 JavaThread "jar transforms Thread 185" [_thread_blocked, id=2460, stack(0x000000aa97300000,0x000000aa97400000)]
  0x00000231a9c25000 JavaThread "jar transforms Thread 186" [_thread_blocked, id=7632, stack(0x000000aa97400000,0x000000aa97500000)]
  0x00000231a9c24000 JavaThread "jar transforms Thread 187" [_thread_blocked, id=1340, stack(0x000000aa97500000,0x000000aa97600000)]
  0x00000231a9c21800 JavaThread "jar transforms Thread 188" [_thread_blocked, id=5428, stack(0x000000aa97600000,0x000000aa97700000)]
  0x00000231a9c20000 JavaThread "jar transforms Thread 189" [_thread_blocked, id=7216, stack(0x000000aa97700000,0x000000aa97800000)]
  0x00000231a9c1f000 JavaThread "jar transforms Thread 190" [_thread_blocked, id=7544, stack(0x000000aa97800000,0x000000aa97900000)]
  0x00000231a9c26800 JavaThread "jar transforms Thread 191" [_thread_blocked, id=5036, stack(0x000000aa97900000,0x000000aa97a00000)]
  0x00000231a9c25800 JavaThread "jar transforms Thread 192" [_thread_blocked, id=4704, stack(0x000000aa97a00000,0x000000aa97b00000)]
  0x00000231a9c28000 JavaThread "jar transforms Thread 193" [_thread_blocked, id=6248, stack(0x000000aa97b00000,0x000000aa97c00000)]
  0x00000231a9c27800 JavaThread "jar transforms Thread 194" [_thread_blocked, id=4180, stack(0x000000aa97c00000,0x000000aa97d00000)]
  0x00000231a9c29000 JavaThread "jar transforms Thread 195" [_thread_blocked, id=7580, stack(0x000000aa97d00000,0x000000aa97e00000)]
  0x00000231a9c23800 JavaThread "jar transforms Thread 196" [_thread_blocked, id=6392, stack(0x000000aa97e00000,0x000000aa97f00000)]
  0x00000231a9c2a000 JavaThread "jar transforms Thread 197" [_thread_blocked, id=3384, stack(0x000000aa97f00000,0x000000aa98000000)]
  0x00000231a83d8800 JavaThread "jar transforms Thread 198" [_thread_blocked, id=4636, stack(0x000000aa98000000,0x000000aa98100000)]
  0x00000231a83d5000 JavaThread "jar transforms Thread 199" [_thread_blocked, id=7496, stack(0x000000aa98100000,0x000000aa98200000)]
  0x00000231a83d9800 JavaThread "jar transforms Thread 200" [_thread_blocked, id=7816, stack(0x000000aa98200000,0x000000aa98300000)]
  0x00000231a83d7800 JavaThread "jar transforms Thread 201" [_thread_blocked, id=6256, stack(0x000000aa98300000,0x000000aa98400000)]
  0x00000231a83d7000 JavaThread "jar transforms Thread 202" [_thread_blocked, id=4656, stack(0x000000aa98400000,0x000000aa98500000)]
  0x00000231a83d3800 JavaThread "jar transforms Thread 203" [_thread_blocked, id=3672, stack(0x000000aa98500000,0x000000aa98600000)]
  0x00000231a83da000 JavaThread "jar transforms Thread 204" [_thread_blocked, id=904, stack(0x000000aa98600000,0x000000aa98700000)]
  0x00000231a83d6000 JavaThread "jar transforms Thread 205" [_thread_blocked, id=6744, stack(0x000000aa98700000,0x000000aa98800000)]
  0x00000231a83d4800 JavaThread "jar transforms Thread 206" [_thread_blocked, id=4188, stack(0x000000aa98800000,0x000000aa98900000)]
  0x00000231a83e0000 JavaThread "jar transforms Thread 207" [_thread_blocked, id=7384, stack(0x000000aa98900000,0x000000aa98a00000)]
  0x00000231a83e0800 JavaThread "jar transforms Thread 208" [_thread_blocked, id=7900, stack(0x000000aa98a00000,0x000000aa98b00000)]
  0x00000231a83db000 JavaThread "jar transforms Thread 209" [_thread_blocked, id=4988, stack(0x000000aa98b00000,0x000000aa98c00000)]
  0x00000231a83df000 JavaThread "jar transforms Thread 210" [_thread_blocked, id=7144, stack(0x000000aa98c00000,0x000000aa98d00000)]
  0x00000231a83e1800 JavaThread "jar transforms Thread 211" [_thread_blocked, id=860, stack(0x000000aa98d00000,0x000000aa98e00000)]
  0x00000231a83db800 JavaThread "jar transforms Thread 212" [_thread_blocked, id=3484, stack(0x000000aa98e00000,0x000000aa98f00000)]
  0x00000231a83e2000 JavaThread "jar transforms Thread 213" [_thread_blocked, id=7196, stack(0x000000aa98f00000,0x000000aa99000000)]
  0x00000231a83dc800 JavaThread "jar transforms Thread 214" [_thread_blocked, id=4232, stack(0x000000aa99000000,0x000000aa99100000)]
  0x00000231a83dd800 JavaThread "jar transforms Thread 215" [_thread_blocked, id=7140, stack(0x000000aa99100000,0x000000aa99200000)]
  0x00000231a83de000 JavaThread "jar transforms Thread 216" [_thread_blocked, id=7684, stack(0x000000aa99200000,0x000000aa99300000)]
  0x00000231a8c86000 JavaThread "jar transforms Thread 217" [_thread_blocked, id=5972, stack(0x000000aa99300000,0x000000aa99400000)]
  0x00000231a8c8a000 JavaThread "jar transforms Thread 218" [_thread_blocked, id=4508, stack(0x000000aa99400000,0x000000aa99500000)]
  0x00000231a8c87000 JavaThread "jar transforms Thread 219" [_thread_blocked, id=5668, stack(0x000000aa99500000,0x000000aa99600000)]
  0x00000231a8c89800 JavaThread "jar transforms Thread 220" [_thread_blocked, id=4744, stack(0x000000aa99600000,0x000000aa99700000)]
  0x00000231a8c84800 JavaThread "jar transforms Thread 221" [_thread_blocked, id=6964, stack(0x000000aa99700000,0x000000aa99800000)]
  0x00000231a8c88000 JavaThread "jar transforms Thread 222" [_thread_blocked, id=4428, stack(0x000000aa99800000,0x000000aa99900000)]
  0x00000231a8c88800 JavaThread "jar transforms Thread 223" [_thread_blocked, id=5512, stack(0x000000aa99900000,0x000000aa99a00000)]
  0x00000231a8c8b000 JavaThread "jar transforms Thread 224" [_thread_blocked, id=7244, stack(0x000000aa99a00000,0x000000aa99b00000)]
  0x00000231a8c85800 JavaThread "jar transforms Thread 225" [_thread_blocked, id=4660, stack(0x000000aa99b00000,0x000000aa99c00000)]
  0x00000231a8c90800 JavaThread "jar transforms Thread 226" [_thread_blocked, id=3096, stack(0x000000aa99c00000,0x000000aa99d00000)]
  0x00000231a8c8c000 JavaThread "jar transforms Thread 227" [_thread_blocked, id=8164, stack(0x000000aa99d00000,0x000000aa99e00000)]
  0x00000231a8c91800 JavaThread "jar transforms Thread 228" [_thread_blocked, id=2924, stack(0x000000aa99e00000,0x000000aa99f00000)]
  0x00000231a8c90000 JavaThread "jar transforms Thread 229" [_thread_blocked, id=5008, stack(0x000000aa99f00000,0x000000aa9a000000)]
  0x00000231a8c92800 JavaThread "jar transforms Thread 230" [_thread_blocked, id=7832, stack(0x000000aa9a000000,0x000000aa9a100000)]
  0x00000231a8c8c800 JavaThread "jar transforms Thread 231" [_thread_blocked, id=6936, stack(0x000000aa9a100000,0x000000aa9a200000)]
  0x00000231a8c8f000 JavaThread "jar transforms Thread 232" [_thread_blocked, id=4564, stack(0x000000aa9a200000,0x000000aa9a300000)]
  0x00000231a8c8e800 JavaThread "build event listener" [_thread_blocked, id=6436, stack(0x000000aa9a300000,0x000000aa9a400000)]
  0x00000231a8c8d800 JavaThread "pool-6-thread-1" [_thread_blocked, id=6812, stack(0x000000aa9a400000,0x000000aa9a500000)]
  0x00000231a883b800 JavaThread "build event listener" [_thread_blocked, id=2388, stack(0x000000aa9a500000,0x000000aa9a600000)]
  0x00000231a883b000 JavaThread "Execution worker for ':'" [_thread_blocked, id=848, stack(0x000000aa9a600000,0x000000aa9a700000)]
  0x00000231a8839000 JavaThread "Execution worker for ':' Thread 2" [_thread_blocked, id=8176, stack(0x000000aa9a700000,0x000000aa9a800000)]
  0x00000231a8838800 JavaThread "Execution worker for ':' Thread 3" [_thread_blocked, id=1336, stack(0x000000aa9a800000,0x000000aa9a900000)]
  0x00000231a883a000 JavaThread "Cache worker for execution history cache (C:\Users\Huzaifa Sammar\AndroidStudioProjects\RoadSideAssistance\.gradle\6.7.1\executionHistory)" [_thread_blocked, id=7964, stack(0x000000aa9a900000,0x000000aa9aa00000)]
  0x00000231a883c800 JavaThread "Thread-284" [_thread_blocked, id=6992, stack(0x000000aa9aa00000,0x000000aa9ab00000)]

Other Threads:
=>0x00000231a37f9800 VMThread "VM Thread" [stack: 0x000000aa86e00000,0x000000aa86f00000] [id=5184]
  0x00000231a42d2000 WatcherThread [stack: 0x000000aa87800000,0x000000aa87900000] [id=4032]
  0x000002318967a800 GCTaskThread "GC Thread#0" [stack: 0x000000aa86900000,0x000000aa86a00000] [id=2320]
  0x00000231a4c48800 GCTaskThread "GC Thread#1" [stack: 0x000000aa87a00000,0x000000aa87b00000] [id=7508]
  0x00000231a5a61000 GCTaskThread "GC Thread#2" [stack: 0x000000aa88300000,0x000000aa88400000] [id=4196]
  0x00000231a6514800 GCTaskThread "GC Thread#3" [stack: 0x000000aa88400000,0x000000aa88500000] [id=3364]
  0x00000231896ad000 ConcurrentGCThread "G1 Main Marker" [stack: 0x000000aa86a00000,0x000000aa86b00000] [id=2032]
  0x00000231896af800 ConcurrentGCThread "G1 Conc#0" [stack: 0x000000aa86b00000,0x000000aa86c00000] [id=1020]
  0x0000023189747800 ConcurrentGCThread "G1 Refine#0" [stack: 0x000000aa86c00000,0x000000aa86d00000] [id=4004]
  0x00000231a9d64800 ConcurrentGCThread "G1 Refine#1" [stack: 0x000000aa91e00000,0x000000aa91f00000] [id=7184]
  0x00000231a55de000 ConcurrentGCThread "G1 Refine#2" [stack: 0x000000aa91f00000,0x000000aa92000000] [id=3436]
  0x0000023189748800 ConcurrentGCThread "G1 Young RemSet Sampling" [stack: 0x000000aa86d00000,0x000000aa86e00000] [id=5712]

Threads with active compile tasks:

VM state:at safepoint (normal execution)

VM Mutex/Monitor currently owned by a thread:  ([mutex/lock_event])
[0x000002318965d550] Threads_lock - owner thread: 0x00000231a37f9800

Heap address: 0x0000000080000000, size: 2048 MB, Compressed Oops mode: 32-bit
Narrow klass base: 0x0000000000000000, Narrow klass shift: 3
Compressed class space size: 1073741824 Address: 0x0000000100000000

Heap:
 garbage-first heap   total 165888K, used 90537K [0x0000000080000000, 0x0000000100000000)
  region size 1024K, 5 young (5120K), 2 survivors (2048K)
 Metaspace       used 90882K, capacity 92911K, committed 93184K, reserved 1130496K
  class space    used 11499K, capacity 12195K, committed 12288K, reserved 1048576K
Heap Regions: E=young(eden), S=young(survivor), O=old, HS=humongous(starts), HC=humongous(continues), CS=collection set, F=free, A=archive, TAMS=top-at-mark-start (previous, next)
|   0|0x0000000080000000, 0x0000000080100000, 0x0000000080100000|100%| O|  |TAMS 0x0000000080100000, 0x0000000080000000| Untracked 
|   1|0x0000000080100000, 0x0000000080200000, 0x0000000080200000|100%| O|  |TAMS 0x0000000080200000, 0x0000000080100000| Untracked 
|   2|0x0000000080200000, 0x0000000080300000, 0x0000000080300000|100%| O|  |TAMS 0x0000000080300000, 0x0000000080200000| Untracked 
|   3|0x0000000080300000, 0x0000000080400000, 0x0000000080400000|100%|HS|  |TAMS 0x0000000080400000, 0x0000000080300000| Complete 
|   4|0x0000000080400000, 0x0000000080500000, 0x0000000080500000|100%|HC|  |TAMS 0x0000000080500000, 0x0000000080400000| Complete 
|   5|0x0000000080500000, 0x0000000080600000, 0x0000000080600000|100%|HC|  |TAMS 0x0000000080600000, 0x0000000080500000| Complete 
|   6|0x0000000080600000, 0x0000000080700000, 0x0000000080700000|100%| O|  |TAMS 0x0000000080700000, 0x0000000080600000| Untracked 
|   7|0x0000000080700000, 0x0000000080800000, 0x0000000080800000|100%| O|  |TAMS 0x0000000080800000, 0x0000000080700000| Untracked 
|   8|0x0000000080800000, 0x0000000080900000, 0x0000000080900000|100%| O|  |TAMS 0x0000000080900000, 0x0000000080800000| Untracked 
|   9|0x0000000080900000, 0x0000000080a00000, 0x0000000080a00000|100%| O|  |TAMS 0x0000000080a00000, 0x0000000080900000| Untracked 
|  10|0x0000000080a00000, 0x0000000080b00000, 0x0000000080b00000|100%| O|  |TAMS 0x0000000080b00000, 0x0000000080a00000| Untracked 
|  11|0x0000000080b00000, 0x0000000080c00000, 0x0000000080c00000|100%| O|  |TAMS 0x0000000080c00000, 0x0000000080b00000| Untracked 
|  12|0x0000000080c00000, 0x0000000080d00000, 0x0000000080d00000|100%| O|  |TAMS 0x0000000080d00000, 0x0000000080c00000| Untracked 
|  13|0x0000000080d00000, 0x0000000080e00000, 0x0000000080e00000|100%| O|  |TAMS 0x0000000080e00000, 0x0000000080d00000| Untracked 
|  14|0x0000000080e00000, 0x0000000080f00000, 0x0000000080f00000|100%| O|  |TAMS 0x0000000080f00000, 0x0000000080e00000| Untracked 
|  15|0x0000000080f00000, 0x0000000081000000, 0x0000000081000000|100%| O|  |TAMS 0x0000000081000000, 0x0000000080f00000| Untracked 
|  16|0x0000000081000000, 0x0000000081100000, 0x0000000081100000|100%| O|  |TAMS 0x0000000081100000, 0x0000000081000000| Untracked 
|  17|0x0000000081100000, 0x0000000081200000, 0x0000000081200000|100%| O|  |TAMS 0x0000000081200000, 0x0000000081100000| Untracked 
|  18|0x0000000081200000, 0x0000000081300000, 0x0000000081300000|100%| O|  |TAMS 0x0000000081300000, 0x0000000081200000| Untracked 
|  19|0x0000000081300000, 0x0000000081400000, 0x0000000081400000|100%| O|  |TAMS 0x0000000081400000, 0x0000000081300000| Untracked 
|  20|0x0000000081400000, 0x0000000081500000, 0x0000000081500000|100%|HS|  |TAMS 0x0000000081500000, 0x0000000081400000| Complete 
|  21|0x0000000081500000, 0x0000000081600000, 0x0000000081600000|100%| O|  |TAMS 0x0000000081600000, 0x0000000081500000| Untracked 
|  22|0x0000000081600000, 0x0000000081700000, 0x0000000081700000|100%| O|  |TAMS 0x0000000081700000, 0x0000000081600000| Untracked 
|  23|0x0000000081700000, 0x0000000081800000, 0x0000000081800000|100%| O|  |TAMS 0x0000000081800000, 0x0000000081700000| Untracked 
|  24|0x0000000081800000, 0x0000000081900000, 0x0000000081900000|100%| O|  |TAMS 0x0000000081900000, 0x0000000081800000| Untracked 
|  25|0x0000000081900000, 0x0000000081a00000, 0x0000000081a00000|100%|HS|  |TAMS 0x0000000081a00000, 0x0000000081900000| Complete 
|  26|0x0000000081a00000, 0x0000000081b00000, 0x0000000081b00000|100%|HC|  |TAMS 0x0000000081b00000, 0x0000000081a00000| Complete 
|  27|0x0000000081b00000, 0x0000000081c00000, 0x0000000081c00000|100%|HC|  |TAMS 0x0000000081c00000, 0x0000000081b00000| Complete 
|  28|0x0000000081c00000, 0x0000000081d00000, 0x0000000081d00000|100%|HS|  |TAMS 0x0000000081d00000, 0x0000000081c00000| Complete 
|  29|0x0000000081d00000, 0x0000000081e00000, 0x0000000081e00000|100%|HC|  |TAMS 0x0000000081e00000, 0x0000000081d00000| Complete 
|  30|0x0000000081e00000, 0x0000000081f00000, 0x0000000081f00000|100%| O|  |TAMS 0x0000000081f00000, 0x0000000081e00000| Untracked 
|  31|0x0000000081f00000, 0x0000000082000000, 0x0000000082000000|100%| O|  |TAMS 0x0000000082000000, 0x0000000081f00000| Untracked 
|  32|0x0000000082000000, 0x0000000082100000, 0x0000000082100000|100%| O|  |TAMS 0x0000000082100000, 0x0000000082000000| Untracked 
|  33|0x0000000082100000, 0x0000000082200000, 0x0000000082200000|100%| O|  |TAMS 0x0000000082200000, 0x0000000082100000| Untracked 
|  34|0x0000000082200000, 0x0000000082300000, 0x0000000082300000|100%| O|  |TAMS 0x0000000082300000, 0x0000000082200000| Untracked 
|  35|0x0000000082300000, 0x0000000082400000, 0x0000000082400000|100%| O|  |TAMS 0x0000000082400000, 0x0000000082300000| Untracked 
|  36|0x0000000082400000, 0x0000000082500000, 0x0000000082500000|100%| O|  |TAMS 0x0000000082500000, 0x0000000082400000| Untracked 
|  37|0x0000000082500000, 0x0000000082600000, 0x0000000082600000|100%| O|  |TAMS 0x0000000082600000, 0x0000000082500000| Untracked 
|  38|0x0000000082600000, 0x0000000082700000, 0x0000000082700000|100%| O|  |TAMS 0x0000000082700000, 0x0000000082600000| Untracked 
|  39|0x0000000082700000, 0x0000000082800000, 0x0000000082800000|100%| O|  |TAMS 0x0000000082800000, 0x0000000082700000| Untracked 
|  40|0x0000000082800000, 0x0000000082900000, 0x0000000082900000|100%| O|  |TAMS 0x0000000082900000, 0x0000000082800000| Untracked 
|  41|0x0000000082900000, 0x0000000082a00000, 0x0000000082a00000|100%| O|  |TAMS 0x0000000082a00000, 0x0000000082900000| Untracked 
|  42|0x0000000082a00000, 0x0000000082b00000, 0x0000000082b00000|100%| O|  |TAMS 0x0000000082b00000, 0x0000000082a00000| Untracked 
|  43|0x0000000082b00000, 0x0000000082c00000, 0x0000000082c00000|100%| O|  |TAMS 0x0000000082c00000, 0x0000000082b00000| Untracked 
|  44|0x0000000082c00000, 0x0000000082d00000, 0x0000000082d00000|100%| O|  |TAMS 0x0000000082d00000, 0x0000000082c00000| Untracked 
|  45|0x0000000082d00000, 0x0000000082e00000, 0x0000000082e00000|100%| O|  |TAMS 0x0000000082e00000, 0x0000000082d00000| Untracked 
|  46|0x0000000082e00000, 0x0000000082f00000, 0x0000000082f00000|100%| O|  |TAMS 0x0000000082f00000, 0x0000000082e00000| Untracked 
|  47|0x0000000082f00000, 0x0000000083000000, 0x0000000083000000|100%| O|  |TAMS 0x0000000083000000, 0x0000000082f00000| Untracked 
|  48|0x0000000083000000, 0x0000000083100000, 0x0000000083100000|100%| O|  |TAMS 0x0000000083100000, 0x0000000083000000| Untracked 
|  49|0x0000000083100000, 0x0000000083200000, 0x0000000083200000|100%| O|  |TAMS 0x0000000083200000, 0x0000000083100000| Untracked 
|  50|0x0000000083200000, 0x0000000083300000, 0x0000000083300000|100%| O|  |TAMS 0x0000000083300000, 0x0000000083200000| Untracked 
|  51|0x0000000083300000, 0x0000000083400000, 0x0000000083400000|100%| O|  |TAMS 0x0000000083400000, 0x0000000083300000| Untracked 
|  52|0x0000000083400000, 0x0000000083500000, 0x0000000083500000|100%| O|  |TAMS 0x0000000083500000, 0x0000000083400000| Untracked 
|  53|0x0000000083500000, 0x0000000083600000, 0x0000000083600000|100%| O|  |TAMS 0x0000000083600000, 0x0000000083500000| Untracked 
|  54|0x0000000083600000, 0x0000000083700000, 0x0000000083700000|100%| O|  |TAMS 0x0000000083700000, 0x0000000083600000| Untracked 
|  55|0x0000000083700000, 0x0000000083800000, 0x0000000083800000|100%| O|  |TAMS 0x0000000083800000, 0x0000000083700000| Untracked 
|  56|0x0000000083800000, 0x0000000083900000, 0x0000000083900000|100%| O|  |TAMS 0x0000000083900000, 0x0000000083800000| Untracked 
|  57|0x0000000083900000, 0x0000000083a00000, 0x0000000083a00000|100%| O|  |TAMS 0x0000000083a00000, 0x0000000083900000| Untracked 
|  58|0x0000000083a00000, 0x0000000083b00000, 0x0000000083b00000|100%| O|  |TAMS 0x0000000083b00000, 0x0000000083a00000| Untracked 
|  59|0x0000000083b00000, 0x0000000083c00000, 0x0000000083c00000|100%| O|  |TAMS 0x0000000083c00000, 0x0000000083b00000| Untracked 
|  60|0x0000000083c00000, 0x0000000083d00000, 0x0000000083d00000|100%| O|  |TAMS 0x0000000083d00000, 0x0000000083c00000| Untracked 
|  61|0x0000000083d00000, 0x0000000083e00000, 0x0000000083e00000|100%| O|  |TAMS 0x0000000083e00000, 0x0000000083d00000| Untracked 
|  62|0x0000000083e00000, 0x0000000083f00000, 0x0000000083f00000|100%| O|  |TAMS 0x0000000083f00000, 0x0000000083e00000| Untracked 
|  63|0x0000000083f00000, 0x0000000084000000, 0x0000000084000000|100%| O|  |TAMS 0x0000000084000000, 0x0000000083f00000| Untracked 
|  64|0x0000000084000000, 0x0000000084100000, 0x0000000084100000|100%| O|  |TAMS 0x0000000084100000, 0x0000000084000000| Untracked 
|  65|0x0000000084100000, 0x0000000084200000, 0x0000000084200000|100%| O|  |TAMS 0x0000000084200000, 0x0000000084100000| Untracked 
|  66|0x0000000084200000, 0x0000000084300000, 0x0000000084300000|100%| O|  |TAMS 0x0000000084300000, 0x0000000084200000| Untracked 
|  67|0x0000000084300000, 0x0000000084400000, 0x0000000084400000|100%| O|  |TAMS 0x0000000084400000, 0x0000000084300000| Untracked 
|  68|0x0000000084400000, 0x0000000084500000, 0x0000000084500000|100%| O|  |TAMS 0x0000000084500000, 0x0000000084400000| Untracked 
|  69|0x0000000084500000, 0x0000000084600000, 0x0000000084600000|100%| O|  |TAMS 0x0000000084600000, 0x0000000084500000| Untracked 
|  70|0x0000000084600000, 0x0000000084700000, 0x0000000084700000|100%| O|  |TAMS 0x0000000084700000, 0x0000000084600000| Untracked 
|  71|0x0000000084700000, 0x0000000084800000, 0x0000000084800000|100%| O|  |TAMS 0x0000000084800000, 0x0000000084700000| Untracked 
|  72|0x0000000084800000, 0x0000000084900000, 0x0000000084900000|100%| O|  |TAMS 0x0000000084900000, 0x0000000084800000| Untracked 
|  73|0x0000000084900000, 0x0000000084a00000, 0x0000000084a00000|100%| O|  |TAMS 0x0000000084a00000, 0x0000000084900000| Untracked 
|  74|0x0000000084a00000, 0x0000000084b00000, 0x0000000084b00000|100%| O|  |TAMS 0x0000000084b00000, 0x0000000084a00000| Untracked 
|  75|0x0000000084b00000, 0x0000000084c00000, 0x0000000084c00000|100%| O|  |TAMS 0x0000000084c00000, 0x0000000084b00000| Untracked 
|  76|0x0000000084c00000, 0x0000000084d00000, 0x0000000084d00000|100%| O|  |TAMS 0x0000000084d00000, 0x0000000084c00000| Untracked 
|  77|0x0000000084d00000, 0x0000000084e00000, 0x0000000084e00000|100%| O|  |TAMS 0x0000000084de4600, 0x0000000084d00000| Untracked 
|  78|0x0000000084e00000, 0x0000000084f00000, 0x0000000084f00000|100%| O|  |TAMS 0x0000000084e00000, 0x0000000084e00000| Untracked 
|  79|0x0000000084f00000, 0x0000000085000000, 0x0000000085000000|100%| O|  |TAMS 0x0000000084f00000, 0x0000000084f00000| Untracked 
|  80|0x0000000085000000, 0x0000000085100000, 0x0000000085100000|100%| O|  |TAMS 0x0000000085000000, 0x0000000085000000| Untracked 
|  81|0x0000000085100000, 0x0000000085200000, 0x0000000085200000|100%| O|  |TAMS 0x0000000085100000, 0x0000000085100000| Untracked 
|  82|0x0000000085200000, 0x0000000085300000, 0x0000000085300000|100%| O|  |TAMS 0x0000000085200000, 0x0000000085200000| Untracked 
|  83|0x0000000085300000, 0x0000000085400000, 0x0000000085400000|100%| O|  |TAMS 0x0000000085300000, 0x0000000085300000| Untracked 
|  84|0x0000000085400000, 0x00000000854d1600, 0x0000000085500000| 81%| O|  |TAMS 0x0000000085400000, 0x0000000085400000| Untracked 
|  85|0x0000000085500000, 0x0000000085500000, 0x0000000085600000|  0%| F|  |TAMS 0x0000000085500000, 0x0000000085500000| Untracked 
|  86|0x0000000085600000, 0x0000000085600000, 0x0000000085700000|  0%| F|  |TAMS 0x0000000085600000, 0x0000000085600000| Untracked 
|  87|0x0000000085700000, 0x0000000085700000, 0x0000000085800000|  0%| F|  |TAMS 0x0000000085700000, 0x0000000085700000| Untracked 
|  88|0x0000000085800000, 0x0000000085800000, 0x0000000085900000|  0%| F|  |TAMS 0x0000000085800000, 0x0000000085800000| Untracked 
|  89|0x0000000085900000, 0x0000000085900000, 0x0000000085a00000|  0%| F|  |TAMS 0x0000000085900000, 0x0000000085900000| Untracked 
|  90|0x0000000085a00000, 0x0000000085a00000, 0x0000000085b00000|  0%| F|  |TAMS 0x0000000085a00000, 0x0000000085a00000| Untracked 
|  91|0x0000000085b00000, 0x0000000085b00000, 0x0000000085c00000|  0%| F|  |TAMS 0x0000000085b00000, 0x0000000085b00000| Untracked 
|  92|0x0000000085c00000, 0x0000000085c00000, 0x0000000085d00000|  0%| F|  |TAMS 0x0000000085c00000, 0x0000000085c00000| Untracked 
|  93|0x0000000085d00000, 0x0000000085d00000, 0x0000000085e00000|  0%| F|  |TAMS 0x0000000085d00000, 0x0000000085d00000| Untracked 
|  94|0x0000000085e00000, 0x0000000085e00000, 0x0000000085f00000|  0%| F|  |TAMS 0x0000000085e00000, 0x0000000085e00000| Untracked 
|  95|0x0000000085f00000, 0x0000000085f00000, 0x0000000086000000|  0%| F|  |TAMS 0x0000000085f00000, 0x0000000085f00000| Untracked 
|  96|0x0000000086000000, 0x0000000086000000, 0x0000000086100000|  0%| F|  |TAMS 0x0000000086000000, 0x0000000086000000| Untracked 
|  97|0x0000000086100000, 0x0000000086100000, 0x0000000086200000|  0%| F|  |TAMS 0x0000000086100000, 0x0000000086100000| Untracked 
|  98|0x0000000086200000, 0x0000000086200000, 0x0000000086300000|  0%| F|  |TAMS 0x0000000086200000, 0x0000000086200000| Untracked 
|  99|0x0000000086300000, 0x0000000086300000, 0x0000000086400000|  0%| F|  |TAMS 0x0000000086300000, 0x0000000086300000| Untracked 
| 100|0x0000000086400000, 0x0000000086400000, 0x0000000086500000|  0%| F|  |TAMS 0x0000000086400000, 0x0000000086400000| Untracked 
| 101|0x0000000086500000, 0x0000000086500000, 0x0000000086600000|  0%| F|  |TAMS 0x0000000086500000, 0x0000000086500000| Untracked 
| 102|0x0000000086600000, 0x0000000086600000, 0x0000000086700000|  0%| F|  |TAMS 0x0000000086600000, 0x0000000086600000| Untracked 
| 103|0x0000000086700000, 0x0000000086700000, 0x0000000086800000|  0%| F|  |TAMS 0x0000000086700000, 0x0000000086700000| Untracked 
| 104|0x0000000086800000, 0x0000000086800000, 0x0000000086900000|  0%| F|  |TAMS 0x0000000086800000, 0x0000000086800000| Untracked 
| 105|0x0000000086900000, 0x0000000086900000, 0x0000000086a00000|  0%| F|  |TAMS 0x0000000086900000, 0x0000000086900000| Untracked 
| 106|0x0000000086a00000, 0x0000000086a00000, 0x0000000086b00000|  0%| F|  |TAMS 0x0000000086a00000, 0x0000000086a00000| Untracked 
| 107|0x0000000086b00000, 0x0000000086b00000, 0x0000000086c00000|  0%| F|  |TAMS 0x0000000086b00000, 0x0000000086b00000| Untracked 
| 108|0x0000000086c00000, 0x0000000086c00000, 0x0000000086d00000|  0%| F|  |TAMS 0x0000000086c00000, 0x0000000086c00000| Untracked 
| 109|0x0000000086d00000, 0x0000000086d00000, 0x0000000086e00000|  0%| F|  |TAMS 0x0000000086d00000, 0x0000000086d00000| Untracked 
| 110|0x0000000086e00000, 0x0000000086e00000, 0x0000000086f00000|  0%| F|  |TAMS 0x0000000086e00000, 0x0000000086e00000| Untracked 
| 111|0x0000000086f00000, 0x0000000086f00000, 0x0000000087000000|  0%| F|  |TAMS 0x0000000086f00000, 0x0000000086f00000| Untracked 
| 112|0x0000000087000000, 0x0000000087000000, 0x0000000087100000|  0%| F|  |TAMS 0x0000000087000000, 0x0000000087000000| Untracked 
| 113|0x0000000087100000, 0x0000000087100000, 0x0000000087200000|  0%| F|  |TAMS 0x0000000087100000, 0x0000000087100000| Untracked 
| 114|0x0000000087200000, 0x0000000087298ef0, 0x0000000087300000| 59%| S|CS|TAMS 0x0000000087200000, 0x0000000087200000| Complete 
| 115|0x0000000087300000, 0x0000000087400000, 0x0000000087400000|100%| S|CS|TAMS 0x0000000087300000, 0x0000000087300000| Complete 
| 116|0x0000000087400000, 0x0000000087400000, 0x0000000087500000|  0%| F|  |TAMS 0x0000000087400000, 0x0000000087400000| Untracked 
| 117|0x0000000087500000, 0x0000000087500000, 0x0000000087600000|  0%| F|  |TAMS 0x0000000087500000, 0x0000000087500000| Untracked 
| 118|0x0000000087600000, 0x0000000087600000, 0x0000000087700000|  0%| F|  |TAMS 0x0000000087600000, 0x0000000087600000| Untracked 
| 119|0x0000000087700000, 0x0000000087700000, 0x0000000087800000|  0%| F|  |TAMS 0x0000000087700000, 0x0000000087700000| Untracked 
| 120|0x0000000087800000, 0x0000000087800000, 0x0000000087900000|  0%| F|  |TAMS 0x0000000087800000, 0x0000000087800000| Untracked 
| 121|0x0000000087900000, 0x0000000087900000, 0x0000000087a00000|  0%| F|  |TAMS 0x0000000087900000, 0x0000000087900000| Untracked 
| 122|0x0000000087a00000, 0x0000000087a00000, 0x0000000087b00000|  0%| F|  |TAMS 0x0000000087a00000, 0x0000000087a00000| Untracked 
| 123|0x0000000087b00000, 0x0000000087b00000, 0x0000000087c00000|  0%| F|  |TAMS 0x0000000087b00000, 0x0000000087b00000| Untracked 
| 124|0x0000000087c00000, 0x0000000087c00000, 0x0000000087d00000|  0%| F|  |TAMS 0x0000000087c00000, 0x0000000087c00000| Untracked 
| 125|0x0000000087d00000, 0x0000000087d00000, 0x0000000087e00000|  0%| F|  |TAMS 0x0000000087d00000, 0x0000000087d00000| Untracked 
| 126|0x0000000087e00000, 0x0000000087e00000, 0x0000000087f00000|  0%| F|  |TAMS 0x0000000087e00000, 0x0000000087e00000| Untracked 
| 127|0x0000000087f00000, 0x0000000087f00000, 0x0000000088000000|  0%| F|  |TAMS 0x0000000087f00000, 0x0000000087f00000| Untracked 
| 128|0x0000000088000000, 0x0000000088000000, 0x0000000088100000|  0%| F|  |TAMS 0x0000000088000000, 0x0000000088000000| Untracked 
| 129|0x0000000088100000, 0x0000000088100000, 0x0000000088200000|  0%| F|  |TAMS 0x0000000088100000, 0x0000000088100000| Untracked 
| 130|0x0000000088200000, 0x0000000088200000, 0x0000000088300000|  0%| F|  |TAMS 0x0000000088200000, 0x0000000088200000| Untracked 
| 131|0x0000000088300000, 0x0000000088300000, 0x0000000088400000|  0%| F|  |TAMS 0x0000000088300000, 0x0000000088300000| Untracked 
| 132|0x0000000088400000, 0x0000000088400000, 0x0000000088500000|  0%| F|  |TAMS 0x0000000088400000, 0x0000000088400000| Untracked 
| 133|0x0000000088500000, 0x0000000088500000, 0x0000000088600000|  0%| F|  |TAMS 0x0000000088500000, 0x0000000088500000| Untracked 
| 134|0x0000000088600000, 0x0000000088600000, 0x0000000088700000|  0%| F|  |TAMS 0x0000000088600000, 0x0000000088600000| Untracked 
| 135|0x0000000088700000, 0x0000000088700000, 0x0000000088800000|  0%| F|  |TAMS 0x0000000088700000, 0x0000000088700000| Untracked 
| 136|0x0000000088800000, 0x0000000088800000, 0x0000000088900000|  0%| F|  |TAMS 0x0000000088800000, 0x0000000088800000| Untracked 
| 137|0x0000000088900000, 0x0000000088900000, 0x0000000088a00000|  0%| F|  |TAMS 0x0000000088900000, 0x0000000088900000| Untracked 
| 138|0x0000000088a00000, 0x0000000088a00000, 0x0000000088b00000|  0%| F|  |TAMS 0x0000000088a00000, 0x0000000088a00000| Untracked 
| 139|0x0000000088b00000, 0x0000000088b00000, 0x0000000088c00000|  0%| F|  |TAMS 0x0000000088b00000, 0x0000000088b00000| Untracked 
| 140|0x0000000088c00000, 0x0000000088c00000, 0x0000000088d00000|  0%| F|  |TAMS 0x0000000088c00000, 0x0000000088c00000| Untracked 
| 141|0x0000000088d00000, 0x0000000088d00000, 0x0000000088e00000|  0%| F|  |TAMS 0x0000000088d00000, 0x0000000088d00000| Untracked 
| 142|0x0000000088e00000, 0x0000000088e00000, 0x0000000088f00000|  0%| F|  |TAMS 0x0000000088e00000, 0x0000000088e00000| Untracked 
| 143|0x0000000088f00000, 0x0000000088f00000, 0x0000000089000000|  0%| F|  |TAMS 0x0000000088f00000, 0x0000000088f00000| Untracked 
| 144|0x0000000089000000, 0x0000000089000000, 0x0000000089100000|  0%| F|  |TAMS 0x0000000089000000, 0x0000000089000000| Untracked 
| 145|0x0000000089100000, 0x0000000089100000, 0x0000000089200000|  0%| F|  |TAMS 0x0000000089100000, 0x0000000089100000| Untracked 
| 146|0x0000000089200000, 0x0000000089200000, 0x0000000089300000|  0%| F|  |TAMS 0x0000000089200000, 0x0000000089200000| Untracked 
| 147|0x0000000089300000, 0x0000000089300000, 0x0000000089400000|  0%| F|  |TAMS 0x0000000089300000, 0x0000000089300000| Untracked 
| 148|0x0000000089400000, 0x0000000089400000, 0x0000000089500000|  0%| F|  |TAMS 0x0000000089400000, 0x0000000089400000| Untracked 
| 149|0x0000000089500000, 0x0000000089500000, 0x0000000089600000|  0%| F|  |TAMS 0x0000000089500000, 0x0000000089500000| Untracked 
| 150|0x0000000089600000, 0x0000000089600000, 0x0000000089700000|  0%| F|  |TAMS 0x0000000089600000, 0x0000000089600000| Untracked 
| 151|0x0000000089700000, 0x0000000089700000, 0x0000000089800000|  0%| F|  |TAMS 0x0000000089700000, 0x0000000089700000| Untracked 
| 152|0x0000000089800000, 0x0000000089800000, 0x0000000089900000|  0%| F|  |TAMS 0x0000000089800000, 0x0000000089800000| Untracked 
| 153|0x0000000089900000, 0x0000000089900000, 0x0000000089a00000|  0%| F|  |TAMS 0x0000000089900000, 0x0000000089900000| Untracked 
| 154|0x0000000089a00000, 0x0000000089a00000, 0x0000000089b00000|  0%| F|  |TAMS 0x0000000089a00000, 0x0000000089a00000| Untracked 
| 155|0x0000000089b00000, 0x0000000089b00000, 0x0000000089c00000|  0%| F|  |TAMS 0x0000000089b00000, 0x0000000089b00000| Untracked 
| 156|0x0000000089c00000, 0x0000000089c00000, 0x0000000089d00000|  0%| F|  |TAMS 0x0000000089c00000, 0x0000000089c00000| Untracked 
| 157|0x0000000089d00000, 0x0000000089d00000, 0x0000000089e00000|  0%| F|  |TAMS 0x0000000089d00000, 0x0000000089d00000| Untracked 
| 158|0x0000000089e00000, 0x0000000089e00000, 0x0000000089f00000|  0%| F|  |TAMS 0x0000000089e00000, 0x0000000089e00000| Untracked 
| 159|0x0000000089f00000, 0x0000000089fe5318, 0x000000008a000000| 89%| E|  |TAMS 0x0000000089f00000, 0x0000000089f00000| Complete 
| 160|0x000000008a000000, 0x000000008a100000, 0x000000008a100000|100%| E|CS|TAMS 0x000000008a000000, 0x000000008a000000| Complete 
| 161|0x000000008a100000, 0x000000008a200000, 0x000000008a200000|100%| E|CS|TAMS 0x000000008a100000, 0x000000008a100000| Complete 

Card table byte_map: [0x000002319ca10000,0x000002319ce10000] _byte_map_base: 0x000002319c610000

Marking Bits (Prev, Next): (CMBitMap*) 0x00000231896a42f0, (CMBitMap*) 0x00000231896a42b8
 Prev Bits: [0x000002319f210000, 0x00000231a1210000)
 Next Bits: [0x000002319d210000, 0x000002319f210000)

Polling page: 0x0000023187c80000

Metaspace:

Usage:
  Non-class:     78.82 MB capacity,    77.52 MB ( 98%) used,     1.08 MB (  1%) free+waste,   227.31 KB ( <1%) overhead. 
      Class:     11.91 MB capacity,    11.23 MB ( 94%) used,   595.41 KB (  5%) free+waste,    99.88 KB ( <1%) overhead. 
       Both:     90.73 MB capacity,    88.75 MB ( 98%) used,     1.66 MB (  2%) free+waste,   327.19 KB ( <1%) overhead. 

Virtual space:
  Non-class space:       80.00 MB reserved,      79.00 MB ( 99%) committed 
      Class space:        1.00 GB reserved,      12.00 MB (  1%) committed 
             Both:        1.08 GB reserved,      91.00 MB (  8%) committed 

Chunk freelists:
   Non-Class:  116.00 KB
       Class:  58.00 KB
        Both:  174.00 KB

MaxMetaspaceSize: 17179869184.00 GB
CompressedClassSpaceSize: 1.00 GB

CodeHeap 'non-profiled nmethods': size=120064Kb used=6933Kb max_used=6933Kb free=113130Kb
 bounds [0x0000023194ab0000, 0x0000023195180000, 0x000002319bff0000]
CodeHeap 'profiled nmethods': size=120000Kb used=24827Kb max_used=24827Kb free=95172Kb
 bounds [0x000002318d580000, 0x000002318edd0000, 0x0000023194ab0000]
CodeHeap 'non-nmethods': size=5696Kb used=2273Kb max_used=2343Kb free=3422Kb
 bounds [0x000002318cff0000, 0x000002318d260000, 0x000002318d580000]
 total_blobs=12306 nmethods=11435 adapters=780
 compilation: enabled
              stopped_count=0, restarted_count=0
 full_count=0

Compilation events (20 events):
Event: 74.940 Thread 0x00000231a3825800 11704       3       java.io.ObjectStreamClass$FieldReflector::setObjFieldValues (259 bytes)
Event: 74.943 Thread 0x00000231a3825800 nmethod 11704 0x000002318edbc990 code [0x000002318edbcda0, 0x000002318edbe5f8]
Event: 74.943 Thread 0x00000231a43cd000 nmethod 11664 0x000002319516e290 code [0x000002319516e440, 0x000002319516e858]
Event: 74.943 Thread 0x00000231a3825800 11706       3       java.io.ObjectInputStream$BlockDataInputStream::skipBlockData (32 bytes)
Event: 74.943 Thread 0x00000231a43cd000 11702       4       kotlin.text.StringsKt__StringsJVMKt::startsWith (37 bytes)
Event: 74.943 Thread 0x00000231a3825800 nmethod 11706 0x000002318edbf010 code [0x000002318edbf200, 0x000002318edbf4f8]
Event: 74.943 Thread 0x00000231a3825800 11705       3       java.io.ObjectInputStream::skipCustomData (105 bytes)
Event: 74.944 Thread 0x00000231a3825800 nmethod 11705 0x000002318edbf610 code [0x000002318edbf8c0, 0x000002318edc0268]
Event: 74.947 Thread 0x00000231a3825800 11707       3       java.util.Formatter$Conversion::isInteger (48 bytes)
Event: 74.947 Thread 0x00000231a3825800 nmethod 11707 0x000002318edc0610 code [0x000002318edc07c0, 0x000002318edc0958]
Event: 74.948 Thread 0x00000231a43cd000 nmethod 11702 0x000002319516e990 code [0x000002319516eb20, 0x000002319516ed58]
Event: 74.949 Thread 0x00000231a43cd000 11661       4       org.gradle.api.internal.changedetection.state.FileTimeStampInspector::timestampCanBeUsedToDetectFileChange (15 bytes)
Event: 74.949 Thread 0x00000231a43cd000 nmethod 11661 0x000002319516ef90 code [0x000002319516f120, 0x000002319516f1b8]
Event: 74.971 Thread 0x00000231a3817800 nmethod 11620 0x000002319516f290 code [0x000002319516f6c0, 0x0000023195173338]
Event: 75.671 Thread 0x00000231a3825800 11708       3       java.util.HashMap$Values::spliterator (16 bytes)
Event: 75.672 Thread 0x00000231a3825800 nmethod 11708 0x000002318edc0a10 code [0x000002318edc0be0, 0x000002318edc0e08]
Event: 75.672 Thread 0x00000231a3825800 11709       3       java.util.HashMap$ValueSpliterator::<init> (12 bytes)
Event: 75.672 Thread 0x00000231a3825800 nmethod 11709 0x000002318edc0f10 code [0x000002318edc10c0, 0x000002318edc12d8]
Event: 77.671 Thread 0x00000231a3817800 11710       4       java.util.Spliterator::getExactSizeIfKnown (25 bytes)
Event: 77.673 Thread 0x00000231a3817800 nmethod 11710 0x0000023195175310 code [0x00000231951754a0, 0x0000023195175558]

GC Heap History (20 events):
Event: 15.970 GC heap before
{Heap before GC invocations=26 (full 0):
 garbage-first heap   total 138240K, used 95648K [0x0000000080000000, 0x0000000100000000)
  region size 1024K, 37 young (37888K), 3 survivors (3072K)
 Metaspace       used 74194K, capacity 75795K, committed 76032K, reserved 1116160K
  class space    used 9688K, capacity 10238K, committed 10240K, reserved 1048576K
}
Event: 15.982 GC heap after
{Heap after GC invocations=27 (full 0):
 garbage-first heap   total 138240K, used 62700K [0x0000000080000000, 0x0000000100000000)
  region size 1024K, 4 young (4096K), 4 survivors (4096K)
 Metaspace       used 74194K, capacity 75795K, committed 76032K, reserved 1116160K
  class space    used 9688K, capacity 10238K, committed 10240K, reserved 1048576K
}
Event: 17.569 GC heap before
{Heap before GC invocations=27 (full 0):
 garbage-first heap   total 138240K, used 98540K [0x0000000080000000, 0x0000000100000000)
  region size 1024K, 39 young (39936K), 4 survivors (4096K)
 Metaspace       used 77790K, capacity 79558K, committed 79616K, reserved 1118208K
  class space    used 10113K, capacity 10722K, committed 10752K, reserved 1048576K
}
Event: 17.587 GC heap after
{Heap after GC invocations=28 (full 0):
 garbage-first heap   total 138240K, used 65652K [0x0000000080000000, 0x0000000100000000)
  region size 1024K, 5 young (5120K), 5 survivors (5120K)
 Metaspace       used 77790K, capacity 79558K, committed 79616K, reserved 1118208K
  class space    used 10113K, capacity 10722K, committed 10752K, reserved 1048576K
}
Event: 20.015 GC heap before
{Heap before GC invocations=28 (full 0):
 garbage-first heap   total 138240K, used 100468K [0x0000000080000000, 0x0000000100000000)
  region size 1024K, 40 young (40960K), 5 survivors (5120K)
 Metaspace       used 78904K, capacity 80651K, committed 80896K, reserved 1120256K
  class space    used 10241K, capacity 10884K, committed 11008K, reserved 1048576K
}
Event: 20.031 GC heap after
{Heap after GC invocations=29 (full 0):
 garbage-first heap   total 138240K, used 68491K [0x0000000080000000, 0x0000000100000000)
  region size 1024K, 4 young (4096K), 4 survivors (4096K)
 Metaspace       used 78904K, capacity 80651K, committed 80896K, reserved 1120256K
  class space    used 10241K, capacity 10884K, committed 11008K, reserved 1048576K
}
Event: 21.026 GC heap before
{Heap before GC invocations=29 (full 0):
 garbage-first heap   total 138240K, used 103307K [0x0000000080000000, 0x0000000100000000)
  region size 1024K, 39 young (39936K), 4 survivors (4096K)
 Metaspace       used 79115K, capacity 80873K, committed 81152K, reserved 1120256K
  class space    used 10245K, capacity 10888K, committed 11008K, reserved 1048576K
}
Event: 21.037 GC heap after
{Heap after GC invocations=30 (full 0):
 garbage-first heap   total 165888K, used 70858K [0x0000000080000000, 0x0000000100000000)
  region size 1024K, 3 young (3072K), 3 survivors (3072K)
 Metaspace       used 79115K, capacity 80873K, committed 81152K, reserved 1120256K
  class space    used 10245K, capacity 10888K, committed 11008K, reserved 1048576K
}
Event: 22.448 GC heap before
{Heap before GC invocations=31 (full 0):
 garbage-first heap   total 165888K, used 116938K [0x0000000080000000, 0x0000000100000000)
  region size 1024K, 49 young (50176K), 3 survivors (3072K)
 Metaspace       used 79522K, capacity 81395K, committed 81664K, reserved 1120256K
  class space    used 10269K, capacity 10935K, committed 11008K, reserved 1048576K
}
Event: 22.460 GC heap after
{Heap after GC invocations=32 (full 0):
 garbage-first heap   total 165888K, used 73806K [0x0000000080000000, 0x0000000100000000)
  region size 1024K, 6 young (6144K), 6 survivors (6144K)
 Metaspace       used 79522K, capacity 81395K, committed 81664K, reserved 1120256K
  class space    used 10269K, capacity 10935K, committed 11008K, reserved 1048576K
}
Event: 23.745 GC heap before
{Heap before GC invocations=32 (full 0):
 garbage-first heap   total 165888K, used 123982K [0x0000000080000000, 0x0000000100000000)
  region size 1024K, 56 young (57344K), 6 survivors (6144K)
 Metaspace       used 81276K, capacity 83171K, committed 83456K, reserved 1122304K
  class space    used 10509K, capacity 11196K, committed 11264K, reserved 1048576K
}
Event: 23.758 GC heap after
{Heap after GC invocations=33 (full 0):
 garbage-first heap   total 165888K, used 76212K [0x0000000080000000, 0x0000000100000000)
  region size 1024K, 6 young (6144K), 6 survivors (6144K)
 Metaspace       used 81276K, capacity 83171K, committed 83456K, reserved 1122304K
  class space    used 10509K, capacity 11196K, committed 11264K, reserved 1048576K
}
Event: 24.662 GC heap before
{Heap before GC invocations=33 (full 0):
 garbage-first heap   total 165888K, used 127412K [0x0000000080000000, 0x0000000100000000)
  region size 1024K, 57 young (58368K), 6 survivors (6144K)
 Metaspace       used 85968K, capacity 87907K, committed 88192K, reserved 1126400K
  class space    used 11099K, capacity 11790K, committed 11904K, reserved 1048576K
}
Event: 24.682 GC heap after
{Heap after GC invocations=34 (full 0):
 garbage-first heap   total 165888K, used 80787K [0x0000000080000000, 0x0000000100000000)
  region size 1024K, 7 young (7168K), 7 survivors (7168K)
 Metaspace       used 85968K, capacity 87907K, committed 88192K, reserved 1126400K
  class space    used 11099K, capacity 11790K, committed 11904K, reserved 1048576K
}
Event: 72.081 GC heap before
{Heap before GC invocations=34 (full 0):
 garbage-first heap   total 165888K, used 130963K [0x0000000080000000, 0x0000000100000000)
  region size 1024K, 57 young (58368K), 7 survivors (7168K)
 Metaspace       used 90369K, capacity 92476K, committed 92672K, reserved 1130496K
  class space    used 11525K, capacity 12241K, committed 12288K, reserved 1048576K
}
Event: 72.096 GC heap after
{Heap after GC invocations=35 (full 0):
 garbage-first heap   total 165888K, used 82896K [0x0000000080000000, 0x0000000100000000)
  region size 1024K, 4 young (4096K), 4 survivors (4096K)
 Metaspace       used 90369K, capacity 92476K, committed 92672K, reserved 1130496K
  class space    used 11525K, capacity 12241K, committed 12288K, reserved 1048576K
}
Event: 73.270 GC heap before
{Heap before GC invocations=35 (full 0):
 garbage-first heap   total 165888K, used 132048K [0x0000000080000000, 0x0000000100000000)
  region size 1024K, 53 young (54272K), 4 survivors (4096K)
 Metaspace       used 90864K, capacity 92941K, committed 93184K, reserved 1130496K
  class space    used 11531K, capacity 12253K, committed 12288K, reserved 1048576K
}
Event: 73.292 GC heap after
{Heap after GC invocations=36 (full 0):
 garbage-first heap   total 165888K, used 86929K [0x0000000080000000, 0x0000000100000000)
  region size 1024K, 7 young (7168K), 7 survivors (7168K)
 Metaspace       used 90864K, capacity 92941K, committed 93184K, reserved 1130496K
  class space    used 11531K, capacity 12253K, committed 12288K, reserved 1048576K
}
Event: 74.819 GC heap before
{Heap before GC invocations=37 (full 0):
 garbage-first heap   total 165888K, used 133009K [0x0000000080000000, 0x0000000100000000)
  region size 1024K, 53 young (54272K), 7 survivors (7168K)
 Metaspace       used 90847K, capacity 92899K, committed 93184K, reserved 1130496K
  class space    used 11498K, capacity 12193K, committed 12288K, reserved 1048576K
}
Event: 74.840 GC heap after
{Heap after GC invocations=38 (full 0):
 garbage-first heap   total 165888K, used 88489K [0x0000000080000000, 0x0000000100000000)
  region size 1024K, 2 young (2048K), 2 survivors (2048K)
 Metaspace       used 90847K, capacity 92899K, committed 93184K, reserved 1130496K
  class space    used 11498K, capacity 12193K, committed 12288K, reserved 1048576K
}

Deoptimization events (20 events):
Event: 74.649 Thread 0x00000231a4e7b000 Uncommon trap: trap_request=0xffffffbe fr.pc=0x0000023195100658 relative=0x0000000000000c38
Event: 74.649 Thread 0x00000231a4e7b000 Uncommon trap: reason=profile_predicate action=maybe_recompile pc=0x0000023195100658 method=com.google.common.collect.ImmutableSet.construct(I[Ljava/lang/Object;)Lcom/google/common/collect/ImmutableSet; @ 68 c2
Event: 74.649 Thread 0x00000231a4e7b000 DEOPT PACKING pc=0x0000023195100658 sp=0x000000aa885f9ce0
Event: 74.649 Thread 0x00000231a4e7b000 DEOPT UNPACKING pc=0x000002318d0174af sp=0x000000aa885f9c70 mode 2
Event: 74.655 Thread 0x00000231a4e7b000 Uncommon trap: trap_request=0xffffffbe fr.pc=0x0000023195100658 relative=0x0000000000000c38
Event: 74.655 Thread 0x00000231a4e7b000 Uncommon trap: reason=profile_predicate action=maybe_recompile pc=0x0000023195100658 method=com.google.common.collect.ImmutableSet.construct(I[Ljava/lang/Object;)Lcom/google/common/collect/ImmutableSet; @ 68 c2
Event: 74.655 Thread 0x00000231a4e7b000 DEOPT PACKING pc=0x0000023195100658 sp=0x000000aa885f89f0
Event: 74.655 Thread 0x00000231a4e7b000 DEOPT UNPACKING pc=0x000002318d0174af sp=0x000000aa885f8980 mode 2
Event: 74.661 Thread 0x00000231a4e7b000 Uncommon trap: trap_request=0xffffffbe fr.pc=0x0000023195100658 relative=0x0000000000000c38
Event: 74.661 Thread 0x00000231a4e7b000 Uncommon trap: reason=profile_predicate action=maybe_recompile pc=0x0000023195100658 method=com.google.common.collect.ImmutableSet.construct(I[Ljava/lang/Object;)Lcom/google/common/collect/ImmutableSet; @ 68 c2
Event: 74.661 Thread 0x00000231a4e7b000 DEOPT PACKING pc=0x0000023195100658 sp=0x000000aa885f8ad0
Event: 74.661 Thread 0x00000231a4e7b000 DEOPT UNPACKING pc=0x000002318d0174af sp=0x000000aa885f8a60 mode 2
Event: 74.668 Thread 0x00000231a8ac1800 Uncommon trap: trap_request=0xffffff4d fr.pc=0x00000231950a79a4 relative=0x00000000000002a4
Event: 74.668 Thread 0x00000231a8ac1800 Uncommon trap: reason=unstable_if action=reinterpret pc=0x00000231950a79a4 method=java.util.concurrent.locks.LockSupport.unpark(Ljava/lang/Thread;)V @ 1 c2
Event: 74.668 Thread 0x00000231a8ac1800 DEOPT PACKING pc=0x00000231950a79a4 sp=0x000000aa92bfdf00
Event: 74.669 Thread 0x00000231a8ac1800 DEOPT UNPACKING pc=0x000002318d0174af sp=0x000000aa92bfdc90 mode 2
Event: 74.915 Thread 0x00000231a4e7b000 Uncommon trap: trap_request=0xfffffff4 fr.pc=0x0000023194e0eda8 relative=0x0000000000000568
Event: 74.915 Thread 0x00000231a4e7b000 Uncommon trap: reason=null_check action=make_not_entrant pc=0x0000023194e0eda8 method=java.lang.ThreadLocal$ThreadLocalMap.expungeStaleEntry(I)I @ 51 c2
Event: 74.915 Thread 0x00000231a4e7b000 DEOPT PACKING pc=0x0000023194e0eda8 sp=0x000000aa885f7a00
Event: 74.915 Thread 0x00000231a4e7b000 DEOPT UNPACKING pc=0x000002318d0174af sp=0x000000aa885f79a0 mode 2

Classes redefined (0 events):
No events

Internal exceptions (20 events):
Event: 74.812 Thread 0x00000231a4e7b000 Exception <a 'sun/nio/fs/WindowsException'{0x00000000874ee288}> (0x00000000874ee288) thrown at [./src/hotspot/share/prims/jni.cpp, line 615]
Event: 74.812 Thread 0x00000231a4e7b000 Exception <a 'sun/nio/fs/WindowsException'{0x00000000874ef6e8}> (0x00000000874ef6e8) thrown at [./src/hotspot/share/prims/jni.cpp, line 615]
Event: 74.812 Thread 0x00000231a4e7b000 Exception <a 'sun/nio/fs/WindowsException'{0x00000000874f17c8}> (0x00000000874f17c8) thrown at [./src/hotspot/share/prims/jni.cpp, line 615]
Event: 74.813 Thread 0x00000231a4e7b000 Exception <a 'sun/nio/fs/WindowsException'{0x00000000874f2c28}> (0x00000000874f2c28) thrown at [./src/hotspot/share/prims/jni.cpp, line 615]
Event: 74.847 Thread 0x00000231a4e7b000 Exception <a 'sun/nio/fs/WindowsException'{0x000000008a1169b0}> (0x000000008a1169b0) thrown at [./src/hotspot/share/prims/jni.cpp, line 615]
Event: 74.847 Thread 0x00000231a4e7b000 Exception <a 'sun/nio/fs/WindowsException'{0x000000008a1180c0}> (0x000000008a1180c0) thrown at [./src/hotspot/share/prims/jni.cpp, line 615]
Event: 74.848 Thread 0x00000231a4e7b000 Exception <a 'sun/nio/fs/WindowsException'{0x000000008a11a950}> (0x000000008a11a950) thrown at [./src/hotspot/share/prims/jni.cpp, line 615]
Event: 74.848 Thread 0x00000231a4e7b000 Exception <a 'sun/nio/fs/WindowsException'{0x000000008a11c060}> (0x000000008a11c060) thrown at [./src/hotspot/share/prims/jni.cpp, line 615]
Event: 74.849 Thread 0x00000231a4e7b000 Exception <a 'sun/nio/fs/WindowsException'{0x000000008a11e8e8}> (0x000000008a11e8e8) thrown at [./src/hotspot/share/prims/jni.cpp, line 615]
Event: 74.849 Thread 0x00000231a4e7b000 Exception <a 'sun/nio/fs/WindowsException'{0x000000008a11fff0}> (0x000000008a11fff0) thrown at [./src/hotspot/share/prims/jni.cpp, line 615]
Event: 74.850 Thread 0x00000231a4e7b000 Exception <a 'sun/nio/fs/WindowsException'{0x000000008a122878}> (0x000000008a122878) thrown at [./src/hotspot/share/prims/jni.cpp, line 615]
Event: 74.850 Thread 0x00000231a4e7b000 Exception <a 'sun/nio/fs/WindowsException'{0x000000008a123f80}> (0x000000008a123f80) thrown at [./src/hotspot/share/prims/jni.cpp, line 615]
Event: 74.851 Thread 0x00000231a4e7b000 Exception <a 'sun/nio/fs/WindowsException'{0x000000008a127b78}> (0x000000008a127b78) thrown at [./src/hotspot/share/prims/jni.cpp, line 615]
Event: 74.851 Thread 0x00000231a4e7b000 Exception <a 'sun/nio/fs/WindowsException'{0x000000008a129280}> (0x000000008a129280) thrown at [./src/hotspot/share/prims/jni.cpp, line 615]
Event: 74.851 Thread 0x00000231a4e7b000 Exception <a 'sun/nio/fs/WindowsException'{0x000000008a12bb38}> (0x000000008a12bb38) thrown at [./src/hotspot/share/prims/jni.cpp, line 615]
Event: 74.852 Thread 0x00000231a4e7b000 Exception <a 'sun/nio/fs/WindowsException'{0x000000008a12d240}> (0x000000008a12d240) thrown at [./src/hotspot/share/prims/jni.cpp, line 615]
Event: 74.915 Thread 0x00000231a4e7b000 Implicit null exception at 0x0000023194e0e8f8 to 0x0000023194e0ed8c
Event: 75.952 Thread 0x00000231a4e7b000 Exception <a 'java/net/ConnectException'{0x0000000089f89068}: Connection refused: connect> (0x0000000089f89068) thrown at [./src/hotspot/share/prims/jni.cpp, line 636]
Event: 76.963 Thread 0x00000231a4e7b000 Exception <a 'java/net/ConnectException'{0x0000000089f8aae0}: Connection refused: connect> (0x0000000089f8aae0) thrown at [./src/hotspot/share/prims/jni.cpp, line 636]
Event: 77.974 Thread 0x00000231a4e7b000 Exception <a 'java/net/ConnectException'{0x0000000089f8c558}: Connection refused: connect> (0x0000000089f8c558) thrown at [./src/hotspot/share/prims/jni.cpp, line 636]

Events (20 events):
Event: 74.860 Executing VM operation: RevokeBias done
Event: 74.912 Executing VM operation: RevokeBias
Event: 74.912 Executing VM operation: RevokeBias done
Event: 74.912 Executing VM operation: RevokeBias
Event: 74.912 Executing VM operation: RevokeBias done
Event: 74.943 Executing VM operation: RevokeBias
Event: 74.943 Executing VM operation: RevokeBias done
Event: 74.945 Executing VM operation: RevokeBias
Event: 74.945 Executing VM operation: RevokeBias done
Event: 74.948 Executing VM operation: RevokeBias
Event: 74.948 Executing VM operation: RevokeBias done
Event: 74.948 Executing VM operation: RevokeBias
Event: 74.948 Executing VM operation: RevokeBias done
Event: 74.948 Executing VM operation: RevokeBias
Event: 74.948 Executing VM operation: RevokeBias done
Event: 74.948 Executing VM operation: RevokeBias
Event: 74.949 Executing VM operation: RevokeBias done
Event: 75.671 Thread 0x00000231a43cd000 Thread exited: 0x00000231a43cd000
Event: 77.983 Thread 0x00000231a883c800 Thread added: 0x00000231a883c800
Event: 78.634 Executing VM operation: RevokeBias


Dynamic libraries:
0x00007ff782aa0000 - 0x00007ff782aaa000 	C:\Program Files\Android\Android Studio\jre\bin\java.exe
0x00007ffdf8530000 - 0x00007ffdf86f1000 	C:\Windows\SYSTEM32\ntdll.dll
0x00007ffdf6c20000 - 0x00007ffdf6ccd000 	C:\Windows\system32\KERNEL32.DLL
0x00007ffdf5440000 - 0x00007ffdf5628000 	C:\Windows\system32\KERNELBASE.dll
0x00007ffde8ea0000 - 0x00007ffde8eb9000 	C:\Program Files\Android\Android Studio\jre\bin\jli.dll
0x00007ffde8450000 - 0x00007ffde8467000 	C:\Program Files\Android\Android Studio\jre\bin\VCRUNTIME140.dll
0x00007ffdf3df0000 - 0x00007ffdf3ee4000 	C:\Windows\SYSTEM32\ucrtbase.dll
0x00007ffdf6140000 - 0x00007ffdf6296000 	C:\Windows\system32\USER32.dll
0x00007ffdec530000 - 0x00007ffdec7a4000 	C:\Windows\WinSxS\amd64_microsoft.windows.common-controls_6595b64144ccf1df_6.0.10586.839_none_a2ddba30a539a2ae\COMCTL32.dll
0x00007ffdf62b0000 - 0x00007ffdf634d000 	C:\Windows\system32\msvcrt.dll
0x00007ffdf63c0000 - 0x00007ffdf6547000 	C:\Windows\system32\GDI32.dll
0x00007ffdf6890000 - 0x00007ffdf6b0e000 	C:\Windows\system32\combase.dll
0x00007ffdf5b90000 - 0x00007ffdf5cad000 	C:\Windows\system32\RPCRT4.dll
0x00007ffdf53d0000 - 0x00007ffdf543a000 	C:\Windows\system32\bcryptPrimitives.dll
0x00007ffdf5b50000 - 0x00007ffdf5b8b000 	C:\Windows\system32\IMM32.DLL
0x00007ffde1980000 - 0x00007ffde1a1d000 	C:\Program Files\Android\Android Studio\jre\bin\msvcp140.dll
0x00007ffdd2050000 - 0x00007ffdd2b0c000 	C:\Program Files\Android\Android Studio\jre\bin\server\jvm.dll
0x00007ffdf67e0000 - 0x00007ffdf6887000 	C:\Windows\system32\ADVAPI32.dll
0x00007ffdf5af0000 - 0x00007ffdf5b4b000 	C:\Windows\system32\sechost.dll
0x00007ffdf6b30000 - 0x00007ffdf6b38000 	C:\Windows\system32\PSAPI.DLL
0x00007ffdec200000 - 0x00007ffdec209000 	C:\Windows\SYSTEM32\WSOCK32.dll
0x00007ffdf2f20000 - 0x00007ffdf2f43000 	C:\Windows\SYSTEM32\WINMM.dll
0x00007ffde6e20000 - 0x00007ffde6e2a000 	C:\Windows\SYSTEM32\VERSION.dll
0x00007ffdf6350000 - 0x00007ffdf63bb000 	C:\Windows\system32\WS2_32.dll
0x00007ffdf2ef0000 - 0x00007ffdf2f1c000 	C:\Windows\SYSTEM32\WINMMBASE.dll
0x00007ffdf5380000 - 0x00007ffdf53c3000 	C:\Windows\system32\cfgmgr32.dll
0x00007ffdf4bd0000 - 0x00007ffdf4bdf000 	C:\Windows\system32\kernel.appcore.dll
0x00007ffdec1e0000 - 0x00007ffdec1f1000 	C:\Program Files\Android\Android Studio\jre\bin\verify.dll
0x00007ffde85f0000 - 0x00007ffde877c000 	C:\Windows\SYSTEM32\DBGHELP.DLL
0x00007ffdf2f80000 - 0x00007ffdf2fa5000 	C:\Windows\SYSTEM32\dbgcore.DLL
0x00007ffdec1b0000 - 0x00007ffdec1d9000 	C:\Program Files\Android\Android Studio\jre\bin\java.dll
0x00007ffdec1a0000 - 0x00007ffdec1ab000 	C:\Program Files\Android\Android Studio\jre\bin\jimage.dll
0x00007ffdec180000 - 0x00007ffdec198000 	C:\Program Files\Android\Android Studio\jre\bin\zip.dll
0x00007ffdf6cd0000 - 0x00007ffdf822c000 	C:\Windows\system32\SHELL32.dll
0x00007ffdf4d30000 - 0x00007ffdf5375000 	C:\Windows\system32\windows.storage.dll
0x00007ffdf5a90000 - 0x00007ffdf5ae2000 	C:\Windows\system32\shlwapi.dll
0x00007ffdf4be0000 - 0x00007ffdf4c95000 	C:\Windows\system32\shcore.dll
0x00007ffdf4b70000 - 0x00007ffdf4bbb000 	C:\Windows\system32\powrprof.dll
0x00007ffdf4b50000 - 0x00007ffdf4b64000 	C:\Windows\system32\profapi.dll
0x00007ffdec160000 - 0x00007ffdec17a000 	C:\Program Files\Android\Android Studio\jre\bin\net.dll
0x00007ffdebf10000 - 0x00007ffdebfd7000 	C:\Windows\SYSTEM32\WINHTTP.dll
0x00007ffdf4480000 - 0x00007ffdf44dc000 	C:\Windows\system32\mswsock.dll
0x00007ffdec140000 - 0x00007ffdec154000 	C:\Program Files\Android\Android Studio\jre\bin\nio.dll
0x00007ffde80b0000 - 0x00007ffde80d6000 	C:\Users\Huzaifa Sammar\.gradle\native\fdc75f09e3144964f2cf3f50f0aa648679c211496f362492102eb8c894070792\windows-amd64\native-platform.dll
0x00007ffdcf2b0000 - 0x00007ffdcf441000 	C:\Users\Huzaifa Sammar\.gradle\native\12488b8bf47d2d4c9fbf2f6322a914ad602e24e48041cd04a747c6da556b65c4\windows-amd64\native-platform-file-events.dll
0x00007ffdec130000 - 0x00007ffdec13a000 	C:\Program Files\Android\Android Studio\jre\bin\management.dll
0x00007ffdec120000 - 0x00007ffdec12c000 	C:\Program Files\Android\Android Studio\jre\bin\management_ext.dll
0x00007ffdf4530000 - 0x00007ffdf4547000 	C:\Windows\SYSTEM32\CRYPTSP.dll
0x00007ffdf41c0000 - 0x00007ffdf41f4000 	C:\Windows\system32\rsaenh.dll
0x00007ffdf4750000 - 0x00007ffdf4779000 	C:\Windows\SYSTEM32\bcrypt.dll
0x00007ffdf4310000 - 0x00007ffdf432f000 	C:\Windows\SYSTEM32\USERENV.dll
0x00007ffdf4650000 - 0x00007ffdf465b000 	C:\Windows\SYSTEM32\CRYPTBASE.dll
0x00007ffdec7c0000 - 0x00007ffdec7f8000 	C:\Windows\SYSTEM32\IPHLPAPI.DLL
0x00007ffdf62a0000 - 0x00007ffdf62a8000 	C:\Windows\system32\NSI.dll
0x00007ffdeb5c0000 - 0x00007ffdeb5d6000 	C:\Windows\SYSTEM32\dhcpcsvc6.DLL
0x00007ffdeb700000 - 0x00007ffdeb71a000 	C:\Windows\SYSTEM32\dhcpcsvc.DLL
0x00007ffdeb7d0000 - 0x00007ffdeb7db000 	C:\Windows\SYSTEM32\WINNSI.DLL
0x00007ffde8ed0000 - 0x00007ffde8eee000 	C:\Users\Huzaifa Sammar\AppData\Local\Temp\native-platform3279180685801735647dir\native-platform.dll

dbghelp: loaded successfully - version: 4.0.5 - missing functions: none
symbol engine: initialized successfully - sym options: 0x614 - pdb path: .;C:\Program Files\Android\Android Studio\jre\bin;C:\Windows\SYSTEM32;C:\Windows\WinSxS\amd64_microsoft.windows.common-controls_6595b64144ccf1df_6.0.10586.839_none_a2ddba30a539a2ae;C:\Program Files\Android\Android Studio\jre\bin\server;C:\Users\Huzaifa Sammar\.gradle\native\fdc75f09e3144964f2cf3f50f0aa648679c211496f362492102eb8c894070792\windows-amd64;C:\Users\Huzaifa Sammar\.gradle\native\12488b8bf47d2d4c9fbf2f6322a914ad602e24e48041cd04a747c6da556b65c4\windows-amd64;C:\Users\Huzaifa Sammar\AppData\Local\Temp\native-platform3279180685801735647dir

VM Arguments:
jvm_args: --add-opens=java.base/java.util=ALL-UNNAMED --add-opens=java.base/java.lang=ALL-UNNAMED --add-opens=java.base/java.lang.invoke=ALL-UNNAMED --add-opens=java.prefs/java.util.prefs=ALL-UNNAMED -Xmx2048m -Dfile.encoding=UTF-8 -Duser.country=US -Duser.language=en -Duser.variant 
java_command: org.gradle.launcher.daemon.bootstrap.GradleDaemon 6.7.1
java_class_path (initial): C:\Users\Huzaifa Sammar\.gradle\wrapper\dists\gradle-6.7.1-bin\bwlcbys1h7rz3272sye1xwiv6\gradle-6.7.1\lib\gradle-launcher-6.7.1.jar
Launcher Type: SUN_STANDARD

[Global flags]
     intx CICompilerCount                          = 3                                         {product} {ergonomic}
     uint ConcGCThreads                            = 1                                         {product} {ergonomic}
     uint G1ConcRefinementThreads                  = 4                                         {product} {ergonomic}
   size_t G1HeapRegionSize                         = 1048576                                   {product} {ergonomic}
    uintx GCDrainStackTargetSize                   = 64                                        {product} {ergonomic}
   size_t InitialHeapSize                          = 67108864                                  {product} {ergonomic}
   size_t MarkStackSize                            = 4194304                                   {product} {ergonomic}
   size_t MaxHeapSize                              = 2147483648                                {product} {command line}
   size_t MaxNewSize                               = 1287651328                                {product} {ergonomic}
   size_t MinHeapDeltaBytes                        = 1048576                                   {product} {ergonomic}
    uintx NonNMethodCodeHeapSize                   = 5830732                                {pd product} {ergonomic}
    uintx NonProfiledCodeHeapSize                  = 122913754                              {pd product} {ergonomic}
    uintx ProfiledCodeHeapSize                     = 122913754                              {pd product} {ergonomic}
    uintx ReservedCodeCacheSize                    = 251658240                              {pd product} {ergonomic}
     bool SegmentedCodeCache                       = true                                      {product} {ergonomic}
     bool UseCompressedClassPointers               = true                                 {lp64_product} {ergonomic}
     bool UseCompressedOops                        = true                                 {lp64_product} {ergonomic}
     bool UseG1GC                                  = true                                      {product} {ergonomic}
     bool UseLargePagesIndividualAllocation        = false                                  {pd product} {ergonomic}

Logging:
Log output configuration:
 #0: stdout all=warning uptime,level,tags
 #1: stderr all=off uptime,level,tags

Environment Variables:
JAVA_HOME=C:\Program Files\Java\jdk-12.0.2
PATH=C:\Users\Huzaifa Sammar\flutter/bin;C:\Program Files\Git\bin\git.exe;C:\Windows\System32;C:\Program Files\Git\cmd;C:\Windows\System32\Windows;C:\Windows\System32\WindowsPowerShell\v1.0;C:\Users\Huzaifa Sammar\AppData\Local\Android\Sdk;C:\Program Files\Java\jdk-12.0.2\bin;C:\Program Files (x86)\Java\jre1.8.0_171\bin;C:\Users\Huzaifa Sammar\dart-sdk\bin;C:\Users\Huzaifa Sammar\AppData\Local\Programs\Python\Python38;C:\Users\Huzaifa Sammar\AppData\Local\Programs\Python\Python38\Scripts
USERNAME=Huzaifa Sammar
OS=Windows_NT
PROCESSOR_IDENTIFIER=Intel64 Family 6 Model 69 Stepping 1, GenuineIntel



---------------  S Y S T E M  ---------------

OS: Windows 10 , 64 bit Build 10586 (10.0.10586.589)
OS uptime: 0 days 2:49 hours

CPU:total 4 (initial active 4) (2 cores per cpu, 2 threads per core) family 6 model 69 stepping 1, cmov, cx8, fxsr, mmx, sse, sse2, sse3, ssse3, sse4.1, sse4.2, popcnt, avx, avx2, aes, clmul, erms, lzcnt, ht, tsc, tscinvbit, bmi1, bmi2, fma

Memory: 4k page, system-wide physical 4001M (513M free)
TotalPageFile size 6688M (AvailPageFile size 153M)
current process WorkingSet (physical memory assigned to process): 391M, peak: 430M
current process commit charge ("private bytes"): 422M, peak: 458M

vm_info: OpenJDK 64-Bit Server VM (11.0.8+10-b944.6842174) for windows-amd64 JRE (11.0.8+10-b944.6842174), built on Sep 19 2020 01:11:42 by "builder" with MS VC++ 14.0 (VS2015)

END.
