#
# There is insufficient memory for the Java Runtime Environment to continue.
# Native memory allocation (mmap) failed to map 144703488 bytes for Failed to commit area from 0x0000000091700000 to 0x000000009a100000 of length 144703488.
# Possible reasons:
#   The system is out of physical RAM or swap space
#   The process is running with CompressedOops enabled, and the Java Heap may be blocking the growth of the native heap
# Possible solutions:
#   Reduce memory load on the system
#   Increase physical memory or swap space
#   Check if swap backing store is full
#   Decrease Java heap size (-Xmx/-Xms)
#   Decrease number of Java threads
#   Decrease Java thread stack sizes (-Xss)
#   Set larger code cache with -XX:ReservedCodeCacheSize=
#   JVM is running with Unscaled Compressed Oops mode in which the Java heap is
#     placed in the first 4GB address space. The Java Heap base address is the
#     maximum limit for the native heap growth. Please use -XX:HeapBaseMinAddress
#     to set the Java Heap base and to place the Java Heap above 4GB virtual address.
# This output file may be truncated or incomplete.
#
#  Out of Memory Error (./src/hotspot/os/windows/os_windows.cpp:3303), pid=4636, tid=7696
#
# JRE version: OpenJDK Runtime Environment (11.0.8+10) (build 11.0.8+10-b944.6842174)
# Java VM: OpenJDK 64-Bit Server VM (11.0.8+10-b944.6842174, mixed mode, tiered, compressed oops, g1 gc, windows-amd64)
# No core dump will be written. Minidumps are not enabled by default on client versions of Windows
#

---------------  S U M M A R Y ------------

Command Line: --add-opens=java.base/java.util=ALL-UNNAMED --add-opens=java.base/java.lang=ALL-UNNAMED --add-opens=java.base/java.lang.invoke=ALL-UNNAMED --add-opens=java.prefs/java.util.prefs=ALL-UNNAMED -Xmx2048m -Dfile.encoding=UTF-8 -Duser.country=US -Duser.language=en -Duser.variant org.gradle.launcher.daemon.bootstrap.GradleDaemon 6.7.1

Host: Intel(R) Core(TM) i5-4310U CPU @ 2.00GHz, 4 cores, 3G,  Windows 10 , 64 bit Build 10586 (10.0.10586.589)
Time: Wed Nov 24 16:59:03 2021 Pakistan Standard Time elapsed time: 35 seconds (0d 0h 0m 35s)

---------------  T H R E A D  ---------------

Current thread (0x0000024ba7c67800):  VMThread "VM Thread" [stack: 0x000000a3d9b00000,0x000000a3d9c00000] [id=7696]

Stack: [0x000000a3d9b00000,0x000000a3d9c00000]
[error occurred during error reporting (printing stack bounds), id 0xc0000005, EXCEPTION_ACCESS_VIOLATION (0xc0000005) at pc=0x0000024b91440dad]

Native frames: (J=compiled Java code, j=interpreted, Vv=VM code, C=native code)
V  [jvm.dll+0x5de50a]
V  [jvm.dll+0x7122f5]
V  [jvm.dll+0x71384d]
V  [jvm.dll+0x713e65]
V  [jvm.dll+0x713e1b]
V  [jvm.dll+0x5dd958]
V  [jvm.dll+0x5de0f8]
C  [ntdll.dll+0xa9aed]
C  [ntdll.dll+0x34fe9]
C  [ntdll.dll+0xa8bfa]
C  0x0000024b91440dad

VM_Operation (0x000000a3e45fd230): G1CollectForAllocation, mode: safepoint, requested by thread 0x0000024bb1a35000


---------------  P R O C E S S  ---------------

Threads class SMR info:
_java_thread_list=0x0000024bac7edd40, length=171, elements={
0x0000024b8da91000, 0x0000024ba7cb1800, 0x0000024ba7cb4800, 0x0000024ba7ccc000,
0x0000024ba7ccd000, 0x0000024ba7ccd800, 0x0000024ba7cda000, 0x0000024ba7cde800,
0x0000024ba8727800, 0x0000024ba87df800, 0x0000024baaac4800, 0x0000024ba9182800,
0x0000024baa103000, 0x0000024ba9bc4000, 0x0000024ba9ea2800, 0x0000024ba92cb000,
0x0000024baa079000, 0x0000024ba9cf8800, 0x0000024ba9de3800, 0x0000024ba9d38000,
0x0000024baa4c3800, 0x0000024baa4c2000, 0x0000024baa4c3000, 0x0000024baa4c4800,
0x0000024baa4c5800, 0x0000024baa4c0800, 0x0000024baa4c6000, 0x0000024baa4c7000,
0x0000024baa4c1000, 0x0000024bad322000, 0x0000024bad325800, 0x0000024bad326000,
0x0000024bad320800, 0x0000024bad327000, 0x0000024bad321800, 0x0000024bad328000,
0x0000024bad328800, 0x0000024bad323800, 0x0000024bad323000, 0x0000024bad32d800,
0x0000024bad32f000, 0x0000024bad329800, 0x0000024bad32a800, 0x0000024bad32b000,
0x0000024bad32c000, 0x0000024bad32c800, 0x0000024bad32e800, 0x0000024bacdb0000,
0x0000024bacdae000, 0x0000024bacdb1800, 0x0000024bacdb0800, 0x0000024bacdb4000,
0x0000024bacdaf000, 0x0000024bacdb4800, 0x0000024bacdb6800, 0x0000024bacdb5800,
0x0000024bacdb7000, 0x0000024bacdb8000, 0x0000024bacdb3000, 0x0000024bacdb2000,
0x0000024bacdb9800, 0x0000024bacdb8800, 0x0000024bacdba800, 0x0000024bacdbb000,
0x0000024bacdbc000, 0x0000024bacdbd000, 0x0000024bacc61800, 0x0000024bacc63800,
0x0000024bacc62800, 0x0000024bacc64000, 0x0000024bacc5f800, 0x0000024bacc65000,
0x0000024bacc66000, 0x0000024bacc61000, 0x0000024bacc60000, 0x0000024bacc69000,
0x0000024bacc6a800, 0x0000024bacc6b800, 0x0000024bacc68800, 0x0000024bacc6c800,
0x0000024bacc66800, 0x0000024bacc6a000, 0x0000024bacc6d000, 0x0000024bacc67800,
0x0000024bacc6e000, 0x0000024bac9ed800, 0x0000024bac9ed000, 0x0000024bac9e8000,
0x0000024bac9eb000, 0x0000024bac9ec000, 0x0000024bac9ee800, 0x0000024bac9e9000,
0x0000024bac9ef800, 0x0000024bac9e9800, 0x0000024bac9f0000, 0x0000024bac9ea800,
0x0000024bac9f1800, 0x0000024bac9f2800, 0x0000024bac9f3800, 0x0000024bac9f4000,
0x0000024bac9f5000, 0x0000024bac9f6800, 0x0000024bac9f6000, 0x0000024bac9f1000,
0x0000024bae722800, 0x0000024bae724800, 0x0000024bae725000, 0x0000024bae726000,
0x0000024bae722000, 0x0000024bae720800, 0x0000024bae721000, 0x0000024bae729800,
0x0000024bae727000, 0x0000024bae727800, 0x0000024bae723800, 0x0000024bae72b800,
0x0000024bae728800, 0x0000024bae72c800, 0x0000024bae72e000, 0x0000024bae72f000,
0x0000024bae72a000, 0x0000024bae72b000, 0x0000024bae72d800, 0x0000024baad85800,
0x0000024baad87000, 0x0000024baad83000, 0x0000024baad87800, 0x0000024baad82000,
0x0000024baad84800, 0x0000024baad86000, 0x0000024baad88800, 0x0000024baad83800,
0x0000024baad8d800, 0x0000024baad8f000, 0x0000024baad8e800, 0x0000024baad8c000,
0x0000024baad89800, 0x0000024baad8a000, 0x0000024baad90000, 0x0000024baad90800,
0x0000024baad8b000, 0x0000024baad8c800, 0x0000024baee04000, 0x0000024baee03800,
0x0000024baee02800, 0x0000024baee08000, 0x0000024baee09000, 0x0000024baee0a000,
0x0000024baee0a800, 0x0000024baee05000, 0x0000024baee0b800, 0x0000024ba89f8000,
0x0000024baee06800, 0x0000024baee0c800, 0x0000024baee0d000, 0x0000024baee07800,
0x0000024baee0e000, 0x0000024baee0f800, 0x0000024baee10800, 0x0000024baee0e800,
0x0000024baee11000, 0x0000024bb1a35000, 0x0000024bb1a32000, 0x0000024bb1a34800,
0x0000024bb1a36000, 0x0000024bb1a32800, 0x0000024bb1a30800, 0x0000024bb1a37000,
0x0000024bb1a31000, 0x0000024bb1a33800, 0x0000024bb1a3b000
}

Java Threads: ( => current thread )
  0x0000024b8da91000 JavaThread "main" [_thread_blocked, id=3852, stack(0x000000a3d9500000,0x000000a3d9600000)]
  0x0000024ba7cb1800 JavaThread "Reference Handler" daemon [_thread_blocked, id=4240, stack(0x000000a3d9c00000,0x000000a3d9d00000)]
  0x0000024ba7cb4800 JavaThread "Finalizer" daemon [_thread_blocked, id=7596, stack(0x000000a3d9d00000,0x000000a3d9e00000)]
  0x0000024ba7ccc000 JavaThread "Signal Dispatcher" daemon [_thread_blocked, id=4316, stack(0x000000a3d9e00000,0x000000a3d9f00000)]
  0x0000024ba7ccd000 JavaThread "Attach Listener" daemon [_thread_blocked, id=7628, stack(0x000000a3d9f00000,0x000000a3da000000)]
  0x0000024ba7ccd800 JavaThread "C2 CompilerThread0" daemon [_thread_in_native, id=2064, stack(0x000000a3da000000,0x000000a3da100000)]
  0x0000024ba7cda000 JavaThread "C1 CompilerThread0" daemon [_thread_blocked, id=216, stack(0x000000a3da100000,0x000000a3da200000)]
  0x0000024ba7cde800 JavaThread "Sweeper thread" daemon [_thread_blocked, id=7640, stack(0x000000a3da200000,0x000000a3da300000)]
  0x0000024ba8727800 JavaThread "Common-Cleaner" daemon [_thread_blocked, id=4856, stack(0x000000a3da300000,0x000000a3da400000)]
  0x0000024ba87df800 JavaThread "Service Thread" daemon [_thread_blocked, id=4136, stack(0x000000a3da400000,0x000000a3da500000)]
  0x0000024baaac4800 JavaThread "Daemon health stats" [_thread_blocked, id=884, stack(0x000000a3da800000,0x000000a3da900000)]
  0x0000024ba9182800 JavaThread "Incoming local TCP Connector on port 56569" [_thread_in_native, id=8052, stack(0x000000a3dad00000,0x000000a3dae00000)]
  0x0000024baa103000 JavaThread "Daemon periodic checks" [_thread_blocked, id=3672, stack(0x000000a3dae00000,0x000000a3daf00000)]
  0x0000024ba9bc4000 JavaThread "Daemon" [_thread_blocked, id=3768, stack(0x000000a3daf00000,0x000000a3db000000)]
  0x0000024ba9ea2800 JavaThread "Handler for socket connection from /127.0.0.1:56569 to /127.0.0.1:56570" [_thread_in_native, id=4524, stack(0x000000a3db000000,0x000000a3db100000)]
  0x0000024ba92cb000 JavaThread "Cancel handler" [_thread_blocked, id=6864, stack(0x000000a3db200000,0x000000a3db300000)]
  0x0000024baa079000 JavaThread "Daemon worker" [_thread_blocked, id=7288, stack(0x000000a3db300000,0x000000a3db400000)]
  0x0000024ba9cf8800 JavaThread "Asynchronous log dispatcher for DefaultDaemonConnection: socket connection from /127.0.0.1:56569 to /127.0.0.1:56570" [_thread_blocked, id=6988, stack(0x000000a3db400000,0x000000a3db500000)]
  0x0000024ba9de3800 JavaThread "Stdin handler" [_thread_blocked, id=3376, stack(0x000000a3db500000,0x000000a3db600000)]
  0x0000024ba9d38000 JavaThread "Thread-8" [_thread_blocked, id=6124, stack(0x000000a3db600000,0x000000a3db700000)]
  0x0000024baa4c3800 JavaThread "Cache worker for file hash cache (C:\Users\Huzaifa Sammar\.gradle\caches\6.7.1\fileHashes)" [_thread_blocked, id=6916, stack(0x000000a3db700000,0x000000a3db800000)]
  0x0000024baa4c2000 JavaThread "File lock request listener" [_thread_in_native, id=3124, stack(0x000000a3db800000,0x000000a3db900000)]
  0x0000024baa4c3000 JavaThread "Cache worker for journal cache (C:\Users\Huzaifa Sammar\.gradle\caches\journal-1)" [_thread_blocked, id=212, stack(0x000000a3db900000,0x000000a3dba00000)]
  0x0000024baa4c4800 JavaThread "Cache worker for file hash cache (C:\Users\Huzaifa Sammar\AndroidStudioProjects\RoadSideAssistance\.gradle\6.7.1\fileHashes)" [_thread_blocked, id=1340, stack(0x000000a3dbb00000,0x000000a3dbc00000)]
  0x0000024baa4c5800 JavaThread "Cache worker for checksums cache (C:\Users\Huzaifa Sammar\AndroidStudioProjects\RoadSideAssistance\.gradle\checksums)" [_thread_blocked, id=988, stack(0x000000a3dbc00000,0x000000a3dbd00000)]
  0x0000024baa4c0800 JavaThread "Cache worker for cache directory md-supplier (C:\Users\Huzaifa Sammar\.gradle\caches\6.7.1\md-supplier)" [_thread_blocked, id=6336, stack(0x000000a3dbd00000,0x000000a3dbe00000)]
  0x0000024baa4c6000 JavaThread "Cache worker for cache directory md-rule (C:\Users\Huzaifa Sammar\.gradle\caches\6.7.1\md-rule)" [_thread_blocked, id=3040, stack(0x000000a3dbe00000,0x000000a3dbf00000)]
  0x0000024baa4c7000 JavaThread "Cache worker for execution history cache (C:\Users\Huzaifa Sammar\.gradle\caches\6.7.1\executionHistory)" [_thread_blocked, id=6660, stack(0x000000a3dbf00000,0x000000a3dc000000)]
  0x0000024baa4c1000 JavaThread "jar transforms" [_thread_blocked, id=7676, stack(0x000000a3dc000000,0x000000a3dc100000)]
  0x0000024bad322000 JavaThread "Cache worker for file content cache (C:\Users\Huzaifa Sammar\.gradle\caches\6.7.1\fileContent)" [_thread_blocked, id=772, stack(0x000000a3dc100000,0x000000a3dc200000)]
  0x0000024bad325800 JavaThread "Cache worker for Build Output Cleanup Cache (C:\Users\Huzaifa Sammar\AndroidStudioProjects\RoadSideAssistance\.gradle\buildOutputCleanup)" [_thread_blocked, id=2576, stack(0x000000a3dc200000,0x000000a3dc300000)]
  0x0000024bad326000 JavaThread "Build operations" [_thread_blocked, id=6756, stack(0x000000a3dc300000,0x000000a3dc400000)]
  0x0000024bad320800 JavaThread "Build operations Thread 2" [_thread_blocked, id=7336, stack(0x000000a3dc400000,0x000000a3dc500000)]
  0x0000024bad327000 JavaThread "Build operations Thread 3" [_thread_blocked, id=296, stack(0x000000a3dc500000,0x000000a3dc600000)]
  0x0000024bad321800 JavaThread "Build operations Thread 4" [_thread_blocked, id=5252, stack(0x000000a3dc600000,0x000000a3dc700000)]
  0x0000024bad328000 JavaThread "jar transforms Thread 2" [_thread_blocked, id=2360, stack(0x000000a3dc700000,0x000000a3dc800000)]
  0x0000024bad328800 JavaThread "jar transforms Thread 3" [_thread_blocked, id=3876, stack(0x000000a3dc800000,0x000000a3dc900000)]
  0x0000024bad323800 JavaThread "jar transforms Thread 4" [_thread_blocked, id=4664, stack(0x000000a3dc900000,0x000000a3dca00000)]
  0x0000024bad323000 JavaThread "jar transforms Thread 5" [_thread_blocked, id=4276, stack(0x000000a3dca00000,0x000000a3dcb00000)]
  0x0000024bad32d800 JavaThread "jar transforms Thread 6" [_thread_blocked, id=7176, stack(0x000000a3dcb00000,0x000000a3dcc00000)]
  0x0000024bad32f000 JavaThread "jar transforms Thread 7" [_thread_blocked, id=2400, stack(0x000000a3dcc00000,0x000000a3dcd00000)]
  0x0000024bad329800 JavaThread "jar transforms Thread 8" [_thread_blocked, id=1744, stack(0x000000a3dcd00000,0x000000a3dce00000)]
  0x0000024bad32a800 JavaThread "jar transforms Thread 9" [_thread_blocked, id=6812, stack(0x000000a3dce00000,0x000000a3dcf00000)]
  0x0000024bad32b000 JavaThread "jar transforms Thread 10" [_thread_blocked, id=5452, stack(0x000000a3dcf00000,0x000000a3dd000000)]
  0x0000024bad32c000 JavaThread "jar transforms Thread 11" [_thread_blocked, id=3736, stack(0x000000a3dd000000,0x000000a3dd100000)]
  0x0000024bad32c800 JavaThread "jar transforms Thread 12" [_thread_blocked, id=1088, stack(0x000000a3dd100000,0x000000a3dd200000)]
  0x0000024bad32e800 JavaThread "jar transforms Thread 13" [_thread_blocked, id=3940, stack(0x000000a3dd200000,0x000000a3dd300000)]
  0x0000024bacdb0000 JavaThread "jar transforms Thread 14" [_thread_blocked, id=6636, stack(0x000000a3dd300000,0x000000a3dd400000)]
  0x0000024bacdae000 JavaThread "jar transforms Thread 15" [_thread_blocked, id=7564, stack(0x000000a3dd400000,0x000000a3dd500000)]
  0x0000024bacdb1800 JavaThread "jar transforms Thread 16" [_thread_blocked, id=5384, stack(0x000000a3dd500000,0x000000a3dd600000)]
  0x0000024bacdb0800 JavaThread "jar transforms Thread 17" [_thread_blocked, id=4212, stack(0x000000a3dd600000,0x000000a3dd700000)]
  0x0000024bacdb4000 JavaThread "jar transforms Thread 18" [_thread_blocked, id=5200, stack(0x000000a3dd700000,0x000000a3dd800000)]
  0x0000024bacdaf000 JavaThread "jar transforms Thread 19" [_thread_blocked, id=7944, stack(0x000000a3dd800000,0x000000a3dd900000)]
  0x0000024bacdb4800 JavaThread "jar transforms Thread 20" [_thread_blocked, id=7632, stack(0x000000a3dd900000,0x000000a3dda00000)]
  0x0000024bacdb6800 JavaThread "jar transforms Thread 21" [_thread_blocked, id=7724, stack(0x000000a3dda00000,0x000000a3ddb00000)]
  0x0000024bacdb5800 JavaThread "jar transforms Thread 22" [_thread_blocked, id=1544, stack(0x000000a3ddb00000,0x000000a3ddc00000)]
  0x0000024bacdb7000 JavaThread "jar transforms Thread 23" [_thread_blocked, id=7928, stack(0x000000a3ddc00000,0x000000a3ddd00000)]
  0x0000024bacdb8000 JavaThread "jar transforms Thread 24" [_thread_blocked, id=5744, stack(0x000000a3ddd00000,0x000000a3dde00000)]
  0x0000024bacdb3000 JavaThread "jar transforms Thread 25" [_thread_blocked, id=2080, stack(0x000000a3dde00000,0x000000a3ddf00000)]
  0x0000024bacdb2000 JavaThread "jar transforms Thread 26" [_thread_blocked, id=6260, stack(0x000000a3ddf00000,0x000000a3de000000)]
  0x0000024bacdb9800 JavaThread "jar transforms Thread 27" [_thread_blocked, id=360, stack(0x000000a3de000000,0x000000a3de100000)]
  0x0000024bacdb8800 JavaThread "jar transforms Thread 28" [_thread_blocked, id=2060, stack(0x000000a3de100000,0x000000a3de200000)]
  0x0000024bacdba800 JavaThread "jar transforms Thread 29" [_thread_blocked, id=6428, stack(0x000000a3de200000,0x000000a3de300000)]
  0x0000024bacdbb000 JavaThread "jar transforms Thread 30" [_thread_blocked, id=6928, stack(0x000000a3de300000,0x000000a3de400000)]
  0x0000024bacdbc000 JavaThread "jar transforms Thread 31" [_thread_blocked, id=3716, stack(0x000000a3de400000,0x000000a3de500000)]
  0x0000024bacdbd000 JavaThread "jar transforms Thread 32" [_thread_blocked, id=6152, stack(0x000000a3de500000,0x000000a3de600000)]
  0x0000024bacc61800 JavaThread "jar transforms Thread 33" [_thread_blocked, id=3728, stack(0x000000a3de600000,0x000000a3de700000)]
  0x0000024bacc63800 JavaThread "jar transforms Thread 34" [_thread_blocked, id=1356, stack(0x000000a3de700000,0x000000a3de800000)]
  0x0000024bacc62800 JavaThread "jar transforms Thread 35" [_thread_blocked, id=4828, stack(0x000000a3de800000,0x000000a3de900000)]
  0x0000024bacc64000 JavaThread "jar transforms Thread 36" [_thread_blocked, id=516, stack(0x000000a3de900000,0x000000a3dea00000)]
  0x0000024bacc5f800 JavaThread "jar transforms Thread 37" [_thread_blocked, id=7292, stack(0x000000a3dea00000,0x000000a3deb00000)]
  0x0000024bacc65000 JavaThread "jar transforms Thread 38" [_thread_blocked, id=6084, stack(0x000000a3deb00000,0x000000a3dec00000)]
  0x0000024bacc66000 JavaThread "jar transforms Thread 39" [_thread_blocked, id=3824, stack(0x000000a3dec00000,0x000000a3ded00000)]
  0x0000024bacc61000 JavaThread "jar transforms Thread 40" [_thread_blocked, id=6872, stack(0x000000a3ded00000,0x000000a3dee00000)]
  0x0000024bacc60000 JavaThread "jar transforms Thread 41" [_thread_blocked, id=1660, stack(0x000000a3dee00000,0x000000a3def00000)]
  0x0000024bacc69000 JavaThread "jar transforms Thread 42" [_thread_blocked, id=5964, stack(0x000000a3def00000,0x000000a3df000000)]
  0x0000024bacc6a800 JavaThread "jar transforms Thread 43" [_thread_blocked, id=1968, stack(0x000000a3df000000,0x000000a3df100000)]
  0x0000024bacc6b800 JavaThread "jar transforms Thread 44" [_thread_blocked, id=7240, stack(0x000000a3df100000,0x000000a3df200000)]
  0x0000024bacc68800 JavaThread "jar transforms Thread 45" [_thread_blocked, id=7380, stack(0x000000a3df200000,0x000000a3df300000)]
  0x0000024bacc6c800 JavaThread "jar transforms Thread 46" [_thread_blocked, id=7576, stack(0x000000a3df300000,0x000000a3df400000)]
  0x0000024bacc66800 JavaThread "jar transforms Thread 47" [_thread_blocked, id=6064, stack(0x000000a3df400000,0x000000a3df500000)]
  0x0000024bacc6a000 JavaThread "jar transforms Thread 48" [_thread_blocked, id=2956, stack(0x000000a3df500000,0x000000a3df600000)]
  0x0000024bacc6d000 JavaThread "jar transforms Thread 49" [_thread_blocked, id=756, stack(0x000000a3df600000,0x000000a3df700000)]
  0x0000024bacc67800 JavaThread "jar transforms Thread 50" [_thread_blocked, id=5356, stack(0x000000a3df700000,0x000000a3df800000)]
  0x0000024bacc6e000 JavaThread "jar transforms Thread 51" [_thread_blocked, id=6436, stack(0x000000a3df800000,0x000000a3df900000)]
  0x0000024bac9ed800 JavaThread "jar transforms Thread 52" [_thread_blocked, id=1456, stack(0x000000a3df900000,0x000000a3dfa00000)]
  0x0000024bac9ed000 JavaThread "jar transforms Thread 53" [_thread_blocked, id=3692, stack(0x000000a3dfa00000,0x000000a3dfb00000)]
  0x0000024bac9e8000 JavaThread "jar transforms Thread 54" [_thread_blocked, id=6376, stack(0x000000a3dfb00000,0x000000a3dfc00000)]
  0x0000024bac9eb000 JavaThread "jar transforms Thread 55" [_thread_blocked, id=3328, stack(0x000000a3dfc00000,0x000000a3dfd00000)]
  0x0000024bac9ec000 JavaThread "jar transforms Thread 56" [_thread_blocked, id=6472, stack(0x000000a3dfd00000,0x000000a3dfe00000)]
  0x0000024bac9ee800 JavaThread "jar transforms Thread 57" [_thread_blocked, id=2220, stack(0x000000a3dfe00000,0x000000a3dff00000)]
  0x0000024bac9e9000 JavaThread "jar transforms Thread 58" [_thread_blocked, id=5004, stack(0x000000a3dff00000,0x000000a3e0000000)]
  0x0000024bac9ef800 JavaThread "jar transforms Thread 59" [_thread_blocked, id=1764, stack(0x000000a3e0000000,0x000000a3e0100000)]
  0x0000024bac9e9800 JavaThread "jar transforms Thread 60" [_thread_blocked, id=972, stack(0x000000a3e0100000,0x000000a3e0200000)]
  0x0000024bac9f0000 JavaThread "jar transforms Thread 61" [_thread_blocked, id=2520, stack(0x000000a3e0200000,0x000000a3e0300000)]
  0x0000024bac9ea800 JavaThread "jar transforms Thread 62" [_thread_blocked, id=3964, stack(0x000000a3e0300000,0x000000a3e0400000)]
  0x0000024bac9f1800 JavaThread "jar transforms Thread 63" [_thread_blocked, id=3664, stack(0x000000a3e0400000,0x000000a3e0500000)]
  0x0000024bac9f2800 JavaThread "jar transforms Thread 64" [_thread_blocked, id=1752, stack(0x000000a3e0500000,0x000000a3e0600000)]
  0x0000024bac9f3800 JavaThread "jar transforms Thread 65" [_thread_blocked, id=4116, stack(0x000000a3e0600000,0x000000a3e0700000)]
  0x0000024bac9f4000 JavaThread "jar transforms Thread 66" [_thread_blocked, id=6160, stack(0x000000a3e0700000,0x000000a3e0800000)]
  0x0000024bac9f5000 JavaThread "jar transforms Thread 67" [_thread_blocked, id=2644, stack(0x000000a3e0800000,0x000000a3e0900000)]
  0x0000024bac9f6800 JavaThread "jar transforms Thread 68" [_thread_blocked, id=7092, stack(0x000000a3e0900000,0x000000a3e0a00000)]
  0x0000024bac9f6000 JavaThread "jar transforms Thread 69" [_thread_blocked, id=7052, stack(0x000000a3e0a00000,0x000000a3e0b00000)]
  0x0000024bac9f1000 JavaThread "jar transforms Thread 70" [_thread_blocked, id=6688, stack(0x000000a3e0b00000,0x000000a3e0c00000)]
  0x0000024bae722800 JavaThread "jar transforms Thread 71" [_thread_blocked, id=416, stack(0x000000a3e0c00000,0x000000a3e0d00000)]
  0x0000024bae724800 JavaThread "jar transforms Thread 72" [_thread_blocked, id=2004, stack(0x000000a3e0d00000,0x000000a3e0e00000)]
  0x0000024bae725000 JavaThread "jar transforms Thread 73" [_thread_blocked, id=7332, stack(0x000000a3e0e00000,0x000000a3e0f00000)]
  0x0000024bae726000 JavaThread "jar transforms Thread 74" [_thread_blocked, id=640, stack(0x000000a3e0f00000,0x000000a3e1000000)]
  0x0000024bae722000 JavaThread "jar transforms Thread 75" [_thread_blocked, id=752, stack(0x000000a3e1000000,0x000000a3e1100000)]
  0x0000024bae720800 JavaThread "jar transforms Thread 76" [_thread_blocked, id=5628, stack(0x000000a3e1100000,0x000000a3e1200000)]
  0x0000024bae721000 JavaThread "jar transforms Thread 77" [_thread_blocked, id=5000, stack(0x000000a3e1200000,0x000000a3e1300000)]
  0x0000024bae729800 JavaThread "jar transforms Thread 78" [_thread_blocked, id=7808, stack(0x000000a3e1300000,0x000000a3e1400000)]
  0x0000024bae727000 JavaThread "jar transforms Thread 79" [_thread_blocked, id=6444, stack(0x000000a3e1400000,0x000000a3e1500000)]
  0x0000024bae727800 JavaThread "jar transforms Thread 80" [_thread_blocked, id=5648, stack(0x000000a3e1500000,0x000000a3e1600000)]
  0x0000024bae723800 JavaThread "jar transforms Thread 81" [_thread_blocked, id=3896, stack(0x000000a3e1600000,0x000000a3e1700000)]
  0x0000024bae72b800 JavaThread "jar transforms Thread 82" [_thread_blocked, id=6200, stack(0x000000a3e1700000,0x000000a3e1800000)]
  0x0000024bae728800 JavaThread "jar transforms Thread 83" [_thread_blocked, id=7768, stack(0x000000a3e1800000,0x000000a3e1900000)]
  0x0000024bae72c800 JavaThread "jar transforms Thread 84" [_thread_blocked, id=6836, stack(0x000000a3e1900000,0x000000a3e1a00000)]
  0x0000024bae72e000 JavaThread "jar transforms Thread 85" [_thread_blocked, id=2000, stack(0x000000a3e1a00000,0x000000a3e1b00000)]
  0x0000024bae72f000 JavaThread "jar transforms Thread 86" [_thread_blocked, id=4160, stack(0x000000a3e1b00000,0x000000a3e1c00000)]
  0x0000024bae72a000 JavaThread "jar transforms Thread 87" [_thread_blocked, id=3324, stack(0x000000a3e1c00000,0x000000a3e1d00000)]
  0x0000024bae72b000 JavaThread "jar transforms Thread 88" [_thread_blocked, id=2464, stack(0x000000a3e1d00000,0x000000a3e1e00000)]
  0x0000024bae72d800 JavaThread "jar transforms Thread 89" [_thread_blocked, id=804, stack(0x000000a3e1e00000,0x000000a3e1f00000)]
  0x0000024baad85800 JavaThread "jar transforms Thread 90" [_thread_blocked, id=5828, stack(0x000000a3e1f00000,0x000000a3e2000000)]
  0x0000024baad87000 JavaThread "jar transforms Thread 91" [_thread_blocked, id=6420, stack(0x000000a3e2000000,0x000000a3e2100000)]
  0x0000024baad83000 JavaThread "jar transforms Thread 92" [_thread_blocked, id=1208, stack(0x000000a3e2100000,0x000000a3e2200000)]
  0x0000024baad87800 JavaThread "jar transforms Thread 93" [_thread_blocked, id=5512, stack(0x000000a3e2200000,0x000000a3e2300000)]
  0x0000024baad82000 JavaThread "jar transforms Thread 94" [_thread_blocked, id=2444, stack(0x000000a3e2300000,0x000000a3e2400000)]
  0x0000024baad84800 JavaThread "jar transforms Thread 95" [_thread_blocked, id=6844, stack(0x000000a3e2400000,0x000000a3e2500000)]
  0x0000024baad86000 JavaThread "jar transforms Thread 96" [_thread_blocked, id=764, stack(0x000000a3e2500000,0x000000a3e2600000)]
  0x0000024baad88800 JavaThread "jar transforms Thread 97" [_thread_blocked, id=3804, stack(0x000000a3e2600000,0x000000a3e2700000)]
  0x0000024baad83800 JavaThread "jar transforms Thread 98" [_thread_blocked, id=5692, stack(0x000000a3e2700000,0x000000a3e2800000)]
  0x0000024baad8d800 JavaThread "jar transforms Thread 99" [_thread_blocked, id=4808, stack(0x000000a3e2800000,0x000000a3e2900000)]
  0x0000024baad8f000 JavaThread "jar transforms Thread 100" [_thread_blocked, id=3516, stack(0x000000a3e2900000,0x000000a3e2a00000)]
  0x0000024baad8e800 JavaThread "jar transforms Thread 101" [_thread_blocked, id=3156, stack(0x000000a3e2a00000,0x000000a3e2b00000)]
  0x0000024baad8c000 JavaThread "jar transforms Thread 102" [_thread_blocked, id=3288, stack(0x000000a3e2b00000,0x000000a3e2c00000)]
  0x0000024baad89800 JavaThread "jar transforms Thread 103" [_thread_blocked, id=1296, stack(0x000000a3e2c00000,0x000000a3e2d00000)]
  0x0000024baad8a000 JavaThread "jar transforms Thread 104" [_thread_blocked, id=3564, stack(0x000000a3e2d00000,0x000000a3e2e00000)]
  0x0000024baad90000 JavaThread "jar transforms Thread 105" [_thread_blocked, id=7544, stack(0x000000a3e2e00000,0x000000a3e2f00000)]
  0x0000024baad90800 JavaThread "jar transforms Thread 106" [_thread_blocked, id=6772, stack(0x000000a3e2f00000,0x000000a3e3000000)]
  0x0000024baad8b000 JavaThread "jar transforms Thread 107" [_thread_blocked, id=7772, stack(0x000000a3e3000000,0x000000a3e3100000)]
  0x0000024baad8c800 JavaThread "jar transforms Thread 108" [_thread_blocked, id=5372, stack(0x000000a3e3100000,0x000000a3e3200000)]
  0x0000024baee04000 JavaThread "jar transforms Thread 109" [_thread_blocked, id=6164, stack(0x000000a3e3200000,0x000000a3e3300000)]
  0x0000024baee03800 JavaThread "jar transforms Thread 110" [_thread_blocked, id=3988, stack(0x000000a3e3300000,0x000000a3e3400000)]
  0x0000024baee02800 JavaThread "jar transforms Thread 111" [_thread_blocked, id=8036, stack(0x000000a3e3400000,0x000000a3e3500000)]
  0x0000024baee08000 JavaThread "jar transforms Thread 112" [_thread_blocked, id=232, stack(0x000000a3e3500000,0x000000a3e3600000)]
  0x0000024baee09000 JavaThread "jar transforms Thread 113" [_thread_blocked, id=2380, stack(0x000000a3e3600000,0x000000a3e3700000)]
  0x0000024baee0a000 JavaThread "jar transforms Thread 114" [_thread_blocked, id=6560, stack(0x000000a3e3700000,0x000000a3e3800000)]
  0x0000024baee0a800 JavaThread "jar transforms Thread 115" [_thread_blocked, id=2008, stack(0x000000a3e3800000,0x000000a3e3900000)]
  0x0000024baee05000 JavaThread "jar transforms Thread 116" [_thread_blocked, id=3652, stack(0x000000a3e3900000,0x000000a3e3a00000)]
  0x0000024baee0b800 JavaThread "Memory manager" [_thread_blocked, id=7520, stack(0x000000a3e3a00000,0x000000a3e3b00000)]
  0x0000024ba89f8000 JavaThread "C2 CompilerThread1" daemon [_thread_blocked, id=1224, stack(0x000000a3e3b00000,0x000000a3e3c00000)]
  0x0000024baee06800 JavaThread "build event listener" [_thread_blocked, id=8188, stack(0x000000a3e3c00000,0x000000a3e3d00000)]
  0x0000024baee0c800 JavaThread "pool-3-thread-1" [_thread_blocked, id=3900, stack(0x000000a3e3d00000,0x000000a3e3e00000)]
  0x0000024baee0d000 JavaThread "build event listener" [_thread_blocked, id=6536, stack(0x000000a3e3e00000,0x000000a3e3f00000)]
  0x0000024baee07800 JavaThread "Execution worker for ':'" [_thread_blocked, id=7212, stack(0x000000a3e3f00000,0x000000a3e4000000)]
  0x0000024baee0e000 JavaThread "Execution worker for ':' Thread 2" [_thread_blocked, id=5712, stack(0x000000a3e4000000,0x000000a3e4100000)]
  0x0000024baee0f800 JavaThread "Execution worker for ':' Thread 3" [_thread_blocked, id=480, stack(0x000000a3e4100000,0x000000a3e4200000)]
  0x0000024baee10800 JavaThread "Cache worker for execution history cache (C:\Users\Huzaifa Sammar\AndroidStudioProjects\RoadSideAssistance\.gradle\6.7.1\executionHistory)" [_thread_blocked, id=3096, stack(0x000000a3e4200000,0x000000a3e4300000)]
  0x0000024baee0e800 JavaThread "WorkerExecutor Queue" [_thread_blocked, id=2312, stack(0x000000a3e4300000,0x000000a3e4400000)]
  0x0000024baee11000 JavaThread "WorkerExecutor Queue Thread 2" [_thread_blocked, id=6228, stack(0x000000a3e4400000,0x000000a3e4500000)]
  0x0000024bb1a35000 JavaThread "WorkerExecutor Queue Thread 3" [_thread_blocked, id=3612, stack(0x000000a3e4500000,0x000000a3e4600000)]
  0x0000024bb1a32000 JavaThread "WorkerExecutor Queue Thread 4" [_thread_blocked, id=7832, stack(0x000000a3e4600000,0x000000a3e4700000)]
  0x0000024bb1a34800 JavaThread "pool-4-thread-1" [_thread_blocked, id=1504, stack(0x000000a3e4700000,0x000000a3e4800000)]
  0x0000024bb1a36000 JavaThread "stderr" [_thread_in_native, id=1828, stack(0x000000a3e4800000,0x000000a3e4900000)]
  0x0000024bb1a32800 JavaThread "stdout" [_thread_in_native, id=7532, stack(0x000000a3e4900000,0x000000a3e4a00000)]
  0x0000024bb1a30800 JavaThread "WorkerExecutor Queue Thread 5" [_thread_blocked, id=5104, stack(0x000000a3e4a00000,0x000000a3e4b00000)]
  0x0000024bb1a37000 JavaThread "ForkJoinPool-1-worker-3" daemon [_thread_blocked, id=3148, stack(0x000000a3e4b00000,0x000000a3e4c00000)]
  0x0000024bb1a31000 JavaThread "ForkJoinPool-1-worker-5" daemon [_thread_blocked, id=2088, stack(0x000000a3e4c00000,0x000000a3e4d00000)]
  0x0000024bb1a33800 JavaThread "ForkJoinPool-1-worker-7" daemon [_thread_blocked, id=5600, stack(0x000000a3e4d00000,0x000000a3e4e00000)]
  0x0000024bb1a3b000 JavaThread "ForkJoinPool-1-worker-1" daemon [_thread_blocked, id=2948, stack(0x000000a3e4e00000,0x000000a3e4f00000)]

Other Threads:
=>0x0000024ba7c67800 VMThread "VM Thread" [stack: 0x000000a3d9b00000,0x000000a3d9c00000] [id=7696]
  0x0000024ba87e0000 WatcherThread [stack: 0x000000a3da500000,0x000000a3da600000] [id=4504]
  0x0000024b8daa8000 GCTaskThread "GC Thread#0" [stack: 0x000000a3d9600000,0x000000a3d9700000] [id=3368]
  0x0000024ba8e92800 GCTaskThread "GC Thread#1" [stack: 0x000000a3da700000,0x000000a3da800000] [id=3340]
  0x0000024baa483800 GCTaskThread "GC Thread#2" [stack: 0x000000a3da900000,0x000000a3daa00000] [id=3616]
  0x0000024baaa19800 GCTaskThread "GC Thread#3" [stack: 0x000000a3daa00000,0x000000a3dab00000] [id=208]
  0x0000024b8dada800 ConcurrentGCThread "G1 Main Marker" [stack: 0x000000a3d9700000,0x000000a3d9800000] [id=6072]
  0x0000024b8dadd000 ConcurrentGCThread "G1 Conc#0" [stack: 0x000000a3d9800000,0x000000a3d9900000] [id=7864]
  0x0000024b8db39800 ConcurrentGCThread "G1 Refine#0" [stack: 0x000000a3d9900000,0x000000a3d9a00000] [id=5352]
  0x0000024b8db3a800 ConcurrentGCThread "G1 Young RemSet Sampling" [stack: 0x000000a3d9a00000,0x000000a3d9b00000] [id=6300]

Threads with active compile tasks:
C2 CompilerThread0  35183 11873       4       com.android.tools.r8.graph.n0$$Lambda$958/0x0000000100c61840::accept (20 bytes)
C2 CompilerThread1  35183 11869       4       com.android.tools.r8.graph.O::a (275 bytes)

VM state:at safepoint (normal execution)

VM Mutex/Monitor currently owned by a thread:  ([mutex/lock_event])
[0x0000024b8da8ca80] Threads_lock - owner thread: 0x0000024ba7c67800
[0x0000024b8da8d260] Heap_lock - owner thread: 0x0000024bb1a35000

Heap address: 0x0000000080000000, size: 2048 MB, Compressed Oops mode: 32-bit
Narrow klass base: 0x0000000000000000, Narrow klass shift: 3
Compressed class space size: 1073741824 Address: 0x0000000100000000

Heap:
 garbage-first heap   total 427008K, used 194816K [0x0000000080000000, 0x0000000100000000)
  region size 1024K, 5 young (5120K), 5 survivors (5120K)
 Metaspace       used 92362K, capacity 94433K, committed 94464K, reserved 1130496K
  class space    used 11985K, capacity 12772K, committed 12800K, reserved 1048576K
Heap Regions: E=young(eden), S=young(survivor), O=old, HS=humongous(starts), HC=humongous(continues), CS=collection set, F=free, A=archive, TAMS=top-at-mark-start (previous, next)
|   0|0x0000000080000000, 0x0000000080100000, 0x0000000080100000|100%| O|  |TAMS 0x0000000080100000, 0x0000000080000000| Updating 
|   1|0x0000000080100000, 0x0000000080200000, 0x0000000080200000|100%| O|  |TAMS 0x0000000080200000, 0x0000000080100000| Updating 
|   2|0x0000000080200000, 0x0000000080300000, 0x0000000080300000|100%| O|  |TAMS 0x0000000080300000, 0x0000000080200000| Updating 
|   3|0x0000000080300000, 0x0000000080400000, 0x0000000080400000|100%|HS|  |TAMS 0x0000000080400000, 0x0000000080300000| Complete 
|   4|0x0000000080400000, 0x0000000080500000, 0x0000000080500000|100%|HC|  |TAMS 0x0000000080500000, 0x0000000080400000| Complete 
|   5|0x0000000080500000, 0x0000000080600000, 0x0000000080600000|100%|HC|  |TAMS 0x0000000080600000, 0x0000000080500000| Complete 
|   6|0x0000000080600000, 0x0000000080700000, 0x0000000080700000|100%| O|  |TAMS 0x0000000080700000, 0x0000000080600000| Updating 
|   7|0x0000000080700000, 0x0000000080800000, 0x0000000080800000|100%| O|  |TAMS 0x0000000080800000, 0x0000000080700000| Updating 
|   8|0x0000000080800000, 0x0000000080900000, 0x0000000080900000|100%| O|  |TAMS 0x0000000080900000, 0x0000000080800000| Updating 
|   9|0x0000000080900000, 0x0000000080a00000, 0x0000000080a00000|100%| O|  |TAMS 0x0000000080a00000, 0x0000000080900000| Updating 
|  10|0x0000000080a00000, 0x0000000080b00000, 0x0000000080b00000|100%| O|  |TAMS 0x0000000080b00000, 0x0000000080a00000| Updating 
|  11|0x0000000080b00000, 0x0000000080c00000, 0x0000000080c00000|100%| O|  |TAMS 0x0000000080c00000, 0x0000000080b00000| Updating 
|  12|0x0000000080c00000, 0x0000000080d00000, 0x0000000080d00000|100%| O|  |TAMS 0x0000000080d00000, 0x0000000080c00000| Updating 
|  13|0x0000000080d00000, 0x0000000080e00000, 0x0000000080e00000|100%| O|  |TAMS 0x0000000080e00000, 0x0000000080d00000| Updating 
|  14|0x0000000080e00000, 0x0000000080f00000, 0x0000000080f00000|100%| O|  |TAMS 0x0000000080f00000, 0x0000000080e00000| Updating 
|  15|0x0000000080f00000, 0x0000000081000000, 0x0000000081000000|100%| O|  |TAMS 0x0000000081000000, 0x0000000080f00000| Updating 
|  16|0x0000000081000000, 0x0000000081100000, 0x0000000081100000|100%| O|  |TAMS 0x0000000081100000, 0x0000000081000000| Updating 
|  17|0x0000000081100000, 0x0000000081200000, 0x0000000081200000|100%| O|  |TAMS 0x0000000081200000, 0x0000000081100000| Updating 
|  18|0x0000000081200000, 0x0000000081300000, 0x0000000081300000|100%| O|  |TAMS 0x0000000081300000, 0x0000000081200000| Updating 
|  19|0x0000000081300000, 0x0000000081400000, 0x0000000081400000|100%| O|  |TAMS 0x0000000081400000, 0x0000000081300000| Updating 
|  20|0x0000000081400000, 0x0000000081500000, 0x0000000081500000|100%|HS|  |TAMS 0x0000000081500000, 0x0000000081400000| Complete 
|  21|0x0000000081500000, 0x0000000081600000, 0x0000000081600000|100%| O|  |TAMS 0x0000000081600000, 0x0000000081500000| Updating 
|  22|0x0000000081600000, 0x0000000081700000, 0x0000000081700000|100%| O|  |TAMS 0x0000000081700000, 0x0000000081600000| Updating 
|  23|0x0000000081700000, 0x0000000081800000, 0x0000000081800000|100%| O|  |TAMS 0x0000000081800000, 0x0000000081700000| Updating 
|  24|0x0000000081800000, 0x0000000081900000, 0x0000000081900000|100%| O|  |TAMS 0x0000000081900000, 0x0000000081800000| Updating 
|  25|0x0000000081900000, 0x0000000081a00000, 0x0000000081a00000|100%| O|  |TAMS 0x0000000081a00000, 0x0000000081900000| Updating 
|  26|0x0000000081a00000, 0x0000000081b00000, 0x0000000081b00000|100%| O|  |TAMS 0x0000000081b00000, 0x0000000081a00000| Updating 
|  27|0x0000000081b00000, 0x0000000081c00000, 0x0000000081c00000|100%| O|  |TAMS 0x0000000081c00000, 0x0000000081b00000| Updating 
|  28|0x0000000081c00000, 0x0000000081d00000, 0x0000000081d00000|100%|HS|  |TAMS 0x0000000081d00000, 0x0000000081c00000| Complete 
|  29|0x0000000081d00000, 0x0000000081e00000, 0x0000000081e00000|100%|HC|  |TAMS 0x0000000081e00000, 0x0000000081d00000| Complete 
|  30|0x0000000081e00000, 0x0000000081f00000, 0x0000000081f00000|100%|HC|  |TAMS 0x0000000081f00000, 0x0000000081e00000| Complete 
|  31|0x0000000081f00000, 0x0000000082000000, 0x0000000082000000|100%|HS|  |TAMS 0x0000000082000000, 0x0000000081f00000| Complete 
|  32|0x0000000082000000, 0x0000000082100000, 0x0000000082100000|100%|HC|  |TAMS 0x0000000082100000, 0x0000000082000000| Complete 
|  33|0x0000000082100000, 0x0000000082200000, 0x0000000082200000|100%| O|  |TAMS 0x0000000082200000, 0x0000000082100000| Updating 
|  34|0x0000000082200000, 0x0000000082300000, 0x0000000082300000|100%| O|  |TAMS 0x0000000082300000, 0x0000000082200000| Updating 
|  35|0x0000000082300000, 0x0000000082400000, 0x0000000082400000|100%| O|  |TAMS 0x0000000082400000, 0x0000000082300000| Updating 
|  36|0x0000000082400000, 0x0000000082500000, 0x0000000082500000|100%| O|  |TAMS 0x0000000082500000, 0x0000000082400000| Updating 
|  37|0x0000000082500000, 0x0000000082600000, 0x0000000082600000|100%| O|  |TAMS 0x0000000082600000, 0x0000000082500000| Updating 
|  38|0x0000000082600000, 0x0000000082700000, 0x0000000082700000|100%| O|  |TAMS 0x0000000082700000, 0x0000000082600000| Updating 
|  39|0x0000000082700000, 0x0000000082800000, 0x0000000082800000|100%| O|  |TAMS 0x0000000082800000, 0x0000000082700000| Updating 
|  40|0x0000000082800000, 0x0000000082900000, 0x0000000082900000|100%| O|  |TAMS 0x0000000082900000, 0x0000000082800000| Updating 
|  41|0x0000000082900000, 0x0000000082a00000, 0x0000000082a00000|100%| O|  |TAMS 0x0000000082a00000, 0x0000000082900000| Updating 
|  42|0x0000000082a00000, 0x0000000082b00000, 0x0000000082b00000|100%| O|  |TAMS 0x0000000082b00000, 0x0000000082a00000| Updating 
|  43|0x0000000082b00000, 0x0000000082c00000, 0x0000000082c00000|100%| O|  |TAMS 0x0000000082c00000, 0x0000000082b00000| Updating 
|  44|0x0000000082c00000, 0x0000000082d00000, 0x0000000082d00000|100%| O|  |TAMS 0x0000000082d00000, 0x0000000082c00000| Updating 
|  45|0x0000000082d00000, 0x0000000082e00000, 0x0000000082e00000|100%| O|  |TAMS 0x0000000082e00000, 0x0000000082d00000| Updating 
|  46|0x0000000082e00000, 0x0000000082f00000, 0x0000000082f00000|100%| O|  |TAMS 0x0000000082f00000, 0x0000000082e00000| Updating 
|  47|0x0000000082f00000, 0x0000000083000000, 0x0000000083000000|100%| O|  |TAMS 0x0000000083000000, 0x0000000082f00000| Updating 
|  48|0x0000000083000000, 0x0000000083100000, 0x0000000083100000|100%| O|  |TAMS 0x0000000083100000, 0x0000000083000000| Updating 
|  49|0x0000000083100000, 0x0000000083200000, 0x0000000083200000|100%| O|  |TAMS 0x0000000083200000, 0x0000000083100000| Updating 
|  50|0x0000000083200000, 0x0000000083300000, 0x0000000083300000|100%| O|  |TAMS 0x0000000083300000, 0x0000000083200000| Updating 
|  51|0x0000000083300000, 0x0000000083400000, 0x0000000083400000|100%| O|  |TAMS 0x0000000083400000, 0x0000000083300000| Updating 
|  52|0x0000000083400000, 0x0000000083500000, 0x0000000083500000|100%| O|  |TAMS 0x0000000083500000, 0x0000000083400000| Updating 
|  53|0x0000000083500000, 0x0000000083600000, 0x0000000083600000|100%| O|  |TAMS 0x0000000083600000, 0x0000000083500000| Updating 
|  54|0x0000000083600000, 0x0000000083700000, 0x0000000083700000|100%| O|  |TAMS 0x0000000083700000, 0x0000000083600000| Updating 
|  55|0x0000000083700000, 0x0000000083800000, 0x0000000083800000|100%| O|  |TAMS 0x0000000083800000, 0x0000000083700000| Updating 
|  56|0x0000000083800000, 0x0000000083900000, 0x0000000083900000|100%| O|  |TAMS 0x0000000083900000, 0x0000000083800000| Updating 
|  57|0x0000000083900000, 0x0000000083a00000, 0x0000000083a00000|100%| O|  |TAMS 0x0000000083a00000, 0x0000000083900000| Updating 
|  58|0x0000000083a00000, 0x0000000083b00000, 0x0000000083b00000|100%| O|  |TAMS 0x0000000083b00000, 0x0000000083a00000| Updating 
|  59|0x0000000083b00000, 0x0000000083c00000, 0x0000000083c00000|100%| O|  |TAMS 0x0000000083c00000, 0x0000000083b00000| Updating 
|  60|0x0000000083c00000, 0x0000000083d00000, 0x0000000083d00000|100%| O|  |TAMS 0x0000000083d00000, 0x0000000083c00000| Updating 
|  61|0x0000000083d00000, 0x0000000083e00000, 0x0000000083e00000|100%| O|  |TAMS 0x0000000083e00000, 0x0000000083d00000| Updating 
|  62|0x0000000083e00000, 0x0000000083f00000, 0x0000000083f00000|100%| O|  |TAMS 0x0000000083f00000, 0x0000000083e00000| Updating 
|  63|0x0000000083f00000, 0x0000000084000000, 0x0000000084000000|100%| O|  |TAMS 0x0000000084000000, 0x0000000083f00000| Updating 
|  64|0x0000000084000000, 0x0000000084100000, 0x0000000084100000|100%| O|  |TAMS 0x0000000084100000, 0x0000000084000000| Updating 
|  65|0x0000000084100000, 0x0000000084200000, 0x0000000084200000|100%| O|  |TAMS 0x0000000084200000, 0x0000000084100000| Updating 
|  66|0x0000000084200000, 0x0000000084300000, 0x0000000084300000|100%| O|  |TAMS 0x0000000084300000, 0x0000000084200000| Updating 
|  67|0x0000000084300000, 0x0000000084400000, 0x0000000084400000|100%| O|  |TAMS 0x0000000084400000, 0x0000000084300000| Updating 
|  68|0x0000000084400000, 0x0000000084500000, 0x0000000084500000|100%| O|  |TAMS 0x0000000084500000, 0x0000000084400000| Updating 
|  69|0x0000000084500000, 0x0000000084600000, 0x0000000084600000|100%| O|  |TAMS 0x0000000084600000, 0x0000000084500000| Updating 
|  70|0x0000000084600000, 0x0000000084700000, 0x0000000084700000|100%| O|  |TAMS 0x0000000084700000, 0x0000000084600000| Updating 
|  71|0x0000000084700000, 0x0000000084800000, 0x0000000084800000|100%| O|  |TAMS 0x0000000084800000, 0x0000000084700000| Updating 
|  72|0x0000000084800000, 0x0000000084900000, 0x0000000084900000|100%| O|  |TAMS 0x0000000084900000, 0x0000000084800000| Updating 
|  73|0x0000000084900000, 0x0000000084a00000, 0x0000000084a00000|100%| O|  |TAMS 0x0000000084a00000, 0x0000000084900000| Updating 
|  74|0x0000000084a00000, 0x0000000084b00000, 0x0000000084b00000|100%| O|  |TAMS 0x0000000084b00000, 0x0000000084a00000| Updating 
|  75|0x0000000084b00000, 0x0000000084c00000, 0x0000000084c00000|100%|HS|  |TAMS 0x0000000084c00000, 0x0000000084b00000| Complete 
|  76|0x0000000084c00000, 0x0000000084d00000, 0x0000000084d00000|100%|HC|  |TAMS 0x0000000084d00000, 0x0000000084c00000| Complete 
|  77|0x0000000084d00000, 0x0000000084e00000, 0x0000000084e00000|100%|HC|  |TAMS 0x0000000084e00000, 0x0000000084d00000| Complete 
|  78|0x0000000084e00000, 0x0000000084f00000, 0x0000000084f00000|100%|HS|  |TAMS 0x0000000084f00000, 0x0000000084e00000| Complete 
|  79|0x0000000084f00000, 0x0000000085000000, 0x0000000085000000|100%|HC|  |TAMS 0x0000000085000000, 0x0000000084f00000| Complete 
|  80|0x0000000085000000, 0x0000000085100000, 0x0000000085100000|100%|HS|  |TAMS 0x0000000085100000, 0x0000000085000000| Complete 
|  81|0x0000000085100000, 0x0000000085200000, 0x0000000085200000|100%|HS|  |TAMS 0x0000000085200000, 0x0000000085100000| Complete 
|  82|0x0000000085200000, 0x0000000085300000, 0x0000000085300000|100%|HS|  |TAMS 0x0000000085300000, 0x0000000085200000| Complete 
|  83|0x0000000085300000, 0x0000000085400000, 0x0000000085400000|100%|HS|  |TAMS 0x0000000085400000, 0x0000000085300000| Complete 
|  84|0x0000000085400000, 0x0000000085500000, 0x0000000085500000|100%|HS|  |TAMS 0x0000000085500000, 0x0000000085400000| Complete 
|  85|0x0000000085500000, 0x0000000085600000, 0x0000000085600000|100%|HS|  |TAMS 0x0000000085600000, 0x0000000085500000| Complete 
|  86|0x0000000085600000, 0x0000000085700000, 0x0000000085700000|100%| O|  |TAMS 0x0000000085700000, 0x0000000085600000| Updating 
|  87|0x0000000085700000, 0x0000000085800000, 0x0000000085800000|100%| O|  |TAMS 0x0000000085800000, 0x0000000085700000| Updating 
|  88|0x0000000085800000, 0x0000000085900000, 0x0000000085900000|100%| O|  |TAMS 0x0000000085900000, 0x0000000085800000| Updating 
|  89|0x0000000085900000, 0x0000000085a00000, 0x0000000085a00000|100%| O|  |TAMS 0x0000000085a00000, 0x0000000085900000| Updating 
|  90|0x0000000085a00000, 0x0000000085b00000, 0x0000000085b00000|100%| O|  |TAMS 0x0000000085b00000, 0x0000000085a00000| Updating 
|  91|0x0000000085b00000, 0x0000000085c00000, 0x0000000085c00000|100%| O|  |TAMS 0x0000000085c00000, 0x0000000085b00000| Updating 
|  92|0x0000000085c00000, 0x0000000085d00000, 0x0000000085d00000|100%| O|  |TAMS 0x0000000085d00000, 0x0000000085c00000| Updating 
|  93|0x0000000085d00000, 0x0000000085e00000, 0x0000000085e00000|100%| O|  |TAMS 0x0000000085e00000, 0x0000000085d00000| Updating 
|  94|0x0000000085e00000, 0x0000000085f00000, 0x0000000085f00000|100%|HS|  |TAMS 0x0000000085e00000, 0x0000000085e00000| Complete 
|  95|0x0000000085f00000, 0x0000000086000000, 0x0000000086000000|100%|HC|  |TAMS 0x0000000085f00000, 0x0000000085f00000| Complete 
|  96|0x0000000086000000, 0x0000000086100000, 0x0000000086100000|100%| O|  |TAMS 0x0000000086000000, 0x0000000086000000| Untracked 
|  97|0x0000000086100000, 0x0000000086200000, 0x0000000086200000|100%| O|  |TAMS 0x0000000086200000, 0x0000000086100000| Updating 
|  98|0x0000000086200000, 0x0000000086300000, 0x0000000086300000|100%| O|  |TAMS 0x0000000086300000, 0x0000000086200000| Updating 
|  99|0x0000000086300000, 0x0000000086400000, 0x0000000086400000|100%| O|  |TAMS 0x0000000086300000, 0x0000000086300000| Untracked 
| 100|0x0000000086400000, 0x0000000086500000, 0x0000000086500000|100%| O|  |TAMS 0x0000000086400000, 0x0000000086400000| Untracked 
| 101|0x0000000086500000, 0x0000000086600000, 0x0000000086600000|100%| O|  |TAMS 0x0000000086600000, 0x0000000086500000| Updating 
| 102|0x0000000086600000, 0x0000000086700000, 0x0000000086700000|100%| O|  |TAMS 0x0000000086600000, 0x0000000086600000| Untracked 
| 103|0x0000000086700000, 0x0000000086800000, 0x0000000086800000|100%| O|  |TAMS 0x0000000086800000, 0x0000000086700000| Updating 
| 104|0x0000000086800000, 0x0000000086900000, 0x0000000086900000|100%| O|  |TAMS 0x0000000086800000, 0x0000000086800000| Untracked 
| 105|0x0000000086900000, 0x0000000086a00000, 0x0000000086a00000|100%| O|  |TAMS 0x0000000086a00000, 0x0000000086900000| Updating 
| 106|0x0000000086a00000, 0x0000000086a00000, 0x0000000086b00000|  0%| F|  |TAMS 0x0000000086a00000, 0x0000000086a00000| Untracked 
| 107|0x0000000086b00000, 0x0000000086c00000, 0x0000000086c00000|100%| O|  |TAMS 0x0000000086c00000, 0x0000000086b00000| Updating 
| 108|0x0000000086c00000, 0x0000000086c00000, 0x0000000086d00000|  0%| F|  |TAMS 0x0000000086c00000, 0x0000000086c00000| Untracked 
| 109|0x0000000086d00000, 0x0000000086e00000, 0x0000000086e00000|100%| O|  |TAMS 0x0000000086e00000, 0x0000000086d00000| Updating 
| 110|0x0000000086e00000, 0x0000000086f00000, 0x0000000086f00000|100%| O|  |TAMS 0x0000000086f00000, 0x0000000086e00000| Updating 
| 111|0x0000000086f00000, 0x0000000087000000, 0x0000000087000000|100%| O|  |TAMS 0x0000000087000000, 0x0000000086f00000| Updating 
| 112|0x0000000087000000, 0x0000000087100000, 0x0000000087100000|100%| O|  |TAMS 0x0000000087100000, 0x0000000087000000| Updating 
| 113|0x0000000087100000, 0x0000000087200000, 0x0000000087200000|100%| O|  |TAMS 0x0000000087200000, 0x0000000087100000| Updating 
| 114|0x0000000087200000, 0x0000000087300000, 0x0000000087300000|100%| O|  |TAMS 0x0000000087300000, 0x0000000087200000| Updating 
| 115|0x0000000087300000, 0x0000000087400000, 0x0000000087400000|100%| O|  |TAMS 0x0000000087400000, 0x0000000087300000| Updating 
| 116|0x0000000087400000, 0x0000000087500000, 0x0000000087500000|100%| O|  |TAMS 0x0000000087500000, 0x0000000087400000| Updating 
| 117|0x0000000087500000, 0x0000000087600000, 0x0000000087600000|100%| O|  |TAMS 0x0000000087600000, 0x0000000087500000| Updating 
| 118|0x0000000087600000, 0x0000000087700000, 0x0000000087700000|100%| O|  |TAMS 0x0000000087700000, 0x0000000087600000| Updating 
| 119|0x0000000087700000, 0x0000000087800000, 0x0000000087800000|100%| O|  |TAMS 0x0000000087800000, 0x0000000087700000| Updating 
| 120|0x0000000087800000, 0x0000000087900000, 0x0000000087900000|100%| O|  |TAMS 0x0000000087900000, 0x0000000087800000| Updating 
| 121|0x0000000087900000, 0x0000000087a00000, 0x0000000087a00000|100%| O|  |TAMS 0x0000000087a00000, 0x0000000087900000| Updating 
| 122|0x0000000087a00000, 0x0000000087b00000, 0x0000000087b00000|100%| O|  |TAMS 0x0000000087b00000, 0x0000000087a00000| Updating 
| 123|0x0000000087b00000, 0x0000000087c00000, 0x0000000087c00000|100%| O|  |TAMS 0x0000000087c00000, 0x0000000087b00000| Updating 
| 124|0x0000000087c00000, 0x0000000087d00000, 0x0000000087d00000|100%| O|  |TAMS 0x0000000087d00000, 0x0000000087c00000| Updating 
| 125|0x0000000087d00000, 0x0000000087e00000, 0x0000000087e00000|100%| O|  |TAMS 0x0000000087e00000, 0x0000000087d00000| Updating 
| 126|0x0000000087e00000, 0x0000000087f00000, 0x0000000087f00000|100%| O|  |TAMS 0x0000000087f00000, 0x0000000087e00000| Updating 
| 127|0x0000000087f00000, 0x0000000088000000, 0x0000000088000000|100%| O|  |TAMS 0x0000000088000000, 0x0000000087f00000| Updating 
| 128|0x0000000088000000, 0x0000000088100000, 0x0000000088100000|100%| O|  |TAMS 0x0000000088100000, 0x0000000088000000| Updating 
| 129|0x0000000088100000, 0x0000000088200000, 0x0000000088200000|100%| O|  |TAMS 0x0000000088200000, 0x0000000088100000| Updating 
| 130|0x0000000088200000, 0x0000000088300000, 0x0000000088300000|100%| O|  |TAMS 0x0000000088300000, 0x0000000088200000| Updating 
| 131|0x0000000088300000, 0x0000000088400000, 0x0000000088400000|100%| O|  |TAMS 0x0000000088400000, 0x0000000088300000| Updating 
| 132|0x0000000088400000, 0x0000000088500000, 0x0000000088500000|100%| O|  |TAMS 0x0000000088500000, 0x0000000088400000| Updating 
| 133|0x0000000088500000, 0x0000000088600000, 0x0000000088600000|100%| O|  |TAMS 0x0000000088600000, 0x0000000088500000| Updating 
| 134|0x0000000088600000, 0x0000000088700000, 0x0000000088700000|100%| O|  |TAMS 0x0000000088700000, 0x0000000088600000| Updating 
| 135|0x0000000088700000, 0x0000000088800000, 0x0000000088800000|100%| O|  |TAMS 0x0000000088800000, 0x0000000088700000| Updating 
| 136|0x0000000088800000, 0x0000000088900000, 0x0000000088900000|100%| O|  |TAMS 0x0000000088900000, 0x0000000088800000| Updating 
| 137|0x0000000088900000, 0x0000000088a00000, 0x0000000088a00000|100%| O|  |TAMS 0x0000000088a00000, 0x0000000088900000| Updating 
| 138|0x0000000088a00000, 0x0000000088b00000, 0x0000000088b00000|100%| O|  |TAMS 0x0000000088b00000, 0x0000000088a00000| Updating 
| 139|0x0000000088b00000, 0x0000000088c00000, 0x0000000088c00000|100%| O|  |TAMS 0x0000000088c00000, 0x0000000088b00000| Updating 
| 140|0x0000000088c00000, 0x0000000088d00000, 0x0000000088d00000|100%| O|  |TAMS 0x0000000088d00000, 0x0000000088c00000| Updating 
| 141|0x0000000088d00000, 0x0000000088e00000, 0x0000000088e00000|100%| O|  |TAMS 0x0000000088e00000, 0x0000000088d00000| Updating 
| 142|0x0000000088e00000, 0x0000000088f00000, 0x0000000088f00000|100%| O|  |TAMS 0x0000000088f00000, 0x0000000088e00000| Updating 
| 143|0x0000000088f00000, 0x0000000089000000, 0x0000000089000000|100%| O|  |TAMS 0x0000000089000000, 0x0000000088f00000| Updating 
| 144|0x0000000089000000, 0x0000000089100000, 0x0000000089100000|100%| O|  |TAMS 0x0000000089100000, 0x0000000089000000| Updating 
| 145|0x0000000089100000, 0x0000000089200000, 0x0000000089200000|100%| O|  |TAMS 0x0000000089200000, 0x0000000089100000| Updating 
| 146|0x0000000089200000, 0x0000000089300000, 0x0000000089300000|100%| O|  |TAMS 0x0000000089300000, 0x0000000089200000| Updating 
| 147|0x0000000089300000, 0x0000000089400000, 0x0000000089400000|100%| O|  |TAMS 0x0000000089400000, 0x0000000089300000| Updating 
| 148|0x0000000089400000, 0x0000000089500000, 0x0000000089500000|100%| O|  |TAMS 0x0000000089500000, 0x0000000089400000| Updating 
| 149|0x0000000089500000, 0x0000000089600000, 0x0000000089600000|100%| O|  |TAMS 0x0000000089600000, 0x0000000089500000| Updating 
| 150|0x0000000089600000, 0x0000000089700000, 0x0000000089700000|100%| O|  |TAMS 0x0000000089700000, 0x0000000089600000| Updating 
| 151|0x0000000089700000, 0x0000000089800000, 0x0000000089800000|100%| O|  |TAMS 0x0000000089800000, 0x0000000089700000| Updating 
| 152|0x0000000089800000, 0x0000000089900000, 0x0000000089900000|100%| O|  |TAMS 0x0000000089900000, 0x0000000089800000| Updating 
| 153|0x0000000089900000, 0x0000000089a00000, 0x0000000089a00000|100%| O|  |TAMS 0x0000000089a00000, 0x0000000089900000| Updating 
| 154|0x0000000089a00000, 0x0000000089b00000, 0x0000000089b00000|100%| O|  |TAMS 0x0000000089b00000, 0x0000000089a00000| Updating 
| 155|0x0000000089b00000, 0x0000000089c00000, 0x0000000089c00000|100%| O|  |TAMS 0x0000000089c00000, 0x0000000089b00000| Updating 
| 156|0x0000000089c00000, 0x0000000089d00000, 0x0000000089d00000|100%| O|  |TAMS 0x0000000089d00000, 0x0000000089c00000| Updating 
| 157|0x0000000089d00000, 0x0000000089e00000, 0x0000000089e00000|100%| O|  |TAMS 0x0000000089e00000, 0x0000000089d00000| Updating 
| 158|0x0000000089e00000, 0x0000000089f00000, 0x0000000089f00000|100%| O|  |TAMS 0x0000000089f00000, 0x0000000089e00000| Updating 
| 159|0x0000000089f00000, 0x000000008a000000, 0x000000008a000000|100%| O|  |TAMS 0x000000008a000000, 0x0000000089f00000| Updating 
| 160|0x000000008a000000, 0x000000008a100000, 0x000000008a100000|100%| O|  |TAMS 0x000000008a100000, 0x000000008a000000| Updating 
| 161|0x000000008a100000, 0x000000008a200000, 0x000000008a200000|100%| O|  |TAMS 0x000000008a200000, 0x000000008a100000| Updating 
| 162|0x000000008a200000, 0x000000008a300000, 0x000000008a300000|100%| O|  |TAMS 0x000000008a300000, 0x000000008a200000| Updating 
| 163|0x000000008a300000, 0x000000008a400000, 0x000000008a400000|100%| O|  |TAMS 0x000000008a400000, 0x000000008a300000| Updating 
| 164|0x000000008a400000, 0x000000008a500000, 0x000000008a500000|100%| O|  |TAMS 0x000000008a500000, 0x000000008a400000| Updating 
| 165|0x000000008a500000, 0x000000008a600000, 0x000000008a600000|100%| O|  |TAMS 0x000000008a600000, 0x000000008a500000| Updating 
| 166|0x000000008a600000, 0x000000008a700000, 0x000000008a700000|100%| O|  |TAMS 0x000000008a700000, 0x000000008a600000| Updating 
| 167|0x000000008a700000, 0x000000008a800000, 0x000000008a800000|100%| O|  |TAMS 0x000000008a800000, 0x000000008a700000| Updating 
| 168|0x000000008a800000, 0x000000008a900000, 0x000000008a900000|100%| O|  |TAMS 0x000000008a900000, 0x000000008a800000| Updating 
| 169|0x000000008a900000, 0x000000008aa00000, 0x000000008aa00000|100%| O|  |TAMS 0x000000008aa00000, 0x000000008a900000| Updating 
| 170|0x000000008aa00000, 0x000000008ab00000, 0x000000008ab00000|100%| O|  |TAMS 0x000000008ab00000, 0x000000008aa00000| Updating 
| 171|0x000000008ab00000, 0x000000008ac00000, 0x000000008ac00000|100%| O|  |TAMS 0x000000008ac00000, 0x000000008ab00000| Updating 
| 172|0x000000008ac00000, 0x000000008ad00000, 0x000000008ad00000|100%| O|  |TAMS 0x000000008ad00000, 0x000000008ac00000| Updating 
| 173|0x000000008ad00000, 0x000000008ae00000, 0x000000008ae00000|100%| O|  |TAMS 0x000000008ae00000, 0x000000008ad00000| Updating 
| 174|0x000000008ae00000, 0x000000008af00000, 0x000000008af00000|100%| O|  |TAMS 0x000000008af00000, 0x000000008ae00000| Updating 
| 175|0x000000008af00000, 0x000000008b000000, 0x000000008b000000|100%| O|  |TAMS 0x000000008b000000, 0x000000008af00000| Updating 
| 176|0x000000008b000000, 0x000000008b100000, 0x000000008b100000|100%| O|  |TAMS 0x000000008b100000, 0x000000008b000000| Updating 
| 177|0x000000008b100000, 0x000000008b200000, 0x000000008b200000|100%| O|  |TAMS 0x000000008b200000, 0x000000008b100000| Updating 
| 178|0x000000008b200000, 0x000000008b300000, 0x000000008b300000|100%| O|  |TAMS 0x000000008b300000, 0x000000008b200000| Updating 
| 179|0x000000008b300000, 0x000000008b400000, 0x000000008b400000|100%| O|  |TAMS 0x000000008b400000, 0x000000008b300000| Updating 
| 180|0x000000008b400000, 0x000000008b500000, 0x000000008b500000|100%| O|  |TAMS 0x000000008b500000, 0x000000008b400000| Updating 
| 181|0x000000008b500000, 0x000000008b600000, 0x000000008b600000|100%| O|  |TAMS 0x000000008b600000, 0x000000008b500000| Updating 
| 182|0x000000008b600000, 0x000000008b700000, 0x000000008b700000|100%| O|  |TAMS 0x000000008b700000, 0x000000008b600000| Updating 
| 183|0x000000008b700000, 0x000000008b800000, 0x000000008b800000|100%|HS|  |TAMS 0x000000008b700000, 0x000000008b700000| Complete 
| 184|0x000000008b800000, 0x000000008b900000, 0x000000008b900000|100%|HS|  |TAMS 0x000000008b800000, 0x000000008b800000| Complete 
| 185|0x000000008b900000, 0x000000008b900000, 0x000000008ba00000|  0%| F|  |TAMS 0x000000008b900000, 0x000000008b900000| Untracked 
| 186|0x000000008ba00000, 0x000000008ba00000, 0x000000008bb00000|  0%| F|  |TAMS 0x000000008ba00000, 0x000000008ba00000| Untracked 
| 187|0x000000008bb00000, 0x000000008bb00000, 0x000000008bc00000|  0%| F|  |TAMS 0x000000008bb00000, 0x000000008bb00000| Untracked 
| 188|0x000000008bc00000, 0x000000008bc00000, 0x000000008bd00000|  0%| F|  |TAMS 0x000000008bc00000, 0x000000008bc00000| Untracked 
| 189|0x000000008bd00000, 0x000000008bd00000, 0x000000008be00000|  0%| F|  |TAMS 0x000000008bd00000, 0x000000008bd00000| Untracked 
| 190|0x000000008be00000, 0x000000008be00000, 0x000000008bf00000|  0%| F|  |TAMS 0x000000008be00000, 0x000000008be00000| Untracked 
| 191|0x000000008bf00000, 0x000000008bf00000, 0x000000008c000000|  0%| F|  |TAMS 0x000000008bf00000, 0x000000008bf00000| Untracked 
| 192|0x000000008c000000, 0x000000008c000000, 0x000000008c100000|  0%| F|  |TAMS 0x000000008c000000, 0x000000008c000000| Untracked 
| 193|0x000000008c100000, 0x000000008c100000, 0x000000008c200000|  0%| F|  |TAMS 0x000000008c100000, 0x000000008c100000| Untracked 
| 194|0x000000008c200000, 0x000000008c200000, 0x000000008c300000|  0%| F|  |TAMS 0x000000008c200000, 0x000000008c200000| Untracked 
| 195|0x000000008c300000, 0x000000008c400000, 0x000000008c400000|100%| O|  |TAMS 0x000000008c400000, 0x000000008c300000| Updating 
| 196|0x000000008c400000, 0x000000008c500000, 0x000000008c500000|100%| O|  |TAMS 0x000000008c500000, 0x000000008c400000| Updating 
| 197|0x000000008c500000, 0x000000008c600000, 0x000000008c600000|100%| O|  |TAMS 0x000000008c600000, 0x000000008c500000| Updating 
| 198|0x000000008c600000, 0x000000008c600000, 0x000000008c700000|  0%| F|  |TAMS 0x000000008c600000, 0x000000008c600000| Untracked 
| 199|0x000000008c700000, 0x000000008c700000, 0x000000008c800000|  0%| F|  |TAMS 0x000000008c700000, 0x000000008c700000| Untracked 
| 200|0x000000008c800000, 0x000000008c800000, 0x000000008c900000|  0%| F|  |TAMS 0x000000008c800000, 0x000000008c800000| Untracked 
| 201|0x000000008c900000, 0x000000008c900000, 0x000000008ca00000|  0%| F|  |TAMS 0x000000008c900000, 0x000000008c900000| Untracked 
| 202|0x000000008ca00000, 0x000000008ca00000, 0x000000008cb00000|  0%| F|  |TAMS 0x000000008ca00000, 0x000000008ca00000| Untracked 
| 203|0x000000008cb00000, 0x000000008cb00000, 0x000000008cc00000|  0%| F|  |TAMS 0x000000008cb00000, 0x000000008cb00000| Untracked 
| 204|0x000000008cc00000, 0x000000008cc00000, 0x000000008cd00000|  0%| F|  |TAMS 0x000000008cc00000, 0x000000008cc00000| Untracked 
| 205|0x000000008cd00000, 0x000000008cd00000, 0x000000008ce00000|  0%| F|  |TAMS 0x000000008cd00000, 0x000000008cd00000| Untracked 
| 206|0x000000008ce00000, 0x000000008ce00000, 0x000000008cf00000|  0%| F|  |TAMS 0x000000008ce00000, 0x000000008ce00000| Untracked 
| 207|0x000000008cf00000, 0x000000008cf00000, 0x000000008d000000|  0%| F|  |TAMS 0x000000008cf00000, 0x000000008cf00000| Untracked 
| 208|0x000000008d000000, 0x000000008d000000, 0x000000008d100000|  0%| F|  |TAMS 0x000000008d000000, 0x000000008d000000| Untracked 
| 209|0x000000008d100000, 0x000000008d100000, 0x000000008d200000|  0%| F|  |TAMS 0x000000008d100000, 0x000000008d100000| Untracked 
| 210|0x000000008d200000, 0x000000008d200000, 0x000000008d300000|  0%| F|  |TAMS 0x000000008d200000, 0x000000008d200000| Untracked 
| 211|0x000000008d300000, 0x000000008d300000, 0x000000008d400000|  0%| F|  |TAMS 0x000000008d300000, 0x000000008d300000| Untracked 
| 212|0x000000008d400000, 0x000000008d400000, 0x000000008d500000|  0%| F|  |TAMS 0x000000008d400000, 0x000000008d400000| Untracked 
| 213|0x000000008d500000, 0x000000008d500000, 0x000000008d600000|  0%| F|  |TAMS 0x000000008d500000, 0x000000008d500000| Untracked 
| 214|0x000000008d600000, 0x000000008d600000, 0x000000008d700000|  0%| F|  |TAMS 0x000000008d600000, 0x000000008d600000| Untracked 
| 215|0x000000008d700000, 0x000000008d700000, 0x000000008d800000|  0%| F|  |TAMS 0x000000008d700000, 0x000000008d700000| Untracked 
| 216|0x000000008d800000, 0x000000008d800000, 0x000000008d900000|  0%| F|  |TAMS 0x000000008d800000, 0x000000008d800000| Untracked 
| 217|0x000000008d900000, 0x000000008d900000, 0x000000008da00000|  0%| F|  |TAMS 0x000000008d900000, 0x000000008d900000| Untracked 
| 218|0x000000008da00000, 0x000000008da00000, 0x000000008db00000|  0%| F|  |TAMS 0x000000008da00000, 0x000000008da00000| Untracked 
| 219|0x000000008db00000, 0x000000008db00000, 0x000000008dc00000|  0%| F|  |TAMS 0x000000008db00000, 0x000000008db00000| Untracked 
| 220|0x000000008dc00000, 0x000000008dc00000, 0x000000008dd00000|  0%| F|  |TAMS 0x000000008dc00000, 0x000000008dc00000| Untracked 
| 221|0x000000008dd00000, 0x000000008dd00000, 0x000000008de00000|  0%| F|  |TAMS 0x000000008dd00000, 0x000000008dd00000| Untracked 
| 222|0x000000008de00000, 0x000000008de00000, 0x000000008df00000|  0%| F|  |TAMS 0x000000008de00000, 0x000000008de00000| Untracked 
| 223|0x000000008df00000, 0x000000008df00000, 0x000000008e000000|  0%| F|  |TAMS 0x000000008df00000, 0x000000008df00000| Untracked 
| 224|0x000000008e000000, 0x000000008e000000, 0x000000008e100000|  0%| F|  |TAMS 0x000000008e000000, 0x000000008e000000| Untracked 
| 225|0x000000008e100000, 0x000000008e100000, 0x000000008e200000|  0%| F|  |TAMS 0x000000008e100000, 0x000000008e100000| Untracked 
| 226|0x000000008e200000, 0x000000008e200000, 0x000000008e300000|  0%| F|  |TAMS 0x000000008e200000, 0x000000008e200000| Untracked 
| 227|0x000000008e300000, 0x000000008e300000, 0x000000008e400000|  0%| F|  |TAMS 0x000000008e300000, 0x000000008e300000| Untracked 
| 228|0x000000008e400000, 0x000000008e400000, 0x000000008e500000|  0%| F|  |TAMS 0x000000008e400000, 0x000000008e400000| Untracked 
| 229|0x000000008e500000, 0x000000008e500000, 0x000000008e600000|  0%| F|  |TAMS 0x000000008e500000, 0x000000008e500000| Untracked 
| 230|0x000000008e600000, 0x000000008e600000, 0x000000008e700000|  0%| F|  |TAMS 0x000000008e600000, 0x000000008e600000| Untracked 
| 231|0x000000008e700000, 0x000000008e700000, 0x000000008e800000|  0%| F|  |TAMS 0x000000008e700000, 0x000000008e700000| Untracked 
| 232|0x000000008e800000, 0x000000008e800000, 0x000000008e900000|  0%| F|  |TAMS 0x000000008e800000, 0x000000008e800000| Untracked 
| 233|0x000000008e900000, 0x000000008e900000, 0x000000008ea00000|  0%| F|  |TAMS 0x000000008e900000, 0x000000008e900000| Untracked 
| 234|0x000000008ea00000, 0x000000008ea00000, 0x000000008eb00000|  0%| F|  |TAMS 0x000000008ea00000, 0x000000008ea00000| Untracked 
| 235|0x000000008eb00000, 0x000000008eb40010, 0x000000008ec00000| 25%| S|CS|TAMS 0x000000008eb00000, 0x000000008eb00000| Complete 
| 236|0x000000008ec00000, 0x000000008ed00000, 0x000000008ed00000|100%| S|CS|TAMS 0x000000008ec00000, 0x000000008ec00000| Complete 
| 237|0x000000008ed00000, 0x000000008ee00000, 0x000000008ee00000|100%| S|CS|TAMS 0x000000008ed00000, 0x000000008ed00000| Complete 
| 238|0x000000008ee00000, 0x000000008ee00000, 0x000000008ef00000|  0%| F|  |TAMS 0x000000008ee00000, 0x000000008ee00000| Untracked 
| 239|0x000000008ef00000, 0x000000008ef00000, 0x000000008f000000|  0%| F|  |TAMS 0x000000008ef00000, 0x000000008ef00000| Untracked 
| 240|0x000000008f000000, 0x000000008f000000, 0x000000008f100000|  0%| F|  |TAMS 0x000000008f000000, 0x000000008f000000| Untracked 
| 241|0x000000008f100000, 0x000000008f100000, 0x000000008f200000|  0%| F|  |TAMS 0x000000008f100000, 0x000000008f100000| Untracked 
| 242|0x000000008f200000, 0x000000008f200000, 0x000000008f300000|  0%| F|  |TAMS 0x000000008f200000, 0x000000008f200000| Untracked 
| 243|0x000000008f300000, 0x000000008f300000, 0x000000008f400000|  0%| F|  |TAMS 0x000000008f300000, 0x000000008f300000| Untracked 
| 244|0x000000008f400000, 0x000000008f500000, 0x000000008f500000|100%| S|CS|TAMS 0x000000008f400000, 0x000000008f400000| Complete 
| 245|0x000000008f500000, 0x000000008f600000, 0x000000008f600000|100%| S|CS|TAMS 0x000000008f500000, 0x000000008f500000| Complete 
| 246|0x000000008f600000, 0x000000008f600000, 0x000000008f700000|  0%| F|  |TAMS 0x000000008f600000, 0x000000008f600000| Untracked 
| 247|0x000000008f700000, 0x000000008f700000, 0x000000008f800000|  0%| F|  |TAMS 0x000000008f700000, 0x000000008f700000| Untracked 
| 248|0x000000008f800000, 0x000000008f800000, 0x000000008f900000|  0%| F|  |TAMS 0x000000008f800000, 0x000000008f800000| Untracked 
| 249|0x000000008f900000, 0x000000008f900000, 0x000000008fa00000|  0%| F|  |TAMS 0x000000008f900000, 0x000000008f900000| Untracked 
| 250|0x000000008fa00000, 0x000000008fa00000, 0x000000008fb00000|  0%| F|  |TAMS 0x000000008fa00000, 0x000000008fa00000| Untracked 
| 251|0x000000008fb00000, 0x000000008fb00000, 0x000000008fc00000|  0%| F|  |TAMS 0x000000008fb00000, 0x000000008fb00000| Untracked 
| 252|0x000000008fc00000, 0x000000008fc00000, 0x000000008fd00000|  0%| F|  |TAMS 0x000000008fc00000, 0x000000008fc00000| Untracked 
| 253|0x000000008fd00000, 0x000000008fd00000, 0x000000008fe00000|  0%| F|  |TAMS 0x000000008fd00000, 0x000000008fd00000| Untracked 
| 254|0x000000008fe00000, 0x000000008fe00000, 0x000000008ff00000|  0%| F|  |TAMS 0x000000008fe00000, 0x000000008fe00000| Untracked 
| 255|0x000000008ff00000, 0x000000008ff00000, 0x0000000090000000|  0%| F|  |TAMS 0x000000008ff00000, 0x000000008ff00000| Untracked 
| 256|0x0000000090000000, 0x0000000090000000, 0x0000000090100000|  0%| F|  |TAMS 0x0000000090000000, 0x0000000090000000| Untracked 
| 257|0x0000000090100000, 0x0000000090100000, 0x0000000090200000|  0%| F|  |TAMS 0x0000000090100000, 0x0000000090100000| Untracked 
| 258|0x0000000090200000, 0x0000000090200000, 0x0000000090300000|  0%| F|  |TAMS 0x0000000090200000, 0x0000000090200000| Untracked 
| 259|0x0000000090300000, 0x0000000090300000, 0x0000000090400000|  0%| F|  |TAMS 0x0000000090300000, 0x0000000090300000| Untracked 
| 260|0x0000000090400000, 0x0000000090400000, 0x0000000090500000|  0%| F|  |TAMS 0x0000000090400000, 0x0000000090400000| Untracked 
| 261|0x0000000090500000, 0x0000000090500000, 0x0000000090600000|  0%| F|  |TAMS 0x0000000090500000, 0x0000000090500000| Untracked 
| 262|0x0000000090600000, 0x0000000090600000, 0x0000000090700000|  0%| F|  |TAMS 0x0000000090600000, 0x0000000090600000| Untracked 
| 263|0x0000000090700000, 0x0000000090700000, 0x0000000090800000|  0%| F|  |TAMS 0x0000000090700000, 0x0000000090700000| Untracked 
| 264|0x0000000090800000, 0x0000000090800000, 0x0000000090900000|  0%| F|  |TAMS 0x0000000090800000, 0x0000000090800000| Untracked 
| 265|0x0000000090900000, 0x0000000090900000, 0x0000000090a00000|  0%| F|  |TAMS 0x0000000090900000, 0x0000000090900000| Untracked 
| 266|0x0000000090a00000, 0x0000000090a00000, 0x0000000090b00000|  0%| F|  |TAMS 0x0000000090a00000, 0x0000000090a00000| Untracked 
| 267|0x0000000090b00000, 0x0000000090b00000, 0x0000000090c00000|  0%| F|  |TAMS 0x0000000090b00000, 0x0000000090b00000| Untracked 
| 268|0x0000000090c00000, 0x0000000090c00000, 0x0000000090d00000|  0%| F|  |TAMS 0x0000000090c00000, 0x0000000090c00000| Untracked 
| 269|0x0000000090d00000, 0x0000000090d00000, 0x0000000090e00000|  0%| F|  |TAMS 0x0000000090d00000, 0x0000000090d00000| Untracked 
| 270|0x0000000090e00000, 0x0000000090e00000, 0x0000000090f00000|  0%| F|  |TAMS 0x0000000090e00000, 0x0000000090e00000| Untracked 
| 271|0x0000000090f00000, 0x0000000090f00000, 0x0000000091000000|  0%| F|  |TAMS 0x0000000090f00000, 0x0000000090f00000| Untracked 
| 272|0x0000000091000000, 0x0000000091000000, 0x0000000091100000|  0%| F|  |TAMS 0x0000000091000000, 0x0000000091000000| Untracked 
| 273|0x0000000091100000, 0x0000000091100000, 0x0000000091200000|  0%| F|  |TAMS 0x0000000091100000, 0x0000000091100000| Untracked 
| 274|0x0000000091200000, 0x0000000091200000, 0x0000000091300000|  0%| F|  |TAMS 0x0000000091200000, 0x0000000091200000| Untracked 
| 275|0x0000000091300000, 0x0000000091300000, 0x0000000091400000|  0%| F|  |TAMS 0x0000000091300000, 0x0000000091300000| Untracked 
| 276|0x0000000091400000, 0x0000000091400000, 0x0000000091500000|  0%| F|  |TAMS 0x0000000091400000, 0x0000000091400000| Untracked 
| 277|0x0000000091500000, 0x0000000091500000, 0x0000000091600000|  0%| F|  |TAMS 0x0000000091500000, 0x0000000091500000| Untracked 
| 278|0x0000000091600000, 0x0000000091600000, 0x0000000091700000|  0%| F|  |TAMS 0x0000000091600000, 0x0000000091600000| Untracked 

Card table byte_map: [0x0000024ba0e80000,0x0000024ba1280000] _byte_map_base: 0x0000024ba0a80000

Marking Bits (Prev, Next): (CMBitMap*) 0x0000024b8dad1a78, (CMBitMap*) 0x0000024b8dad1ab0
 Prev Bits: [0x0000024ba1680000, 0x0000024ba3680000)
 Next Bits: [0x0000024ba3680000, 0x0000024ba5680000)

Polling page: 0x0000024b8db80000

Metaspace:

Usage:
  Non-class:     79.75 MB capacity,    78.49 MB ( 98%) used,     1.02 MB (  1%) free+waste,   242.31 KB ( <1%) overhead. 
      Class:     12.47 MB capacity,    11.71 MB ( 94%) used,   677.25 KB (  5%) free+waste,   108.81 KB ( <1%) overhead. 
       Both:     92.22 MB capacity,    90.20 MB ( 98%) used,     1.68 MB (  2%) free+waste,   351.13 KB ( <1%) overhead. 

Virtual space:
  Non-class space:       80.00 MB reserved,      79.75 MB (>99%) committed 
      Class space:        1.00 GB reserved,      12.50 MB (  1%) committed 
             Both:        1.08 GB reserved,      92.25 MB (  8%) committed 

Chunk freelists:
   Non-Class:  3.00 KB
       Class:  1.00 KB
        Both:  4.00 KB

MaxMetaspaceSize: 17179869184.00 GB
CompressedClassSpaceSize: 1.00 GB

CodeHeap 'non-profiled nmethods': size=120064Kb used=6784Kb max_used=6784Kb free=113279Kb
 bounds [0x0000024b98f00000, 0x0000024b995b0000, 0x0000024ba0440000]
CodeHeap 'profiled nmethods': size=120000Kb used=23206Kb max_used=23206Kb free=96793Kb
 bounds [0x0000024b919d0000, 0x0000024b93090000, 0x0000024b98f00000]
CodeHeap 'non-nmethods': size=5696Kb used=2288Kb max_used=2348Kb free=3407Kb
 bounds [0x0000024b91440000, 0x0000024b916b0000, 0x0000024b919d0000]
 total_blobs=11908 nmethods=11014 adapters=805
 compilation: enabled
              stopped_count=0, restarted_count=0
 full_count=0

Compilation events (20 events):
Event: 34.884 Thread 0x0000024ba7cda000 11866       2       java.util.zip.CRC32::<init> (5 bytes)
Event: 34.884 Thread 0x0000024ba7cda000 nmethod 11866 0x0000024b9307fa90 code [0x0000024b9307fc40, 0x0000024b9307fd38]
Event: 34.891 Thread 0x0000024ba7cda000 11867       2       java.util.zip.CRC32::getValue (10 bytes)
Event: 34.891 Thread 0x0000024ba7cda000 nmethod 11867 0x0000024b9307fe10 code [0x0000024b9307ffc0, 0x0000024b930800d8]
Event: 34.898 Thread 0x0000024ba89f8000 nmethod 11865% 0x0000024b9959b890 code [0x0000024b9959ba40, 0x0000024b9959c308]
Event: 34.898 Thread 0x0000024ba89f8000 11863       4       com.android.tools.r8.dex.P$g$$Lambda$948/0x0000000100c64040::apply (15 bytes)
Event: 34.899 Thread 0x0000024ba7ccd800 nmethod 11864 0x0000024b9959c610 code [0x0000024b9959c820, 0x0000024b9959cf70]
Event: 34.899 Thread 0x0000024ba7ccd800 11868       4       java.util.IdentityHashMap::resize (153 bytes)
Event: 34.914 Thread 0x0000024ba89f8000 nmethod 11863 0x0000024b9959d410 code [0x0000024b9959d620, 0x0000024b9959dd70]
Event: 34.914 Thread 0x0000024ba89f8000 11869       4       com.android.tools.r8.graph.O::a (275 bytes)
Event: 34.924 Thread 0x0000024ba7ccd800 nmethod 11868 0x0000024b9959e210 code [0x0000024b9959e3c0, 0x0000024b9959ec88]
Event: 34.924 Thread 0x0000024ba7ccd800 11870       4       java.util.stream.SpinedBuffer::ensureCapacity (138 bytes)
Event: 34.947 Thread 0x0000024ba7cda000 11872       2       com.android.tools.r8.code.N0::a (1 bytes)
Event: 34.947 Thread 0x0000024ba7cda000 nmethod 11872 0x0000024b93080190 code [0x0000024b93080340, 0x0000024b93080438]
Event: 34.951 Thread 0x0000024ba7ccd800 nmethod 11870 0x0000024b9959ef90 code [0x0000024b9959f160, 0x0000024b9959fb58]
Event: 34.951 Thread 0x0000024ba7ccd800 11873       4       com.android.tools.r8.graph.n0$$Lambda$958/0x0000000100c61840::accept (20 bytes)
Event: 35.032 Thread 0x0000024ba7cda000 11878 %     3       com.android.tools.r8.graph.J::a @ 10 (75 bytes)
Event: 35.033 Thread 0x0000024ba7cda000 nmethod 11878% 0x0000024b93080510 code [0x0000024b930807a0, 0x0000024b930813b8]
Event: 35.033 Thread 0x0000024ba7cda000 11879       3       com.android.tools.r8.graph.J::a (75 bytes)
Event: 35.034 Thread 0x0000024ba7cda000 nmethod 11879 0x0000024b93081710 code [0x0000024b93081980, 0x0000024b93082518]

GC Heap History (20 events):
Event: 21.435 GC heap after
{Heap after GC invocations=27 (full 0):
 garbage-first heap   total 165888K, used 73152K [0x0000000080000000, 0x0000000100000000)
  region size 1024K, 5 young (5120K), 5 survivors (5120K)
 Metaspace       used 79259K, capacity 81133K, committed 81408K, reserved 1120256K
  class space    used 10254K, capacity 10910K, committed 11008K, reserved 1048576K
}
Event: 22.679 GC heap before
{Heap before GC invocations=27 (full 0):
 garbage-first heap   total 165888K, used 128448K [0x0000000080000000, 0x0000000100000000)
  region size 1024K, 60 young (61440K), 5 survivors (5120K)
 Metaspace       used 79676K, capacity 81515K, committed 81664K, reserved 1120256K
  class space    used 10270K, capacity 10924K, committed 11008K, reserved 1048576K
}
Event: 22.703 GC heap after
{Heap after GC invocations=28 (full 0):
 garbage-first heap   total 165888K, used 75940K [0x0000000080000000, 0x0000000100000000)
  region size 1024K, 7 young (7168K), 7 survivors (7168K)
 Metaspace       used 79676K, capacity 81515K, committed 81664K, reserved 1120256K
  class space    used 10270K, capacity 10924K, committed 11008K, reserved 1048576K
}
Event: 23.722 GC heap before
{Heap before GC invocations=28 (full 0):
 garbage-first heap   total 165888K, used 131236K [0x0000000080000000, 0x0000000100000000)
  region size 1024K, 62 young (63488K), 7 survivors (7168K)
 Metaspace       used 82256K, capacity 84142K, committed 84352K, reserved 1122304K
  class space    used 10624K, capacity 11318K, committed 11392K, reserved 1048576K
}
Event: 23.753 GC heap after
{Heap after GC invocations=29 (full 0):
 garbage-first heap   total 199680K, used 78888K [0x0000000080000000, 0x0000000100000000)
  region size 1024K, 7 young (7168K), 7 survivors (7168K)
 Metaspace       used 82256K, capacity 84142K, committed 84352K, reserved 1122304K
  class space    used 10624K, capacity 11318K, committed 11392K, reserved 1048576K
}
Event: 25.400 GC heap before
{Heap before GC invocations=29 (full 0):
 garbage-first heap   total 199680K, used 145448K [0x0000000080000000, 0x0000000100000000)
  region size 1024K, 73 young (74752K), 7 survivors (7168K)
 Metaspace       used 84290K, capacity 86170K, committed 86400K, reserved 1124352K
  class space    used 10848K, capacity 11564K, committed 11648K, reserved 1048576K
}
Event: 25.440 GC heap after
{Heap after GC invocations=30 (full 0):
 garbage-first heap   total 199680K, used 86039K [0x0000000080000000, 0x0000000100000000)
  region size 1024K, 10 young (10240K), 10 survivors (10240K)
 Metaspace       used 84290K, capacity 86170K, committed 86400K, reserved 1124352K
  class space    used 10848K, capacity 11564K, committed 11648K, reserved 1048576K
}
Event: 26.888 GC heap before
{Heap before GC invocations=30 (full 0):
 garbage-first heap   total 199680K, used 155671K [0x0000000080000000, 0x0000000100000000)
  region size 1024K, 68 young (69632K), 10 survivors (10240K)
 Metaspace       used 87211K, capacity 89203K, committed 89344K, reserved 1126400K
  class space    used 11257K, capacity 11978K, committed 12032K, reserved 1048576K
}
Event: 26.925 GC heap after
{Heap after GC invocations=31 (full 0):
 garbage-first heap   total 199680K, used 105044K [0x0000000080000000, 0x0000000100000000)
  region size 1024K, 10 young (10240K), 10 survivors (10240K)
 Metaspace       used 87211K, capacity 89203K, committed 89344K, reserved 1126400K
  class space    used 11257K, capacity 11978K, committed 12032K, reserved 1048576K
}
Event: 28.613 GC heap before
{Heap before GC invocations=32 (full 0):
 garbage-first heap   total 199680K, used 171604K [0x0000000080000000, 0x0000000100000000)
  region size 1024K, 62 young (63488K), 10 survivors (10240K)
 Metaspace       used 87753K, capacity 89662K, committed 89984K, reserved 1126400K
  class space    used 11305K, capacity 12002K, committed 12160K, reserved 1048576K
}
Event: 28.773 GC heap after
{Heap after GC invocations=33 (full 0):
 garbage-first heap   total 202752K, used 129321K [0x0000000080000000, 0x0000000100000000)
  region size 1024K, 8 young (8192K), 8 survivors (8192K)
 Metaspace       used 87753K, capacity 89662K, committed 89984K, reserved 1126400K
  class space    used 11305K, capacity 12002K, committed 12160K, reserved 1048576K
}
Event: 29.967 GC heap before
{Heap before GC invocations=34 (full 0):
 garbage-first heap   total 202752K, used 164137K [0x0000000080000000, 0x0000000100000000)
  region size 1024K, 41 young (41984K), 8 survivors (8192K)
 Metaspace       used 89668K, capacity 91593K, committed 91776K, reserved 1128448K
  class space    used 11655K, capacity 12385K, committed 12416K, reserved 1048576K
}
Event: 30.042 GC heap after
{Heap after GC invocations=35 (full 0):
 garbage-first heap   total 285696K, used 141312K [0x0000000080000000, 0x0000000100000000)
  region size 1024K, 6 young (6144K), 6 survivors (6144K)
 Metaspace       used 89668K, capacity 91593K, committed 91776K, reserved 1128448K
  class space    used 11655K, capacity 12385K, committed 12416K, reserved 1048576K
}
Event: 30.746 GC heap before
{Heap before GC invocations=35 (full 0):
 garbage-first heap   total 285696K, used 201728K [0x0000000080000000, 0x0000000100000000)
  region size 1024K, 66 young (67584K), 6 survivors (6144K)
 Metaspace       used 89720K, capacity 91728K, committed 91776K, reserved 1128448K
  class space    used 11655K, capacity 12385K, committed 12416K, reserved 1048576K
}
Event: 30.877 GC heap after
{Heap after GC invocations=36 (full 0):
 garbage-first heap   total 285696K, used 174592K [0x0000000080000000, 0x0000000100000000)
  region size 1024K, 9 young (9216K), 9 survivors (9216K)
 Metaspace       used 89720K, capacity 91728K, committed 91776K, reserved 1128448K
  class space    used 11655K, capacity 12385K, committed 12416K, reserved 1048576K
}
Event: 32.762 GC heap before
{Heap before GC invocations=37 (full 0):
 garbage-first heap   total 285696K, used 215552K [0x0000000080000000, 0x0000000100000000)
  region size 1024K, 50 young (51200K), 9 survivors (9216K)
 Metaspace       used 91395K, capacity 93384K, committed 93568K, reserved 1130496K
  class space    used 11873K, capacity 12648K, committed 12672K, reserved 1048576K
}
Event: 32.846 GC heap after
{Heap after GC invocations=38 (full 0):
 garbage-first heap   total 285696K, used 189440K [0x0000000080000000, 0x0000000100000000)
  region size 1024K, 7 young (7168K), 7 survivors (7168K)
 Metaspace       used 91395K, capacity 93384K, committed 93568K, reserved 1130496K
  class space    used 11873K, capacity 12648K, committed 12672K, reserved 1048576K
}
Event: 33.700 GC heap before
{Heap before GC invocations=38 (full 0):
 garbage-first heap   total 285696K, used 224256K [0x0000000080000000, 0x0000000100000000)
  region size 1024K, 42 young (43008K), 7 survivors (7168K)
 Metaspace       used 92213K, capacity 94265K, committed 94464K, reserved 1130496K
  class space    used 11967K, capacity 12766K, committed 12800K, reserved 1048576K
}
Event: 33.755 GC heap after
{Heap after GC invocations=39 (full 0):
 garbage-first heap   total 285696K, used 195959K [0x0000000080000000, 0x0000000100000000)
  region size 1024K, 6 young (6144K), 6 survivors (6144K)
 Metaspace       used 92213K, capacity 94265K, committed 94464K, reserved 1130496K
  class space    used 11967K, capacity 12766K, committed 12800K, reserved 1048576K
}
Event: 35.053 GC heap before
{Heap before GC invocations=39 (full 0):
 garbage-first heap   total 285696K, used 223607K [0x0000000080000000, 0x0000000100000000)
  region size 1024K, 39 young (39936K), 6 survivors (6144K)
 Metaspace       used 92362K, capacity 94433K, committed 94464K, reserved 1130496K
  class space    used 11985K, capacity 12772K, committed 12800K, reserved 1048576K
}

Deoptimization events (20 events):
Event: 34.340 Thread 0x0000024bb1a35000 DEOPT PACKING pc=0x0000024b99574278 sp=0x000000a3e45fd5f0
Event: 34.340 Thread 0x0000024bb1a35000 DEOPT UNPACKING pc=0x0000024b914674af sp=0x000000a3e45fd278 mode 2
Event: 34.627 Thread 0x0000024bb1a35000 Uncommon trap: trap_request=0xffffffcc fr.pc=0x0000024b9957e8b0 relative=0x0000000000002610
Event: 34.627 Thread 0x0000024bb1a35000 Uncommon trap: reason=intrinsic_or_type_checked_inlining action=make_not_entrant pc=0x0000024b9957e8b0 method=java.util.stream.SpinedBuffer.copyInto([Ljava/lang/Object;I)V @ 87 c2
Event: 34.627 Thread 0x0000024bb1a35000 DEOPT PACKING pc=0x0000024b9957e8b0 sp=0x000000a3e45fd600
Event: 34.627 Thread 0x0000024bb1a35000 DEOPT UNPACKING pc=0x0000024b914674af sp=0x000000a3e45fd298 mode 2
Event: 34.634 Thread 0x0000024bb1a35000 DEOPT PACKING pc=0x0000024b92f38329 sp=0x000000a3e45fd900
Event: 34.634 Thread 0x0000024bb1a35000 DEOPT UNPACKING pc=0x0000024b914672ce sp=0x000000a3e45fcda8 mode 0
Event: 34.666 Thread 0x0000024bb1a30800 Uncommon trap: trap_request=0xffffff4d fr.pc=0x0000024b993915b4 relative=0x0000000000000474
Event: 34.666 Thread 0x0000024bb1a30800 Uncommon trap: reason=unstable_if action=reinterpret pc=0x0000024b993915b4 method=java.io.ObjectOutputStream$BlockDataOutputStream.writeBytes(Ljava/lang/String;)V @ 22 c2
Event: 34.666 Thread 0x0000024bb1a30800 DEOPT PACKING pc=0x0000024b993915b4 sp=0x000000a3e4afd0d0
Event: 34.666 Thread 0x0000024bb1a30800 DEOPT UNPACKING pc=0x0000024b914674af sp=0x000000a3e4afd058 mode 2
Event: 34.899 Thread 0x0000024bb1a35000 DEOPT PACKING pc=0x0000024b93075f83 sp=0x000000a3e45fd810
Event: 34.899 Thread 0x0000024bb1a35000 DEOPT UNPACKING pc=0x0000024b914672ce sp=0x000000a3e45fccc8 mode 0
Event: 34.908 Thread 0x0000024bb1a35000 Uncommon trap: trap_request=0xffffffcc fr.pc=0x0000024b99598b7c relative=0x00000000000026dc
Event: 34.908 Thread 0x0000024bb1a35000 Uncommon trap: reason=intrinsic_or_type_checked_inlining action=make_not_entrant pc=0x0000024b99598b7c method=java.util.stream.SpinedBuffer.copyInto([Ljava/lang/Object;I)V @ 125 c2
Event: 34.908 Thread 0x0000024bb1a35000 DEOPT PACKING pc=0x0000024b99598b7c sp=0x000000a3e45fd600
Event: 34.908 Thread 0x0000024bb1a35000 DEOPT UNPACKING pc=0x0000024b914674af sp=0x000000a3e45fd298 mode 2
Event: 35.034 Thread 0x0000024bb1a35000 DEOPT PACKING pc=0x0000024b9306433b sp=0x000000a3e45fd900
Event: 35.034 Thread 0x0000024bb1a35000 DEOPT UNPACKING pc=0x0000024b914672ce sp=0x000000a3e45fcdb0 mode 0

Classes redefined (0 events):
No events

Internal exceptions (20 events):
Event: 33.674 Thread 0x0000024baee11000 Exception <a 'sun/nio/fs/WindowsException'{0x000000008f43c4d8}> (0x000000008f43c4d8) thrown at [./src/hotspot/share/prims/jni.cpp, line 615]
Event: 33.674 Thread 0x0000024baee11000 Exception <a 'sun/nio/fs/WindowsException'{0x000000008f43c558}> (0x000000008f43c558) thrown at [./src/hotspot/share/prims/jni.cpp, line 615]
Event: 33.684 Thread 0x0000024baee11000 Exception <a 'sun/nio/fs/WindowsException'{0x000000008f47b018}> (0x000000008f47b018) thrown at [./src/hotspot/share/prims/jni.cpp, line 615]
Event: 33.684 Thread 0x0000024baee11000 Exception <a 'sun/nio/fs/WindowsException'{0x000000008f47b098}> (0x000000008f47b098) thrown at [./src/hotspot/share/prims/jni.cpp, line 615]
Event: 33.694 Thread 0x0000024baee11000 Exception <a 'sun/nio/fs/WindowsException'{0x000000008f4b9860}> (0x000000008f4b9860) thrown at [./src/hotspot/share/prims/jni.cpp, line 615]
Event: 33.694 Thread 0x0000024baee11000 Exception <a 'sun/nio/fs/WindowsException'{0x000000008f4b98e0}> (0x000000008f4b98e0) thrown at [./src/hotspot/share/prims/jni.cpp, line 615]
Event: 33.813 Thread 0x0000024baee11000 Exception <a 'sun/nio/fs/WindowsException'{0x0000000091674448}> (0x0000000091674448) thrown at [./src/hotspot/share/prims/jni.cpp, line 615]
Event: 33.814 Thread 0x0000024baee11000 Exception <a 'sun/nio/fs/WindowsException'{0x00000000916744c8}> (0x00000000916744c8) thrown at [./src/hotspot/share/prims/jni.cpp, line 615]
Event: 33.959 Thread 0x0000024baee11000 Exception <a 'sun/nio/fs/WindowsException'{0x00000000913df720}> (0x00000000913df720) thrown at [./src/hotspot/share/prims/jni.cpp, line 615]
Event: 33.959 Thread 0x0000024baee11000 Exception <a 'sun/nio/fs/WindowsException'{0x00000000913df7a0}> (0x00000000913df7a0) thrown at [./src/hotspot/share/prims/jni.cpp, line 615]
Event: 34.096 Thread 0x0000024baee11000 Exception <a 'sun/nio/fs/WindowsException'{0x0000000090f96620}> (0x0000000090f96620) thrown at [./src/hotspot/share/prims/jni.cpp, line 615]
Event: 34.096 Thread 0x0000024baee11000 Exception <a 'sun/nio/fs/WindowsException'{0x0000000090f966a0}> (0x0000000090f966a0) thrown at [./src/hotspot/share/prims/jni.cpp, line 615]
Event: 34.473 Thread 0x0000024baee11000 Exception <a 'sun/nio/fs/WindowsException'{0x00000000907403f8}> (0x00000000907403f8) thrown at [./src/hotspot/share/prims/jni.cpp, line 615]
Event: 34.473 Thread 0x0000024baee11000 Exception <a 'sun/nio/fs/WindowsException'{0x0000000090740478}> (0x0000000090740478) thrown at [./src/hotspot/share/prims/jni.cpp, line 615]
Event: 34.599 Thread 0x0000024baee11000 Exception <a 'sun/nio/fs/WindowsException'{0x00000000905de4b8}> (0x00000000905de4b8) thrown at [./src/hotspot/share/prims/jni.cpp, line 615]
Event: 34.599 Thread 0x0000024baee11000 Exception <a 'sun/nio/fs/WindowsException'{0x00000000905de538}> (0x00000000905de538) thrown at [./src/hotspot/share/prims/jni.cpp, line 615]
Event: 34.834 Thread 0x0000024baee11000 Exception <a 'sun/nio/fs/WindowsException'{0x000000009024bce0}> (0x000000009024bce0) thrown at [./src/hotspot/share/prims/jni.cpp, line 615]
Event: 34.834 Thread 0x0000024baee11000 Exception <a 'sun/nio/fs/WindowsException'{0x000000009024bd60}> (0x000000009024bd60) thrown at [./src/hotspot/share/prims/jni.cpp, line 615]
Event: 35.029 Thread 0x0000024baee11000 Exception <a 'sun/nio/fs/WindowsException'{0x000000008fa5e868}> (0x000000008fa5e868) thrown at [./src/hotspot/share/prims/jni.cpp, line 615]
Event: 35.029 Thread 0x0000024baee11000 Exception <a 'sun/nio/fs/WindowsException'{0x000000008fa5e8e8}> (0x000000008fa5e8e8) thrown at [./src/hotspot/share/prims/jni.cpp, line 615]

Events (20 events):
Event: 34.880 loading class org/apache/commons/codec/BinaryEncoder done
Event: 34.881 loading class org/apache/commons/codec/Encoder
Event: 34.881 loading class org/apache/commons/codec/Encoder done
Event: 34.881 loading class org/apache/commons/codec/BinaryDecoder
Event: 34.881 loading class org/apache/commons/codec/BinaryDecoder done
Event: 34.883 loading class org/apache/commons/codec/Decoder
Event: 34.883 loading class org/apache/commons/codec/Decoder done
Event: 34.884 loading class org/apache/commons/codec/DecoderException
Event: 34.884 loading class org/apache/commons/codec/DecoderException done
Event: 34.885 loading class org/apache/commons/codec/EncoderException
Event: 34.885 loading class org/apache/commons/codec/EncoderException done
Event: 34.886 loading class org/apache/commons/codec/binary/BaseNCodec$Context
Event: 34.886 loading class org/apache/commons/codec/binary/BaseNCodec$Context done
Event: 34.887 loading class com/google/common/io/FileWriteMode
Event: 34.887 loading class com/google/common/io/FileWriteMode done
Event: 34.888 loading class com/google/common/io/CharSink
Event: 34.888 loading class com/google/common/io/CharSink done
Event: 34.889 loading class com/google/common/io/ByteSink$AsCharSink
Event: 34.889 loading class com/google/common/io/ByteSink$AsCharSink done
Event: 35.052 Executing VM operation: G1CollectForAllocation


Dynamic libraries:
0x00007ff68fbb0000 - 0x00007ff68fbba000 	C:\Program Files\Android\Android Studio\jre\bin\java.exe
0x00007ffdf8530000 - 0x00007ffdf86f1000 	C:\Windows\SYSTEM32\ntdll.dll
0x00007ffdf6c20000 - 0x00007ffdf6ccd000 	C:\Windows\system32\KERNEL32.DLL
0x00007ffdf5440000 - 0x00007ffdf5628000 	C:\Windows\system32\KERNELBASE.dll
0x00007ffde6210000 - 0x00007ffde6227000 	C:\Program Files\Android\Android Studio\jre\bin\VCRUNTIME140.dll
0x00007ffde7ff0000 - 0x00007ffde8009000 	C:\Program Files\Android\Android Studio\jre\bin\jli.dll
0x00007ffdf3df0000 - 0x00007ffdf3ee4000 	C:\Windows\SYSTEM32\ucrtbase.dll
0x00007ffdf6140000 - 0x00007ffdf6296000 	C:\Windows\system32\USER32.dll
0x00007ffdf63c0000 - 0x00007ffdf6547000 	C:\Windows\system32\GDI32.dll
0x00007ffdec530000 - 0x00007ffdec7a4000 	C:\Windows\WinSxS\amd64_microsoft.windows.common-controls_6595b64144ccf1df_6.0.10586.839_none_a2ddba30a539a2ae\COMCTL32.dll
0x00007ffdf62b0000 - 0x00007ffdf634d000 	C:\Windows\system32\msvcrt.dll
0x00007ffdf6890000 - 0x00007ffdf6b0e000 	C:\Windows\system32\combase.dll
0x00007ffdf5b90000 - 0x00007ffdf5cad000 	C:\Windows\system32\RPCRT4.dll
0x00007ffdf53d0000 - 0x00007ffdf543a000 	C:\Windows\system32\bcryptPrimitives.dll
0x00007ffdf5b50000 - 0x00007ffdf5b8b000 	C:\Windows\system32\IMM32.DLL
0x00007ffde0d00000 - 0x00007ffde0d9d000 	C:\Program Files\Android\Android Studio\jre\bin\msvcp140.dll
0x00007ffdd2050000 - 0x00007ffdd2b0c000 	C:\Program Files\Android\Android Studio\jre\bin\server\jvm.dll
0x00007ffdf67e0000 - 0x00007ffdf6887000 	C:\Windows\system32\ADVAPI32.dll
0x00007ffdf5af0000 - 0x00007ffdf5b4b000 	C:\Windows\system32\sechost.dll
0x00007ffdf6b30000 - 0x00007ffdf6b38000 	C:\Windows\system32\PSAPI.DLL
0x00007ffdec200000 - 0x00007ffdec209000 	C:\Windows\SYSTEM32\WSOCK32.dll
0x00007ffdf2f20000 - 0x00007ffdf2f43000 	C:\Windows\SYSTEM32\WINMM.dll
0x00007ffde6e20000 - 0x00007ffde6e2a000 	C:\Windows\SYSTEM32\VERSION.dll
0x00007ffdf6350000 - 0x00007ffdf63bb000 	C:\Windows\system32\WS2_32.dll
0x0000024b8da50000 - 0x0000024b8da7c000 	C:\Windows\SYSTEM32\WINMMBASE.dll
0x00007ffdf5380000 - 0x00007ffdf53c3000 	C:\Windows\system32\cfgmgr32.dll
0x00007ffdf4bd0000 - 0x00007ffdf4bdf000 	C:\Windows\system32\kernel.appcore.dll
0x00007ffdec1e0000 - 0x00007ffdec1f1000 	C:\Program Files\Android\Android Studio\jre\bin\verify.dll
0x00007ffde85f0000 - 0x00007ffde877c000 	C:\Windows\SYSTEM32\DBGHELP.DLL
0x00007ffdf2f80000 - 0x00007ffdf2fa5000 	C:\Windows\SYSTEM32\dbgcore.DLL
0x00007ffdec1b0000 - 0x00007ffdec1d9000 	C:\Program Files\Android\Android Studio\jre\bin\java.dll
0x00007ffdec1a0000 - 0x00007ffdec1ab000 	C:\Program Files\Android\Android Studio\jre\bin\jimage.dll
0x00007ffdec180000 - 0x00007ffdec198000 	C:\Program Files\Android\Android Studio\jre\bin\zip.dll
0x00007ffdf6cd0000 - 0x00007ffdf822c000 	C:\Windows\system32\SHELL32.dll
0x00007ffdf4d30000 - 0x00007ffdf5375000 	C:\Windows\system32\windows.storage.dll
0x00007ffdf5a90000 - 0x00007ffdf5ae2000 	C:\Windows\system32\shlwapi.dll
0x00007ffdf4be0000 - 0x00007ffdf4c95000 	C:\Windows\system32\shcore.dll
0x00007ffdf4b70000 - 0x00007ffdf4bbb000 	C:\Windows\system32\powrprof.dll
0x00007ffdf4b50000 - 0x00007ffdf4b64000 	C:\Windows\system32\profapi.dll
0x00007ffdec160000 - 0x00007ffdec17a000 	C:\Program Files\Android\Android Studio\jre\bin\net.dll
0x00007ffdebf10000 - 0x00007ffdebfd7000 	C:\Windows\SYSTEM32\WINHTTP.dll
0x00007ffdf4480000 - 0x00007ffdf44dc000 	C:\Windows\system32\mswsock.dll
0x00007ffdec140000 - 0x00007ffdec154000 	C:\Program Files\Android\Android Studio\jre\bin\nio.dll
0x00007ffde4d40000 - 0x00007ffde4d66000 	C:\Users\Huzaifa Sammar\.gradle\native\fdc75f09e3144964f2cf3f50f0aa648679c211496f362492102eb8c894070792\windows-amd64\native-platform.dll
0x00007ffdd1eb0000 - 0x00007ffdd2041000 	C:\Users\Huzaifa Sammar\.gradle\native\12488b8bf47d2d4c9fbf2f6322a914ad602e24e48041cd04a747c6da556b65c4\windows-amd64\native-platform-file-events.dll
0x00007ffdec130000 - 0x00007ffdec13a000 	C:\Program Files\Android\Android Studio\jre\bin\management.dll
0x00007ffdec120000 - 0x00007ffdec12c000 	C:\Program Files\Android\Android Studio\jre\bin\management_ext.dll
0x00007ffdf4530000 - 0x00007ffdf4547000 	C:\Windows\SYSTEM32\CRYPTSP.dll
0x00007ffdf41c0000 - 0x00007ffdf41f4000 	C:\Windows\system32\rsaenh.dll
0x00007ffdf4750000 - 0x00007ffdf4779000 	C:\Windows\SYSTEM32\bcrypt.dll
0x00007ffdf4310000 - 0x00007ffdf432f000 	C:\Windows\SYSTEM32\USERENV.dll
0x00007ffdf4650000 - 0x00007ffdf465b000 	C:\Windows\SYSTEM32\CRYPTBASE.dll
0x00007ffdec7c0000 - 0x00007ffdec7f8000 	C:\Windows\SYSTEM32\IPHLPAPI.DLL
0x00007ffdf62a0000 - 0x00007ffdf62a8000 	C:\Windows\system32\NSI.dll
0x00007ffdeb5c0000 - 0x00007ffdeb5d6000 	C:\Windows\SYSTEM32\dhcpcsvc6.DLL
0x00007ffdeb700000 - 0x00007ffdeb71a000 	C:\Windows\SYSTEM32\dhcpcsvc.DLL
0x00007ffdeb7d0000 - 0x00007ffdeb7db000 	C:\Windows\SYSTEM32\WINNSI.DLL

dbghelp: loaded successfully - version: 4.0.5 - missing functions: none
symbol engine: initialized successfully - sym options: 0x614 - pdb path: .;C:\Program Files\Android\Android Studio\jre\bin;C:\Windows\SYSTEM32;C:\Windows\WinSxS\amd64_microsoft.windows.common-controls_6595b64144ccf1df_6.0.10586.839_none_a2ddba30a539a2ae;C:\Program Files\Android\Android Studio\jre\bin\server;C:\Users\Huzaifa Sammar\.gradle\native\fdc75f09e3144964f2cf3f50f0aa648679c211496f362492102eb8c894070792\windows-amd64;C:\Users\Huzaifa Sammar\.gradle\native\12488b8bf47d2d4c9fbf2f6322a914ad602e24e48041cd04a747c6da556b65c4\windows-amd64

VM Arguments:
jvm_args: --add-opens=java.base/java.util=ALL-UNNAMED --add-opens=java.base/java.lang=ALL-UNNAMED --add-opens=java.base/java.lang.invoke=ALL-UNNAMED --add-opens=java.prefs/java.util.prefs=ALL-UNNAMED -Xmx2048m -Dfile.encoding=UTF-8 -Duser.country=US -Duser.language=en -Duser.variant 
java_command: org.gradle.launcher.daemon.bootstrap.GradleDaemon 6.7.1
java_class_path (initial): C:\Users\Huzaifa Sammar\.gradle\wrapper\dists\gradle-6.7.1-bin\bwlcbys1h7rz3272sye1xwiv6\gradle-6.7.1\lib\gradle-launcher-6.7.1.jar
Launcher Type: SUN_STANDARD

[Global flags]
     intx CICompilerCount                          = 3                                         {product} {ergonomic}
     uint ConcGCThreads                            = 1                                         {product} {ergonomic}
     uint G1ConcRefinementThreads                  = 4                                         {product} {ergonomic}
   size_t G1HeapRegionSize                         = 1048576                                   {product} {ergonomic}
    uintx GCDrainStackTargetSize                   = 64                                        {product} {ergonomic}
   size_t InitialHeapSize                          = 67108864                                  {product} {ergonomic}
   size_t MarkStackSize                            = 4194304                                   {product} {ergonomic}
   size_t MaxHeapSize                              = 2147483648                                {product} {command line}
   size_t MaxNewSize                               = 1287651328                                {product} {ergonomic}
   size_t MinHeapDeltaBytes                        = 1048576                                   {product} {ergonomic}
    uintx NonNMethodCodeHeapSize                   = 5830732                                {pd product} {ergonomic}
    uintx NonProfiledCodeHeapSize                  = 122913754                              {pd product} {ergonomic}
    uintx ProfiledCodeHeapSize                     = 122913754                              {pd product} {ergonomic}
    uintx ReservedCodeCacheSize                    = 251658240                              {pd product} {ergonomic}
     bool SegmentedCodeCache                       = true                                      {product} {ergonomic}
     bool UseCompressedClassPointers               = true                                 {lp64_product} {ergonomic}
     bool UseCompressedOops                        = true                                 {lp64_product} {ergonomic}
     bool UseG1GC                                  = true                                      {product} {ergonomic}
     bool UseLargePagesIndividualAllocation        = false                                  {pd product} {ergonomic}

Logging:
Log output configuration:
 #0: stdout all=warning uptime,level,tags
 #1: stderr all=off uptime,level,tags

Environment Variables:
JAVA_HOME=C:\Program Files\Java\jdk-12.0.2
PATH=C:\Users\Huzaifa Sammar\flutter/bin;C:\Program Files\Git\bin\git.exe;C:\Windows\System32;C:\Program Files\Git\cmd;C:\Windows\System32\Windows;C:\Windows\System32\WindowsPowerShell\v1.0;C:\Users\Huzaifa Sammar\AppData\Local\Android\Sdk;C:\Program Files\Java\jdk-12.0.2\bin;C:\Program Files (x86)\Java\jre1.8.0_171\bin;C:\Users\Huzaifa Sammar\dart-sdk\bin;C:\Users\Huzaifa Sammar\AppData\Local\Programs\Python\Python38;C:\Users\Huzaifa Sammar\AppData\Local\Programs\Python\Python38\Scripts
USERNAME=Huzaifa Sammar
OS=Windows_NT
PROCESSOR_IDENTIFIER=Intel64 Family 6 Model 69 Stepping 1, GenuineIntel



---------------  S Y S T E M  ---------------

OS: Windows 10 , 64 bit Build 10586 (10.0.10586.589)
OS uptime: 0 days 7:46 hours

CPU:total 4 (initial active 4) (2 cores per cpu, 2 threads per core) family 6 model 69 stepping 1, cmov, cx8, fxsr, mmx, sse, sse2, sse3, ssse3, sse4.1, sse4.2, popcnt, avx, avx2, aes, clmul, erms, lzcnt, ht, tsc, tscinvbit, bmi1, bmi2, fma

Memory: 4k page, system-wide physical 4001M (357M free)
TotalPageFile size 6680M (AvailPageFile size 115M)
current process WorkingSet (physical memory assigned to process): 582M, peak: 586M
current process commit charge ("private bytes"): 624M, peak: 762M

vm_info: OpenJDK 64-Bit Server VM (11.0.8+10-b944.6842174) for windows-amd64 JRE (11.0.8+10-b944.6842174), built on Sep 19 2020 01:11:42 by "builder" with MS VC++ 14.0 (VS2015)

END.
