#
# There is insufficient memory for the Java Runtime Environment to continue.
# Native memory allocation (malloc) failed to allocate 1048576 bytes for AllocateHeap
# Possible reasons:
#   The system is out of physical RAM or swap space
#   The process is running with CompressedOops enabled, and the Java Heap may be blocking the growth of the native heap
# Possible solutions:
#   Reduce memory load on the system
#   Increase physical memory or swap space
#   Check if swap backing store is full
#   Decrease Java heap size (-Xmx/-Xms)
#   Decrease number of Java threads
#   Decrease Java thread stack sizes (-Xss)
#   Set larger code cache with -XX:ReservedCodeCacheSize=
#   JVM is running with Unscaled Compressed Oops mode in which the Java heap is
#     placed in the first 4GB address space. The Java Heap base address is the
#     maximum limit for the native heap growth. Please use -XX:HeapBaseMinAddress
#     to set the Java Heap base and to place the Java Heap above 4GB virtual address.
# This output file may be truncated or incomplete.
#
#  Out of Memory Error (./src/hotspot/share/memory/allocation.cpp:46), pid=7020, tid=1832
#
# JRE version: OpenJDK Runtime Environment (11.0.8+10) (build 11.0.8+10-b944.6842174)
# Java VM: OpenJDK 64-Bit Server VM (11.0.8+10-b944.6842174, mixed mode, tiered, compressed oops, g1 gc, windows-amd64)
# No core dump will be written. Minidumps are not enabled by default on client versions of Windows
#

---------------  S U M M A R Y ------------

Command Line: org.jetbrains.kotlin.cli.jvm.K2JVMCompiler @C:\Users\Huzaifa Sammar\AndroidStudioProjects\RoadSideAssistance\app\build\20211129_2356589386319085603.compiler.options

Host: Intel(R) Core(TM) i5-4310U CPU @ 2.00GHz, 4 cores, 3G,  Windows 10 , 64 bit Build 10586 (10.0.10586.589)
Time: Mon Nov 29 11:37:06 2021 Pakistan Standard Time elapsed time: 0 seconds (0d 0h 0m 0s)

---------------  T H R E A D  ---------------

Current thread (0x000001ce7fc0c800):  VMThread "VM Thread" [stack: 0x00000057eac00000,0x00000057ead00000] [id=1832]

Stack: [0x00000057eac00000,0x00000057ead00000]
[error occurred during error reporting (printing stack bounds), id 0xc0000005, EXCEPTION_ACCESS_VIOLATION (0xc0000005) at pc=0x000001ce00000dad]

Native frames: (J=compiled Java code, j=interpreted, Vv=VM code, C=native code)
V  [jvm.dll+0x5de50a]
V  [jvm.dll+0x7122f5]
V  [jvm.dll+0x71384d]
V  [jvm.dll+0x713e65]
V  [jvm.dll+0x713e1b]
V  [jvm.dll+0x5dd958]
V  [jvm.dll+0x5de0f8]
C  [ntdll.dll+0xa9aed]
C  [ntdll.dll+0x34fe9]
C  [ntdll.dll+0xa8bfa]
C  0x000001ce00000dad

VM_Operation (0x00000057ea6fc4a0): CollectForMetadataAllocation, mode: safepoint, requested by thread 0x000001ce79156800


---------------  P R O C E S S  ---------------

Threads class SMR info:
_java_thread_list=0x000001ce11929e90, length=10, elements={
0x000001ce79156800, 0x000001ce7fc30000, 0x000001ce7fc33800, 0x000001ce7fc4d000,
0x000001ce7fc4e000, 0x000001ce7fc51800, 0x000001ce7fc99800, 0x000001ce7fca1800,
0x000001ce1191f000, 0x000001ce11932000
}

Java Threads: ( => current thread )
  0x000001ce79156800 JavaThread "main" [_thread_blocked, id=4760, stack(0x00000057ea600000,0x00000057ea700000)]
  0x000001ce7fc30000 JavaThread "Reference Handler" daemon [_thread_blocked, id=4408, stack(0x00000057ead00000,0x00000057eae00000)]
  0x000001ce7fc33800 JavaThread "Finalizer" daemon [_thread_blocked, id=8020, stack(0x00000057eae00000,0x00000057eaf00000)]
  0x000001ce7fc4d000 JavaThread "Signal Dispatcher" daemon [_thread_blocked, id=2572, stack(0x00000057eaf00000,0x00000057eb000000)]
  0x000001ce7fc4e000 JavaThread "Attach Listener" daemon [_thread_blocked, id=8404, stack(0x00000057eb000000,0x00000057eb100000)]
  0x000001ce7fc51800 JavaThread "C2 CompilerThread0" daemon [_thread_blocked, id=4628, stack(0x00000057eb100000,0x00000057eb200000)]
  0x000001ce7fc99800 JavaThread "C1 CompilerThread0" daemon [_thread_blocked, id=3880, stack(0x00000057eb200000,0x00000057eb300000)]
  0x000001ce7fca1800 JavaThread "Sweeper thread" daemon [_thread_blocked, id=4432, stack(0x00000057eb300000,0x00000057eb400000)]
  0x000001ce1191f000 JavaThread "Service Thread" daemon [_thread_blocked, id=7904, stack(0x00000057eb400000,0x00000057eb500000)]
  0x000001ce11932000 JavaThread "Common-Cleaner" daemon [_thread_blocked, id=1028, stack(0x00000057eb600000,0x00000057eb700000)]

Other Threads:
=>0x000001ce7fc0c800 VMThread "VM Thread" [stack: 0x00000057eac00000,0x00000057ead00000] [id=1832]
  0x000001ce11920000 WatcherThread [stack: 0x00000057eb500000,0x00000057eb600000] [id=7896]
  0x000001ce7916f800 GCTaskThread "GC Thread#0" [stack: 0x00000057ea700000,0x00000057ea800000] [id=8384]
  0x000001ce12416800 GCTaskThread "GC Thread#1" [stack: 0x00000057eb700000,0x00000057eb800000] [id=6948]
  0x000001ce79189000 ConcurrentGCThread "G1 Main Marker" [stack: 0x00000057ea800000,0x00000057ea900000] [id=1916]
  0x000001ce7918a800 ConcurrentGCThread "G1 Conc#0" [stack: 0x00000057ea900000,0x00000057eaa00000] [id=1276]
  0x000001ce791e4800 ConcurrentGCThread "G1 Refine#0" [stack: 0x00000057eaa00000,0x00000057eab00000] [id=5040]
  0x000001ce791e7000 ConcurrentGCThread "G1 Young RemSet Sampling" [stack: 0x00000057eab00000,0x00000057eac00000] [id=5604]

Threads with active compile tasks:
C2 CompilerThread0    470  436       4       java.lang.String::hashCode (49 bytes)

VM state:at safepoint (normal execution)

VM Mutex/Monitor currently owned by a thread:  ([mutex/lock_event])
[0x000001ce79151ad0] Threads_lock - owner thread: 0x000001ce7fc0c800
[0x000001ce79151260] Heap_lock - owner thread: 0x000001ce79156800

Heap address: 0x00000000c1600000, size: 1002 MB, Compressed Oops mode: 32-bit
Narrow klass base: 0x0000000000000000, Narrow klass shift: 3
Compressed class space size: 1073741824 Address: 0x0000000100000000

Heap:
 garbage-first heap   total 65536K, used 5260K [0x00000000c1600000, 0x0000000100000000)
  region size 1024K, 2 young (2048K), 2 survivors (2048K)
 Metaspace       used 9710K, capacity 9775K, committed 9856K, reserved 1073152K
  class space    used 820K, capacity 852K, committed 896K, reserved 1048576K
Heap Regions: E=young(eden), S=young(survivor), O=old, HS=humongous(starts), HC=humongous(continues), CS=collection set, F=free, A=archive, TAMS=top-at-mark-start (previous, next)
|   0|0x00000000c1600000, 0x00000000c1700000, 0x00000000c1700000|100%|HS|  |TAMS 0x00000000c1600000, 0x00000000c1700000| Complete 
|   1|0x00000000c1700000, 0x00000000c1800000, 0x00000000c1800000|100%|HC|  |TAMS 0x00000000c1700000, 0x00000000c1800000| Complete 
|   2|0x00000000c1800000, 0x00000000c1900000, 0x00000000c1900000|100%|HC|  |TAMS 0x00000000c1800000, 0x00000000c1900000| Complete 
|   3|0x00000000c1900000, 0x00000000c1900000, 0x00000000c1a00000|  0%| F|  |TAMS 0x00000000c1900000, 0x00000000c1900000| Untracked 
|   4|0x00000000c1a00000, 0x00000000c1a23000, 0x00000000c1b00000| 13%| O|  |TAMS 0x00000000c1a00000, 0x00000000c1a23000| Untracked 
|   5|0x00000000c1b00000, 0x00000000c1b00000, 0x00000000c1c00000|  0%| F|  |TAMS 0x00000000c1b00000, 0x00000000c1b00000| Untracked 
|   6|0x00000000c1c00000, 0x00000000c1c00000, 0x00000000c1d00000|  0%| F|  |TAMS 0x00000000c1c00000, 0x00000000c1c00000| Untracked 
|   7|0x00000000c1d00000, 0x00000000c1d00000, 0x00000000c1e00000|  0%| F|  |TAMS 0x00000000c1d00000, 0x00000000c1d00000| Untracked 
|   8|0x00000000c1e00000, 0x00000000c1e00000, 0x00000000c1f00000|  0%| F|  |TAMS 0x00000000c1e00000, 0x00000000c1e00000| Untracked 
|   9|0x00000000c1f00000, 0x00000000c1f00000, 0x00000000c2000000|  0%| F|  |TAMS 0x00000000c1f00000, 0x00000000c1f00000| Untracked 
|  10|0x00000000c2000000, 0x00000000c2000000, 0x00000000c2100000|  0%| F|  |TAMS 0x00000000c2000000, 0x00000000c2000000| Untracked 
|  11|0x00000000c2100000, 0x00000000c2100000, 0x00000000c2200000|  0%| F|  |TAMS 0x00000000c2100000, 0x00000000c2100000| Untracked 
|  12|0x00000000c2200000, 0x00000000c2200000, 0x00000000c2300000|  0%| F|  |TAMS 0x00000000c2200000, 0x00000000c2200000| Untracked 
|  13|0x00000000c2300000, 0x00000000c2300000, 0x00000000c2400000|  0%| F|  |TAMS 0x00000000c2300000, 0x00000000c2300000| Untracked 
|  14|0x00000000c2400000, 0x00000000c2400000, 0x00000000c2500000|  0%| F|  |TAMS 0x00000000c2400000, 0x00000000c2400000| Untracked 
|  15|0x00000000c2500000, 0x00000000c2500000, 0x00000000c2600000|  0%| F|  |TAMS 0x00000000c2500000, 0x00000000c2500000| Untracked 
|  16|0x00000000c2600000, 0x00000000c2600000, 0x00000000c2700000|  0%| F|  |TAMS 0x00000000c2600000, 0x00000000c2600000| Untracked 
|  17|0x00000000c2700000, 0x00000000c2700000, 0x00000000c2800000|  0%| F|  |TAMS 0x00000000c2700000, 0x00000000c2700000| Untracked 
|  18|0x00000000c2800000, 0x00000000c2800000, 0x00000000c2900000|  0%| F|  |TAMS 0x00000000c2800000, 0x00000000c2800000| Untracked 
|  19|0x00000000c2900000, 0x00000000c2900000, 0x00000000c2a00000|  0%| F|  |TAMS 0x00000000c2900000, 0x00000000c2900000| Untracked 
|  20|0x00000000c2a00000, 0x00000000c2a00000, 0x00000000c2b00000|  0%| F|  |TAMS 0x00000000c2a00000, 0x00000000c2a00000| Untracked 
|  21|0x00000000c2b00000, 0x00000000c2b00000, 0x00000000c2c00000|  0%| F|  |TAMS 0x00000000c2b00000, 0x00000000c2b00000| Untracked 
|  22|0x00000000c2c00000, 0x00000000c2c00000, 0x00000000c2d00000|  0%| F|  |TAMS 0x00000000c2c00000, 0x00000000c2c00000| Untracked 
|  23|0x00000000c2d00000, 0x00000000c2d00000, 0x00000000c2e00000|  0%| F|  |TAMS 0x00000000c2d00000, 0x00000000c2d00000| Untracked 
|  24|0x00000000c2e00000, 0x00000000c2e00000, 0x00000000c2f00000|  0%| F|  |TAMS 0x00000000c2e00000, 0x00000000c2e00000| Untracked 
|  25|0x00000000c2f00000, 0x00000000c2f00000, 0x00000000c3000000|  0%| F|  |TAMS 0x00000000c2f00000, 0x00000000c2f00000| Untracked 
|  26|0x00000000c3000000, 0x00000000c3000000, 0x00000000c3100000|  0%| F|  |TAMS 0x00000000c3000000, 0x00000000c3000000| Untracked 
|  27|0x00000000c3100000, 0x00000000c3100000, 0x00000000c3200000|  0%| F|  |TAMS 0x00000000c3100000, 0x00000000c3100000| Untracked 
|  28|0x00000000c3200000, 0x00000000c3200000, 0x00000000c3300000|  0%| F|  |TAMS 0x00000000c3200000, 0x00000000c3200000| Untracked 
|  29|0x00000000c3300000, 0x00000000c3300000, 0x00000000c3400000|  0%| F|  |TAMS 0x00000000c3300000, 0x00000000c3300000| Untracked 
|  30|0x00000000c3400000, 0x00000000c3400000, 0x00000000c3500000|  0%| F|  |TAMS 0x00000000c3400000, 0x00000000c3400000| Untracked 
|  31|0x00000000c3500000, 0x00000000c3500000, 0x00000000c3600000|  0%| F|  |TAMS 0x00000000c3500000, 0x00000000c3500000| Untracked 
|  32|0x00000000c3600000, 0x00000000c3600000, 0x00000000c3700000|  0%| F|  |TAMS 0x00000000c3600000, 0x00000000c3600000| Untracked 
|  33|0x00000000c3700000, 0x00000000c3700000, 0x00000000c3800000|  0%| F|  |TAMS 0x00000000c3700000, 0x00000000c3700000| Untracked 
|  34|0x00000000c3800000, 0x00000000c3800000, 0x00000000c3900000|  0%| F|  |TAMS 0x00000000c3800000, 0x00000000c3800000| Untracked 
|  35|0x00000000c3900000, 0x00000000c3900000, 0x00000000c3a00000|  0%| F|  |TAMS 0x00000000c3900000, 0x00000000c3900000| Untracked 
|  36|0x00000000c3a00000, 0x00000000c3a00000, 0x00000000c3b00000|  0%| F|  |TAMS 0x00000000c3a00000, 0x00000000c3a00000| Untracked 
|  37|0x00000000c3b00000, 0x00000000c3b00000, 0x00000000c3c00000|  0%| F|  |TAMS 0x00000000c3b00000, 0x00000000c3b00000| Untracked 
|  38|0x00000000c3c00000, 0x00000000c3c00000, 0x00000000c3d00000|  0%| F|  |TAMS 0x00000000c3c00000, 0x00000000c3c00000| Untracked 
|  39|0x00000000c3d00000, 0x00000000c3d00000, 0x00000000c3e00000|  0%| F|  |TAMS 0x00000000c3d00000, 0x00000000c3d00000| Untracked 
|  40|0x00000000c3e00000, 0x00000000c3e00000, 0x00000000c3f00000|  0%| F|  |TAMS 0x00000000c3e00000, 0x00000000c3e00000| Untracked 
|  41|0x00000000c3f00000, 0x00000000c3f00000, 0x00000000c4000000|  0%| F|  |TAMS 0x00000000c3f00000, 0x00000000c3f00000| Untracked 
|  42|0x00000000c4000000, 0x00000000c4000000, 0x00000000c4100000|  0%| F|  |TAMS 0x00000000c4000000, 0x00000000c4000000| Untracked 
|  43|0x00000000c4100000, 0x00000000c4100000, 0x00000000c4200000|  0%| F|  |TAMS 0x00000000c4100000, 0x00000000c4100000| Untracked 
|  44|0x00000000c4200000, 0x00000000c4200000, 0x00000000c4300000|  0%| F|  |TAMS 0x00000000c4200000, 0x00000000c4200000| Untracked 
|  45|0x00000000c4300000, 0x00000000c4300000, 0x00000000c4400000|  0%| F|  |TAMS 0x00000000c4300000, 0x00000000c4300000| Untracked 
|  46|0x00000000c4400000, 0x00000000c4400000, 0x00000000c4500000|  0%| F|  |TAMS 0x00000000c4400000, 0x00000000c4400000| Untracked 
|  47|0x00000000c4500000, 0x00000000c4500000, 0x00000000c4600000|  0%| F|  |TAMS 0x00000000c4500000, 0x00000000c4500000| Untracked 
|  48|0x00000000c4600000, 0x00000000c4700000, 0x00000000c4700000|100%| S|CS|TAMS 0x00000000c4600000, 0x00000000c4600000| Complete 
|  49|0x00000000c4700000, 0x00000000c4800000, 0x00000000c4800000|100%| S|CS|TAMS 0x00000000c4700000, 0x00000000c4700000| Complete 
|  50|0x00000000c4800000, 0x00000000c4800000, 0x00000000c4900000|  0%| F|  |TAMS 0x00000000c4800000, 0x00000000c4800000| Untracked 
|  51|0x00000000c4900000, 0x00000000c4900000, 0x00000000c4a00000|  0%| F|  |TAMS 0x00000000c4900000, 0x00000000c4900000| Untracked 
|  52|0x00000000c4a00000, 0x00000000c4a00000, 0x00000000c4b00000|  0%| F|  |TAMS 0x00000000c4a00000, 0x00000000c4a00000| Untracked 
|  53|0x00000000c4b00000, 0x00000000c4b00000, 0x00000000c4c00000|  0%| F|  |TAMS 0x00000000c4b00000, 0x00000000c4b00000| Untracked 
|  54|0x00000000c4c00000, 0x00000000c4c00000, 0x00000000c4d00000|  0%| F|  |TAMS 0x00000000c4c00000, 0x00000000c4c00000| Untracked 
|  55|0x00000000c4d00000, 0x00000000c4d00000, 0x00000000c4e00000|  0%| F|  |TAMS 0x00000000c4d00000, 0x00000000c4d00000| Untracked 
|  56|0x00000000c4e00000, 0x00000000c4e00000, 0x00000000c4f00000|  0%| F|  |TAMS 0x00000000c4e00000, 0x00000000c4e00000| Untracked 
|  57|0x00000000c4f00000, 0x00000000c4f00000, 0x00000000c5000000|  0%| F|  |TAMS 0x00000000c4f00000, 0x00000000c4f00000| Untracked 
|  58|0x00000000c5000000, 0x00000000c5000000, 0x00000000c5100000|  0%| F|  |TAMS 0x00000000c5000000, 0x00000000c5000000| Untracked 
|  59|0x00000000c5100000, 0x00000000c5100000, 0x00000000c5200000|  0%| F|  |TAMS 0x00000000c5100000, 0x00000000c5100000| Untracked 
|  60|0x00000000c5200000, 0x00000000c5200000, 0x00000000c5300000|  0%| F|  |TAMS 0x00000000c5200000, 0x00000000c5200000| Untracked 
|  61|0x00000000c5300000, 0x00000000c5300000, 0x00000000c5400000|  0%| F|  |TAMS 0x00000000c5300000, 0x00000000c5300000| Untracked 
|  62|0x00000000c5400000, 0x00000000c5400000, 0x00000000c5500000|  0%| F|  |TAMS 0x00000000c5400000, 0x00000000c5400000| Untracked 
|  63|0x00000000c5500000, 0x00000000c5500000, 0x00000000c5600000|  0%| F|  |TAMS 0x00000000c5500000, 0x00000000c5500000| Untracked 

Card table byte_map: [0x000001ce7d300000,0x000001ce7d500000] _byte_map_base: 0x000001ce7ccf5000

Marking Bits (Prev, Next): (CMBitMap*) 0x000001ce79184688, (CMBitMap*) 0x000001ce791846c0
 Prev Bits: [0x000001ce7d700000, 0x000001ce7e6a8000)
 Next Bits: [0x000001ce7e6b0000, 0x000001ce7f658000)

Polling page: 0x000001ce779e0000

Metaspace:

Usage:
  Non-class:      8.71 MB capacity,     8.68 MB (>99%) used,    27.02 KB ( <1%) free+waste,     5.50 KB ( <1%) overhead. 
      Class:    852.00 KB capacity,   820.05 KB ( 96%) used,    30.26 KB (  4%) free+waste,     1.69 KB ( <1%) overhead. 
       Both:      9.55 MB capacity,     9.48 MB (>99%) used,    57.27 KB ( <1%) free+waste,     7.19 KB ( <1%) overhead. 

Virtual space:
  Non-class space:       24.00 MB reserved,       8.75 MB ( 36%) committed 
      Class space:        1.00 GB reserved,     896.00 KB ( <1%) committed 
             Both:        1.02 GB reserved,       9.63 MB ( <1%) committed 

Chunk freelists:
   Non-Class:  37.00 KB
       Class:  12.00 KB
        Both:  49.00 KB

MaxMetaspaceSize: 17179869184.00 GB
CompressedClassSpaceSize: 1.00 GB

CodeHeap 'non-profiled nmethods': size=120064Kb used=129Kb max_used=129Kb free=119934Kb
 bounds [0x000001ce07ac0000, 0x000001ce07d30000, 0x000001ce0f000000]
CodeHeap 'profiled nmethods': size=120000Kb used=695Kb max_used=695Kb free=119305Kb
 bounds [0x000001ce00590000, 0x000001ce00800000, 0x000001ce07ac0000]
CodeHeap 'non-nmethods': size=5696Kb used=1064Kb max_used=1075Kb free=4631Kb
 bounds [0x000001ce00000000, 0x000001ce00270000, 0x000001ce00590000]
 total_blobs=800 nmethods=435 adapters=277
 compilation: enabled
              stopped_count=0, restarted_count=0
 full_count=0

Compilation events (20 events):
Event: 0.448 Thread 0x000001ce7fc99800 nmethod 426 0x000001ce00636c10 code [0x000001ce00636e20, 0x000001ce00637358]
Event: 0.454 Thread 0x000001ce7fc99800  427       3       java.lang.ThreadLocal::getMap (5 bytes)
Event: 0.454 Thread 0x000001ce7fc51800  428       4       java.lang.Object::<init> (1 bytes)
Event: 0.454 Thread 0x000001ce7fc99800 nmethod 427 0x000001ce00637590 code [0x000001ce00637740, 0x000001ce00637838]
Event: 0.454 Thread 0x000001ce7fc99800  429       3       java.lang.ThreadLocal::get (38 bytes)
Event: 0.454 Thread 0x000001ce7fc99800 nmethod 429 0x000001ce00637910 code [0x000001ce00637ae0, 0x000001ce00637dd8]
Event: 0.454 Thread 0x000001ce7fc99800  430       3       java.lang.ThreadLocal$ThreadLocalMap::getEntry (42 bytes)
Event: 0.455 Thread 0x000001ce7fc99800 nmethod 430 0x000001ce00637f90 code [0x000001ce00638160, 0x000001ce00638408]
Event: 0.455 Thread 0x000001ce7fc51800 nmethod 428 0x000001ce07ae0090 code [0x000001ce07ae0220, 0x000001ce07ae02b8]
Event: 0.455 Thread 0x000001ce7fc51800  431       4       java.lang.Character::toUpperCaseEx (30 bytes)
Event: 0.456 Thread 0x000001ce7fc51800 nmethod 431 0x000001ce07ae0390 code [0x000001ce07ae0520, 0x000001ce07ae05f8]
Event: 0.457 Thread 0x000001ce7fc99800  432       3       java.util.jar.JarFile::maybeInstantiateVerifier (112 bytes)
Event: 0.458 Thread 0x000001ce7fc99800 nmethod 432 0x000001ce00638510 code [0x000001ce00638860, 0x000001ce00639a38]
Event: 0.458 Thread 0x000001ce7fc99800  433   !   3       java.util.jar.JarFile::checkForSpecialAttributes (163 bytes)
Event: 0.459 Thread 0x000001ce7fc99800 nmethod 433 0x000001ce0063a110 code [0x000001ce0063a440, 0x000001ce0063b6d8]
Event: 0.459 Thread 0x000001ce7fc99800  434       3       java.util.jar.JarFile::getVersionedEntry (85 bytes)
Event: 0.460 Thread 0x000001ce7fc51800  436       4       java.lang.String::hashCode (49 bytes)
Event: 0.460 Thread 0x000001ce7fc99800 nmethod 434 0x000001ce0063be90 code [0x000001ce0063c180, 0x000001ce0063d188]
Event: 0.460 Thread 0x000001ce7fc99800  435   !   3       java.util.jar.JarFile::isMultiRelease (33 bytes)
Event: 0.460 Thread 0x000001ce7fc99800 nmethod 435 0x000001ce0063d790 code [0x000001ce0063d960, 0x000001ce0063db48]

GC Heap History (2 events):
Event: 0.463 GC heap before
{Heap before GC invocations=0 (full 0):
 garbage-first heap   total 65536K, used 16384K [0x00000000c1600000, 0x0000000100000000)
  region size 1024K, 14 young (14336K), 0 survivors (0K)
 Metaspace       used 9710K, capacity 9775K, committed 9856K, reserved 1071104K
  class space    used 820K, capacity 852K, committed 896K, reserved 1048576K
}
Event: 0.466 GC heap after
{Heap after GC invocations=1 (full 0):
 garbage-first heap   total 65536K, used 5260K [0x00000000c1600000, 0x0000000100000000)
  region size 1024K, 2 young (2048K), 2 survivors (2048K)
 Metaspace       used 9710K, capacity 9775K, committed 9856K, reserved 1071104K
  class space    used 820K, capacity 852K, committed 896K, reserved 1048576K
}

Deoptimization events (20 events):
Event: 0.136 Thread 0x000001ce79156800 DEOPT PACKING pc=0x000001ce005b0a0e sp=0x00000057ea6faa10
Event: 0.136 Thread 0x000001ce79156800 DEOPT UNPACKING pc=0x000001ce000272ce sp=0x00000057ea6f9eb0 mode 0
Event: 0.136 Thread 0x000001ce79156800 DEOPT PACKING pc=0x000001ce005b0a0e sp=0x00000057ea6faa10
Event: 0.136 Thread 0x000001ce79156800 DEOPT UNPACKING pc=0x000001ce000272ce sp=0x00000057ea6f9eb0 mode 0
Event: 0.136 Thread 0x000001ce79156800 DEOPT PACKING pc=0x000001ce005b0a0e sp=0x00000057ea6faa10
Event: 0.136 Thread 0x000001ce79156800 DEOPT UNPACKING pc=0x000001ce000272ce sp=0x00000057ea6f9eb0 mode 0
Event: 0.136 Thread 0x000001ce79156800 DEOPT PACKING pc=0x000001ce005b0a0e sp=0x00000057ea6faa10
Event: 0.136 Thread 0x000001ce79156800 DEOPT UNPACKING pc=0x000001ce000272ce sp=0x00000057ea6f9eb0 mode 0
Event: 0.136 Thread 0x000001ce79156800 DEOPT PACKING pc=0x000001ce005b0a0e sp=0x00000057ea6faa10
Event: 0.136 Thread 0x000001ce79156800 DEOPT UNPACKING pc=0x000001ce000272ce sp=0x00000057ea6f9eb0 mode 0
Event: 0.136 Thread 0x000001ce79156800 DEOPT PACKING pc=0x000001ce005b0a0e sp=0x00000057ea6faa10
Event: 0.136 Thread 0x000001ce79156800 DEOPT UNPACKING pc=0x000001ce000272ce sp=0x00000057ea6f9eb0 mode 0
Event: 0.136 Thread 0x000001ce79156800 DEOPT PACKING pc=0x000001ce005b0a0e sp=0x00000057ea6faa10
Event: 0.137 Thread 0x000001ce79156800 DEOPT UNPACKING pc=0x000001ce000272ce sp=0x00000057ea6f9eb0 mode 0
Event: 0.137 Thread 0x000001ce79156800 DEOPT PACKING pc=0x000001ce005b0a0e sp=0x00000057ea6faa10
Event: 0.137 Thread 0x000001ce79156800 DEOPT UNPACKING pc=0x000001ce000272ce sp=0x00000057ea6f9eb0 mode 0
Event: 0.268 Thread 0x000001ce79156800 DEOPT PACKING pc=0x000001ce005cfd22 sp=0x00000057ea6fa660
Event: 0.268 Thread 0x000001ce79156800 DEOPT UNPACKING pc=0x000001ce000272ce sp=0x00000057ea6f9ac8 mode 0
Event: 0.279 Thread 0x000001ce79156800 DEOPT PACKING pc=0x000001ce005b7a50 sp=0x00000057ea6fd410
Event: 0.279 Thread 0x000001ce79156800 DEOPT UNPACKING pc=0x000001ce000272ce sp=0x00000057ea6fc898 mode 0

Classes redefined (0 events):
No events

Internal exceptions (0 events):
No events

Events (20 events):
Event: 0.458 loading class kotlin/reflect/jvm/internal/impl/descriptors/PackageFragmentProvider done
Event: 0.459 loading class kotlin/reflect/jvm/internal/impl/load/java/lazy/LazyJavaResolverContext
Event: 0.459 loading class kotlin/reflect/jvm/internal/impl/load/java/lazy/LazyJavaResolverContext done
Event: 0.459 loading class kotlin/reflect/jvm/internal/impl/load/java/lazy/TypeParameterResolver$EMPTY
Event: 0.459 loading class kotlin/reflect/jvm/internal/impl/load/java/lazy/TypeParameterResolver$EMPTY done
Event: 0.459 loading class kotlin/reflect/jvm/internal/impl/load/java/lazy/TypeParameterResolver
Event: 0.459 loading class kotlin/reflect/jvm/internal/impl/load/java/lazy/TypeParameterResolver done
Event: 0.459 loading class kotlin/InitializedLazyImpl
Event: 0.459 loading class kotlin/InitializedLazyImpl done
Event: 0.460 loading class kotlin/reflect/jvm/internal/impl/load/java/lazy/types/JavaTypeResolver
Event: 0.460 loading class kotlin/reflect/jvm/internal/impl/load/java/lazy/types/JavaTypeResolver done
Event: 0.461 loading class kotlin/reflect/jvm/internal/impl/storage/LockBasedStorageManager$CacheWithNotNullValuesBasedOnMemoizedFunction
Event: 0.461 loading class kotlin/reflect/jvm/internal/impl/storage/LockBasedStorageManager$CacheWithNotNullValuesBasedOnMemoizedFunction done
Event: 0.462 loading class kotlin/reflect/jvm/internal/impl/load/kotlin/JavaClassDataFinder
Event: 0.462 loading class kotlin/reflect/jvm/internal/impl/load/kotlin/JavaClassDataFinder done
Event: 0.462 loading class kotlin/reflect/jvm/internal/impl/serialization/deserialization/ClassDataFinder
Event: 0.462 loading class kotlin/reflect/jvm/internal/impl/serialization/deserialization/ClassDataFinder done
Event: 0.463 loading class kotlin/reflect/jvm/internal/impl/load/kotlin/BinaryClassAnnotationAndConstantLoaderImpl
Event: 0.463 loading class kotlin/reflect/jvm/internal/impl/load/kotlin/BinaryClassAnnotationAndConstantLoaderImpl done
Event: 0.463 Executing VM operation: CollectForMetadataAllocation


Dynamic libraries:
0x00007ff7e6020000 - 0x00007ff7e602a000 	C:\Program Files\Android\Android Studio\jre\bin\java.exe
0x00007fffb19d0000 - 0x00007fffb1b91000 	C:\Windows\SYSTEM32\ntdll.dll
0x00007fffb11a0000 - 0x00007fffb124d000 	C:\Windows\system32\KERNEL32.DLL
0x00007fffae140000 - 0x00007fffae328000 	C:\Windows\system32\KERNELBASE.dll
0x00007fff97e20000 - 0x00007fff97e37000 	C:\Program Files\Android\Android Studio\jre\bin\VCRUNTIME140.dll
0x00007fff97e40000 - 0x00007fff97e59000 	C:\Program Files\Android\Android Studio\jre\bin\jli.dll
0x00007fffad290000 - 0x00007fffad384000 	C:\Windows\SYSTEM32\ucrtbase.dll
0x00007fffaf8d0000 - 0x00007fffafa26000 	C:\Windows\system32\USER32.dll
0x00007fffa5b80000 - 0x00007fffa5df4000 	C:\Windows\WinSxS\amd64_microsoft.windows.common-controls_6595b64144ccf1df_6.0.10586.839_none_a2ddba30a539a2ae\COMCTL32.dll
0x00007fffb0f90000 - 0x00007fffb1117000 	C:\Windows\system32\GDI32.dll
0x00007fffaf830000 - 0x00007fffaf8cd000 	C:\Windows\system32\msvcrt.dll
0x00007fffb1750000 - 0x00007fffb19ce000 	C:\Windows\system32\combase.dll
0x00007fffaee30000 - 0x00007fffaef4d000 	C:\Windows\system32\RPCRT4.dll
0x00007fffae500000 - 0x00007fffae56a000 	C:\Windows\system32\bcryptPrimitives.dll
0x00007fffb1660000 - 0x00007fffb169b000 	C:\Windows\system32\IMM32.DLL
0x00007fff83660000 - 0x00007fff836fd000 	C:\Program Files\Android\Android Studio\jre\bin\msvcp140.dll
0x00007fff8b540000 - 0x00007fff8bffc000 	C:\Program Files\Android\Android Studio\jre\bin\server\jvm.dll
0x00007fffaf490000 - 0x00007fffaf537000 	C:\Windows\system32\ADVAPI32.dll
0x00007fffaedd0000 - 0x00007fffaee2b000 	C:\Windows\system32\sechost.dll
0x00007fffb1120000 - 0x00007fffb1128000 	C:\Windows\system32\PSAPI.DLL
0x00007fff9d500000 - 0x00007fff9d509000 	C:\Windows\SYSTEM32\WSOCK32.dll
0x00007fffac330000 - 0x00007fffac353000 	C:\Windows\SYSTEM32\WINMM.dll
0x00007fffa0300000 - 0x00007fffa030a000 	C:\Windows\SYSTEM32\VERSION.dll
0x00007fffb1130000 - 0x00007fffb119b000 	C:\Windows\system32\WS2_32.dll
0x00007fffac2d0000 - 0x00007fffac2fc000 	C:\Windows\SYSTEM32\WINMMBASE.dll
0x00007fffaec40000 - 0x00007fffaec83000 	C:\Windows\system32\cfgmgr32.dll
0x00007fffae070000 - 0x00007fffae07f000 	C:\Windows\system32\kernel.appcore.dll
0x00007fff988b0000 - 0x00007fff988c1000 	C:\Program Files\Android\Android Studio\jre\bin\verify.dll
0x00007fff8f870000 - 0x00007fff8f9fc000 	C:\Windows\SYSTEM32\DBGHELP.DLL
0x00007fffa1810000 - 0x00007fffa1835000 	C:\Windows\SYSTEM32\dbgcore.DLL
0x00007fff98880000 - 0x00007fff988a9000 	C:\Program Files\Android\Android Studio\jre\bin\java.dll
0x00007fff9ce50000 - 0x00007fff9ce5b000 	C:\Program Files\Android\Android Studio\jre\bin\jimage.dll
0x00007fff98860000 - 0x00007fff98878000 	C:\Program Files\Android\Android Studio\jre\bin\zip.dll
0x00007fffafa30000 - 0x00007fffb0f8c000 	C:\Windows\system32\SHELL32.dll
0x00007fffae5f0000 - 0x00007fffaec35000 	C:\Windows\system32\windows.storage.dll
0x00007fffb15e0000 - 0x00007fffb1632000 	C:\Windows\system32\shlwapi.dll
0x00007fffae080000 - 0x00007fffae135000 	C:\Windows\system32\shcore.dll
0x00007fffae020000 - 0x00007fffae06b000 	C:\Windows\system32\powrprof.dll
0x00007fffadff0000 - 0x00007fffae004000 	C:\Windows\system32\profapi.dll
0x00007fff959a0000 - 0x00007fff959ba000 	C:\Program Files\Android\Android Studio\jre\bin\net.dll
0x00007fffa5480000 - 0x00007fffa5547000 	C:\Windows\SYSTEM32\WINHTTP.dll
0x00007fffad920000 - 0x00007fffad97c000 	C:\Windows\system32\mswsock.dll
0x00007fff94750000 - 0x00007fff94764000 	C:\Program Files\Android\Android Studio\jre\bin\nio.dll

dbghelp: loaded successfully - version: 4.0.5 - missing functions: none
symbol engine: initialized successfully - sym options: 0x614 - pdb path: .;C:\Program Files\Android\Android Studio\jre\bin;C:\Windows\SYSTEM32;C:\Windows\WinSxS\amd64_microsoft.windows.common-controls_6595b64144ccf1df_6.0.10586.839_none_a2ddba30a539a2ae;C:\Program Files\Android\Android Studio\jre\bin\server

VM Arguments:
java_command: org.jetbrains.kotlin.cli.jvm.K2JVMCompiler @C:\Users\Huzaifa Sammar\AndroidStudioProjects\RoadSideAssistance\app\build\20211129_2356589386319085603.compiler.options
java_class_path (initial): C:\Users\Huzaifa Sammar\.gradle\caches\modules-2\files-2.1\org.jetbrains.kotlin\kotlin-compiler-embeddable\1.5.10\9c35134a025cab7a1e6eee0d87d241c2f30c1218\kotlin-compiler-embeddable-1.5.10.jar;C:\Users\Huzaifa Sammar\.gradle\caches\modules-2\files-2.1\org.jetbrains.kotlin\kotlin-reflect\1.5.10\d6c70f3c0df2457ea0095c61c1fc1188017dc3bc\kotlin-reflect-1.5.10.jar;C:\Users\Huzaifa Sammar\.gradle\caches\modules-2\files-2.1\org.jetbrains.kotlin\kotlin-stdlib\1.5.10\da6a904b132f0402fa4d79169a3c1770598d4702\kotlin-stdlib-1.5.10.jar;C:\Users\Huzaifa Sammar\.gradle\caches\modules-2\files-2.1\org.jetbrains.kotlin\kotlin-script-runtime\1.5.10\69bad0ece91b0797055aeadbd44dc742c458398b\kotlin-script-runtime-1.5.10.jar;C:\Users\Huzaifa Sammar\.gradle\caches\modules-2\files-2.1\org.jetbrains.kotlin\kotlin-daemon-embeddable\1.5.10\d06ad33b62b041dae0609f830c3b48135d53b8bc\kotlin-daemon-embeddable-1.5.10.jar;C:\Users\Huzaifa Sammar\.gradle\caches\modules-2\files-2.1\org.jetbrains.intellij.deps\trove4j\1.0.20181211\216c2e14b070f334479d800987affe4054cd563f\trove4j-1.0.20181211.jar;C:\Users\Huzaifa Sammar\.gradle\caches\modules-2\files-2.1\org.jetbrains\annotations\13.0\919f0dfe192fb4e063e7dacadee7f8bb9a2672a9\annotations-13.0.jar;C:\Users\Huzaifa Sammar\.gradle\caches\modules-2\files-2.1\org.jetbrains.kotlin\kotlin-stdlib-common\1.5.10\6b84d926e28493be69daf673e40076f89492ef7\kotlin-stdlib-common-1.5.10.jar
Launcher Type: SUN_STANDARD

[Global flags]
     intx CICompilerCount                          = 3                                         {product} {ergonomic}
     uint ConcGCThreads                            = 1                                         {product} {ergonomic}
     uint G1ConcRefinementThreads                  = 4                                         {product} {ergonomic}
   size_t G1HeapRegionSize                         = 1048576                                   {product} {ergonomic}
    uintx GCDrainStackTargetSize                   = 64                                        {product} {ergonomic}
   size_t InitialHeapSize                          = 67108864                                  {product} {ergonomic}
   size_t MarkStackSize                            = 4194304                                   {product} {ergonomic}
   size_t MaxHeapSize                              = 1050673152                                {product} {ergonomic}
   size_t MaxNewSize                               = 630194176                                 {product} {ergonomic}
   size_t MinHeapDeltaBytes                        = 1048576                                   {product} {ergonomic}
    uintx NonNMethodCodeHeapSize                   = 5830732                                {pd product} {ergonomic}
    uintx NonProfiledCodeHeapSize                  = 122913754                              {pd product} {ergonomic}
    uintx ProfiledCodeHeapSize                     = 122913754                              {pd product} {ergonomic}
    uintx ReservedCodeCacheSize                    = 251658240                              {pd product} {ergonomic}
     bool SegmentedCodeCache                       = true                                      {product} {ergonomic}
     bool UseCompressedClassPointers               = true                                 {lp64_product} {ergonomic}
     bool UseCompressedOops                        = true                                 {lp64_product} {ergonomic}
     bool UseG1GC                                  = true                                      {product} {ergonomic}
     bool UseLargePagesIndividualAllocation        = false                                  {pd product} {ergonomic}

Logging:
Log output configuration:
 #0: stdout all=warning uptime,level,tags
 #1: stderr all=off uptime,level,tags

Environment Variables:
JAVA_HOME=C:\Program Files\Java\jdk-12.0.2
PATH=C:\Users\Huzaifa Sammar\flutter/bin;C:\Program Files\Git\bin\git.exe;C:\Windows\System32;C:\Program Files\Git\cmd;C:\Windows\System32\Windows;C:\Windows\System32\WindowsPowerShell\v1.0;C:\Users\Huzaifa Sammar\AppData\Local\Android\Sdk;C:\Program Files\Java\jdk-12.0.2\bin;C:\Program Files (x86)\Java\jre1.8.0_171\bin;C:\Users\Huzaifa Sammar\dart-sdk\bin;C:\Users\Huzaifa Sammar\AppData\Local\Programs\Python\Python38;C:\Users\Huzaifa Sammar\AppData\Local\Programs\Python\Python38\Scripts
USERNAME=Huzaifa Sammar
OS=Windows_NT
PROCESSOR_IDENTIFIER=Intel64 Family 6 Model 69 Stepping 1, GenuineIntel



---------------  S Y S T E M  ---------------

OS: Windows 10 , 64 bit Build 10586 (10.0.10586.589)
OS uptime: 2 days 2:06 hours

CPU:total 4 (initial active 4) (2 cores per cpu, 2 threads per core) family 6 model 69 stepping 1, cmov, cx8, fxsr, mmx, sse, sse2, sse3, ssse3, sse4.1, sse4.2, popcnt, avx, avx2, aes, clmul, erms, lzcnt, ht, tsc, tscinvbit, bmi1, bmi2, fma

Memory: 4k page, system-wide physical 4001M (366M free)
TotalPageFile size 6428M (AvailPageFile size 2M)
current process WorkingSet (physical memory assigned to process): 61M, peak: 61M
current process commit charge ("private bytes"): 137M, peak: 138M

vm_info: OpenJDK 64-Bit Server VM (11.0.8+10-b944.6842174) for windows-amd64 JRE (11.0.8+10-b944.6842174), built on Sep 19 2020 01:11:42 by "builder" with MS VC++ 14.0 (VS2015)

END.
