#
# There is insufficient memory for the Java Runtime Environment to continue.
# Native memory allocation (mmap) failed to map 89128960 bytes for Failed to commit area from 0x000000008ea00000 to 0x0000000093f00000 of length 89128960.
# Possible reasons:
#   The system is out of physical RAM or swap space
#   The process is running with CompressedOops enabled, and the Java Heap may be blocking the growth of the native heap
# Possible solutions:
#   Reduce memory load on the system
#   Increase physical memory or swap space
#   Check if swap backing store is full
#   Decrease Java heap size (-Xmx/-Xms)
#   Decrease number of Java threads
#   Decrease Java thread stack sizes (-Xss)
#   Set larger code cache with -XX:ReservedCodeCacheSize=
#   JVM is running with Unscaled Compressed Oops mode in which the Java heap is
#     placed in the first 4GB address space. The Java Heap base address is the
#     maximum limit for the native heap growth. Please use -XX:HeapBaseMinAddress
#     to set the Java Heap base and to place the Java Heap above 4GB virtual address.
# This output file may be truncated or incomplete.
#
#  Out of Memory Error (./src/hotspot/os/windows/os_windows.cpp:3303), pid=5540, tid=7220
#
# JRE version: OpenJDK Runtime Environment (11.0.8+10) (build 11.0.8+10-b944.6842174)
# Java VM: OpenJDK 64-Bit Server VM (11.0.8+10-b944.6842174, mixed mode, tiered, compressed oops, g1 gc, windows-amd64)
# No core dump will be written. Minidumps are not enabled by default on client versions of Windows
#

---------------  S U M M A R Y ------------

Command Line: --add-opens=java.base/java.util=ALL-UNNAMED --add-opens=java.base/java.lang=ALL-UNNAMED --add-opens=java.base/java.lang.invoke=ALL-UNNAMED --add-opens=java.prefs/java.util.prefs=ALL-UNNAMED -Xmx2048m -Dfile.encoding=UTF-8 -Duser.country=US -Duser.language=en -Duser.variant org.gradle.launcher.daemon.bootstrap.GradleDaemon 6.7.1

Host: Intel(R) Core(TM) i5-4310U CPU @ 2.00GHz, 4 cores, 3G,  Windows 10 , 64 bit Build 10586 (10.0.10586.589)
Time: Wed Nov 24 12:07:09 2021 Pakistan Standard Time elapsed time: 21 seconds (0d 0h 0m 21s)

---------------  T H R E A D  ---------------

Current thread (0x000002b1595bf800):  VMThread "VM Thread" [stack: 0x000000d030400000,0x000000d030500000] [id=7220]

Stack: [0x000000d030400000,0x000000d030500000]
[error occurred during error reporting (printing stack bounds), id 0xc0000005, EXCEPTION_ACCESS_VIOLATION (0xc0000005) at pc=0x000002b142da0dad]

Native frames: (J=compiled Java code, j=interpreted, Vv=VM code, C=native code)
V  [jvm.dll+0x5de50a]
V  [jvm.dll+0x7122f5]
V  [jvm.dll+0x71384d]
V  [jvm.dll+0x713e65]
V  [jvm.dll+0x713e1b]
V  [jvm.dll+0x5dd958]
V  [jvm.dll+0x5de0f8]
C  [ntdll.dll+0xa9aed]
C  [ntdll.dll+0x34fe9]
C  [ntdll.dll+0xa8bfa]
C  0x000002b142da0dad

VM_Operation (0x000000d03b1fd790): G1CollectForAllocation, mode: safepoint, requested by thread 0x000002b162fe3000


---------------  P R O C E S S  ---------------

Threads class SMR info:
_java_thread_list=0x000002b15f5624f0, length=172, elements={
0x000002b13f413000, 0x000002b1595c6800, 0x000002b1595ca000, 0x000002b159620800,
0x000002b159621000, 0x000002b159622800, 0x000002b15962e800, 0x000002b15964e000,
0x000002b15a076800, 0x000002b15a088800, 0x000002b15a14c000, 0x000002b15b833800,
0x000002b15b16e800, 0x000002b15be87000, 0x000002b15bab5000, 0x000002b15bab5800,
0x000002b15b545000, 0x000002b15ad56800, 0x000002b15b352800, 0x000002b15b978000,
0x000002b15b353000, 0x000002b15b218800, 0x000002b15b219800, 0x000002b15b21a800,
0x000002b15b21b000, 0x000002b15ca36000, 0x000002b15ca37800, 0x000002b15ca38800,
0x000002b15ca32800, 0x000002b15ca39000, 0x000002b15ca33800, 0x000002b15ca35000,
0x000002b15ca34000, 0x000002b15ca36800, 0x000002b15ca40800, 0x000002b15ca3f800,
0x000002b15ca3b000, 0x000002b15ca3b800, 0x000002b15ca41800, 0x000002b15ca3f000,
0x000002b15ca3c800, 0x000002b15ca3d000, 0x000002b15ca3e000, 0x000002b15be50000,
0x000002b15be50800, 0x000002b15be4b000, 0x000002b15be4e000, 0x000002b15be4f000,
0x000002b15be4d800, 0x000002b15be51800, 0x000002b15be4c000, 0x000002b15be4c800,
0x000002b15be58000, 0x000002b15be55800, 0x000002b15be57000, 0x000002b15be53000,
0x000002b15be56800, 0x000002b15be55000, 0x000002b15be54000, 0x000002b15be52800,
0x000002b15be59000, 0x000002b15be59800, 0x000002b15f2d9800, 0x000002b15f2df000,
0x000002b15f2e0000, 0x000002b15f2dd800, 0x000002b15f2da000, 0x000002b15f2dc800,
0x000002b15f2de000, 0x000002b15f2dc000, 0x000002b15f2e0800, 0x000002b15f2db000,
0x000002b15f2e6800, 0x000002b15f2e2800, 0x000002b15f2e3000, 0x000002b15f2e5800,
0x000002b15f2e1800, 0x000002b15f2e7000, 0x000002b15f2e5000, 0x000002b15f2e8000,
0x000002b15f2e4000, 0x000002b15c414800, 0x000002b15c417800, 0x000002b15c418800,
0x000002b15c419800, 0x000002b15c415000, 0x000002b15c413800, 0x000002b15c41a000,
0x000002b15c41b800, 0x000002b15c416000, 0x000002b15c41b000, 0x000002b15c41c800,
0x000002b15c417000, 0x000002b15c41d800, 0x000002b15c420800, 0x000002b15c421800,
0x000002b15c41e000, 0x000002b15c41f000, 0x000002b15c420000, 0x000002b15c422000,
0x000002b15a2a0000, 0x000002b15a29f000, 0x000002b15a2a1800, 0x000002b15a2a0800,
0x000002b15a2a4000, 0x000002b15a2a2800, 0x000002b15a2a3000, 0x000002b15a29e000,
0x000002b15a2a4800, 0x000002b15a2ab800, 0x000002b15a2a9800, 0x000002b15a2a5800,
0x000002b15a2a9000, 0x000002b15a2a7000, 0x000002b15a2ac000, 0x000002b15a2a6800,
0x000002b15a2aa800, 0x000002b15a2ad000, 0x000002b15a2a8000, 0x000002b15a2b8000,
0x000002b15a2bc000, 0x000002b15a2b6800, 0x000002b15a2b8800, 0x000002b15a2bb000,
0x000002b15a2b9800, 0x000002b15a2bd000, 0x000002b15a2ba800, 0x000002b15a2b7000,
0x000002b15a2bd800, 0x000002b15a2bf000, 0x000002b15a2be800, 0x000002b15a2c5000,
0x000002b15a2c2800, 0x000002b15a2c3800, 0x000002b15a2c4000, 0x000002b15a2c1800,
0x000002b15a2c1000, 0x000002b15a2c0000, 0x000002b15c6fb000, 0x000002b15c6fa000,
0x000002b15c6fc000, 0x000002b15c6fc800, 0x000002b15c6fd800, 0x000002b15c6ff000,
0x000002b15c6fe800, 0x000002b15c6f9800, 0x000002b15c702800, 0x000002b15c700800,
0x000002b15c703000, 0x000002b15c705800, 0x000002b15c700000, 0x000002b15c707800,
0x000002b15c704000, 0x000002b15c705000, 0x000002b15c706800, 0x000002b15c701800,
0x000002b15c708000, 0x000002b162fdb800, 0x000002b162fde000, 0x000002b162fd8000,
0x000002b162fdc800, 0x000002b162fdd000, 0x000002b162fde800, 0x000002b162fd9000,
0x000002b162fda800, 0x000002b162fdf800, 0x000002b162fda000, 0x000002b162fe3000,
0x000002b162fe2000, 0x000002b162fe6000, 0x000002b162fe0800, 0x000002b162fe5800
}

Java Threads: ( => current thread )
  0x000002b13f413000 JavaThread "main" [_thread_blocked, id=5208, stack(0x000000d02fe00000,0x000000d02ff00000)]
  0x000002b1595c6800 JavaThread "Reference Handler" daemon [_thread_blocked, id=6788, stack(0x000000d030500000,0x000000d030600000)]
  0x000002b1595ca000 JavaThread "Finalizer" daemon [_thread_blocked, id=860, stack(0x000000d030600000,0x000000d030700000)]
  0x000002b159620800 JavaThread "Signal Dispatcher" daemon [_thread_blocked, id=3324, stack(0x000000d030700000,0x000000d030800000)]
  0x000002b159621000 JavaThread "Attach Listener" daemon [_thread_blocked, id=4196, stack(0x000000d030800000,0x000000d030900000)]
  0x000002b159622800 JavaThread "C2 CompilerThread0" daemon [_thread_blocked, id=3364, stack(0x000000d030900000,0x000000d030a00000)]
  0x000002b15962e800 JavaThread "C1 CompilerThread0" daemon [_thread_blocked, id=5568, stack(0x000000d030a00000,0x000000d030b00000)]
  0x000002b15964e000 JavaThread "Sweeper thread" daemon [_thread_blocked, id=6900, stack(0x000000d030b00000,0x000000d030c00000)]
  0x000002b15a076800 JavaThread "Common-Cleaner" daemon [_thread_blocked, id=7224, stack(0x000000d030c00000,0x000000d030d00000)]
  0x000002b15a088800 JavaThread "Service Thread" daemon [_thread_blocked, id=7564, stack(0x000000d030d00000,0x000000d030e00000)]
  0x000002b15a14c000 JavaThread "C2 CompilerThread1" daemon [_thread_in_native, id=3484, stack(0x000000d030f00000,0x000000d031000000)]
  0x000002b15b833800 JavaThread "Daemon health stats" [_thread_blocked, id=3328, stack(0x000000d031100000,0x000000d031200000)]
  0x000002b15b16e800 JavaThread "Incoming local TCP Connector on port 54683" [_thread_in_native, id=704, stack(0x000000d031600000,0x000000d031700000)]
  0x000002b15be87000 JavaThread "Daemon periodic checks" [_thread_blocked, id=5928, stack(0x000000d031700000,0x000000d031800000)]
  0x000002b15bab5000 JavaThread "Daemon" [_thread_blocked, id=6384, stack(0x000000d031800000,0x000000d031900000)]
  0x000002b15bab5800 JavaThread "Handler for socket connection from /127.0.0.1:54683 to /127.0.0.1:54684" [_thread_in_native, id=8104, stack(0x000000d031900000,0x000000d031a00000)]
  0x000002b15b545000 JavaThread "Cancel handler" [_thread_blocked, id=1508, stack(0x000000d031a00000,0x000000d031b00000)]
  0x000002b15ad56800 JavaThread "Daemon worker" [_thread_blocked, id=2388, stack(0x000000d031b00000,0x000000d031c00000)]
  0x000002b15b352800 JavaThread "Asynchronous log dispatcher for DefaultDaemonConnection: socket connection from /127.0.0.1:54683 to /127.0.0.1:54684" [_thread_blocked, id=5028, stack(0x000000d031c00000,0x000000d031d00000)]
  0x000002b15b978000 JavaThread "Stdin handler" [_thread_blocked, id=7548, stack(0x000000d031d00000,0x000000d031e00000)]
  0x000002b15b353000 JavaThread "Thread-8" [_thread_blocked, id=7328, stack(0x000000d031e00000,0x000000d031f00000)]
  0x000002b15b218800 JavaThread "Cache worker for file hash cache (C:\Users\Huzaifa Sammar\.gradle\caches\6.7.1\fileHashes)" [_thread_blocked, id=7736, stack(0x000000d031f00000,0x000000d032000000)]
  0x000002b15b219800 JavaThread "File lock request listener" [_thread_in_native, id=848, stack(0x000000d032000000,0x000000d032100000)]
  0x000002b15b21a800 JavaThread "Cache worker for journal cache (C:\Users\Huzaifa Sammar\.gradle\caches\journal-1)" [_thread_blocked, id=6204, stack(0x000000d032100000,0x000000d032200000)]
  0x000002b15b21b000 JavaThread "Cache worker for file hash cache (C:\Users\Huzaifa Sammar\AndroidStudioProjects\RoadSideAssistance\.gradle\6.7.1\fileHashes)" [_thread_blocked, id=7632, stack(0x000000d032200000,0x000000d032300000)]
  0x000002b15ca36000 JavaThread "Cache worker for checksums cache (C:\Users\Huzaifa Sammar\AndroidStudioProjects\RoadSideAssistance\.gradle\checksums)" [_thread_blocked, id=1340, stack(0x000000d032300000,0x000000d032400000)]
  0x000002b15ca37800 JavaThread "Cache worker for cache directory md-supplier (C:\Users\Huzaifa Sammar\.gradle\caches\6.7.1\md-supplier)" [_thread_blocked, id=2460, stack(0x000000d032400000,0x000000d032500000)]
  0x000002b15ca38800 JavaThread "Cache worker for cache directory md-rule (C:\Users\Huzaifa Sammar\.gradle\caches\6.7.1\md-rule)" [_thread_blocked, id=6812, stack(0x000000d032500000,0x000000d032600000)]
  0x000002b15ca32800 JavaThread "Cache worker for execution history cache (C:\Users\Huzaifa Sammar\.gradle\caches\6.7.1\executionHistory)" [_thread_blocked, id=7376, stack(0x000000d032600000,0x000000d032700000)]
  0x000002b15ca39000 JavaThread "jar transforms" [_thread_blocked, id=7624, stack(0x000000d032700000,0x000000d032800000)]
  0x000002b15ca33800 JavaThread "Cache worker for file content cache (C:\Users\Huzaifa Sammar\.gradle\caches\6.7.1\fileContent)" [_thread_blocked, id=7428, stack(0x000000d032800000,0x000000d032900000)]
  0x000002b15ca35000 JavaThread "Cache worker for Build Output Cleanup Cache (C:\Users\Huzaifa Sammar\AndroidStudioProjects\RoadSideAssistance\.gradle\buildOutputCleanup)" [_thread_blocked, id=4956, stack(0x000000d032900000,0x000000d032a00000)]
  0x000002b15ca34000 JavaThread "Build operations" [_thread_blocked, id=7400, stack(0x000000d032a00000,0x000000d032b00000)]
  0x000002b15ca36800 JavaThread "Build operations Thread 2" [_thread_blocked, id=7556, stack(0x000000d032b00000,0x000000d032c00000)]
  0x000002b15ca40800 JavaThread "Build operations Thread 3" [_thread_blocked, id=7356, stack(0x000000d032c00000,0x000000d032d00000)]
  0x000002b15ca3f800 JavaThread "Build operations Thread 4" [_thread_blocked, id=6308, stack(0x000000d032d00000,0x000000d032e00000)]
  0x000002b15ca3b000 JavaThread "jar transforms Thread 2" [_thread_blocked, id=360, stack(0x000000d032e00000,0x000000d032f00000)]
  0x000002b15ca3b800 JavaThread "jar transforms Thread 3" [_thread_blocked, id=904, stack(0x000000d032f00000,0x000000d033000000)]
  0x000002b15ca41800 JavaThread "jar transforms Thread 4" [_thread_blocked, id=4656, stack(0x000000d033000000,0x000000d033100000)]
  0x000002b15ca3f000 JavaThread "jar transforms Thread 5" [_thread_blocked, id=2300, stack(0x000000d033100000,0x000000d033200000)]
  0x000002b15ca3c800 JavaThread "jar transforms Thread 6" [_thread_blocked, id=3256, stack(0x000000d033200000,0x000000d033300000)]
  0x000002b15ca3d000 JavaThread "jar transforms Thread 7" [_thread_blocked, id=7816, stack(0x000000d033300000,0x000000d033400000)]
  0x000002b15ca3e000 JavaThread "jar transforms Thread 8" [_thread_blocked, id=3672, stack(0x000000d033400000,0x000000d033500000)]
  0x000002b15be50000 JavaThread "jar transforms Thread 9" [_thread_blocked, id=3580, stack(0x000000d033500000,0x000000d033600000)]
  0x000002b15be50800 JavaThread "jar transforms Thread 10" [_thread_blocked, id=7580, stack(0x000000d033600000,0x000000d033700000)]
  0x000002b15be4b000 JavaThread "jar transforms Thread 11" [_thread_blocked, id=2456, stack(0x000000d033700000,0x000000d033800000)]
  0x000002b15be4e000 JavaThread "jar transforms Thread 12" [_thread_blocked, id=6256, stack(0x000000d033800000,0x000000d033900000)]
  0x000002b15be4f000 JavaThread "jar transforms Thread 13" [_thread_blocked, id=7496, stack(0x000000d033900000,0x000000d033a00000)]
  0x000002b15be4d800 JavaThread "jar transforms Thread 14" [_thread_blocked, id=7908, stack(0x000000d033a00000,0x000000d033b00000)]
  0x000002b15be51800 JavaThread "jar transforms Thread 15" [_thread_blocked, id=2672, stack(0x000000d033b00000,0x000000d033c00000)]
  0x000002b15be4c000 JavaThread "jar transforms Thread 16" [_thread_blocked, id=4636, stack(0x000000d033c00000,0x000000d033d00000)]
  0x000002b15be4c800 JavaThread "jar transforms Thread 17" [_thread_blocked, id=3384, stack(0x000000d033d00000,0x000000d033e00000)]
  0x000002b15be58000 JavaThread "jar transforms Thread 18" [_thread_blocked, id=2080, stack(0x000000d033e00000,0x000000d033f00000)]
  0x000002b15be55800 JavaThread "jar transforms Thread 19" [_thread_blocked, id=6660, stack(0x000000d033f00000,0x000000d034000000)]
  0x000002b15be57000 JavaThread "jar transforms Thread 20" [_thread_blocked, id=6392, stack(0x000000d034000000,0x000000d034100000)]
  0x000002b15be53000 JavaThread "jar transforms Thread 21" [_thread_blocked, id=7820, stack(0x000000d034100000,0x000000d034200000)]
  0x000002b15be56800 JavaThread "jar transforms Thread 22" [_thread_blocked, id=4180, stack(0x000000d034200000,0x000000d034300000)]
  0x000002b15be55000 JavaThread "jar transforms Thread 23" [_thread_blocked, id=3304, stack(0x000000d034300000,0x000000d034400000)]
  0x000002b15be54000 JavaThread "jar transforms Thread 24" [_thread_blocked, id=6208, stack(0x000000d034400000,0x000000d034500000)]
  0x000002b15be52800 JavaThread "jar transforms Thread 25" [_thread_blocked, id=6592, stack(0x000000d034500000,0x000000d034600000)]
  0x000002b15be59000 JavaThread "jar transforms Thread 26" [_thread_blocked, id=7584, stack(0x000000d034600000,0x000000d034700000)]
  0x000002b15be59800 JavaThread "jar transforms Thread 27" [_thread_blocked, id=84, stack(0x000000d034700000,0x000000d034800000)]
  0x000002b15f2d9800 JavaThread "jar transforms Thread 28" [_thread_blocked, id=4808, stack(0x000000d034800000,0x000000d034900000)]
  0x000002b15f2df000 JavaThread "jar transforms Thread 29" [_thread_blocked, id=2676, stack(0x000000d034900000,0x000000d034a00000)]
  0x000002b15f2e0000 JavaThread "jar transforms Thread 30" [_thread_blocked, id=7148, stack(0x000000d034a00000,0x000000d034b00000)]
  0x000002b15f2dd800 JavaThread "jar transforms Thread 31" [_thread_blocked, id=3828, stack(0x000000d034b00000,0x000000d034c00000)]
  0x000002b15f2da000 JavaThread "jar transforms Thread 32" [_thread_blocked, id=6916, stack(0x000000d034c00000,0x000000d034d00000)]
  0x000002b15f2dc800 JavaThread "jar transforms Thread 33" [_thread_blocked, id=4540, stack(0x000000d034d00000,0x000000d034e00000)]
  0x000002b15f2de000 JavaThread "jar transforms Thread 34" [_thread_blocked, id=800, stack(0x000000d034e00000,0x000000d034f00000)]
  0x000002b15f2dc000 JavaThread "jar transforms Thread 35" [_thread_blocked, id=516, stack(0x000000d034f00000,0x000000d035000000)]
  0x000002b15f2e0800 JavaThread "jar transforms Thread 36" [_thread_blocked, id=1836, stack(0x000000d035000000,0x000000d035100000)]
  0x000002b15f2db000 JavaThread "jar transforms Thread 37" [_thread_blocked, id=5324, stack(0x000000d035100000,0x000000d035200000)]
  0x000002b15f2e6800 JavaThread "jar transforms Thread 38" [_thread_blocked, id=3160, stack(0x000000d035200000,0x000000d035300000)]
  0x000002b15f2e2800 JavaThread "jar transforms Thread 39" [_thread_blocked, id=3812, stack(0x000000d035300000,0x000000d035400000)]
  0x000002b15f2e3000 JavaThread "jar transforms Thread 40" [_thread_blocked, id=6832, stack(0x000000d035400000,0x000000d035500000)]
  0x000002b15f2e5800 JavaThread "jar transforms Thread 41" [_thread_blocked, id=6696, stack(0x000000d035500000,0x000000d035600000)]
  0x000002b15f2e1800 JavaThread "jar transforms Thread 42" [_thread_blocked, id=6348, stack(0x000000d035600000,0x000000d035700000)]
  0x000002b15f2e7000 JavaThread "jar transforms Thread 43" [_thread_blocked, id=5664, stack(0x000000d035700000,0x000000d035800000)]
  0x000002b15f2e5000 JavaThread "jar transforms Thread 44" [_thread_blocked, id=5200, stack(0x000000d035800000,0x000000d035900000)]
  0x000002b15f2e8000 JavaThread "jar transforms Thread 45" [_thread_blocked, id=7364, stack(0x000000d035900000,0x000000d035a00000)]
  0x000002b15f2e4000 JavaThread "jar transforms Thread 46" [_thread_blocked, id=7776, stack(0x000000d035a00000,0x000000d035b00000)]
  0x000002b15c414800 JavaThread "jar transforms Thread 47" [_thread_blocked, id=3588, stack(0x000000d035b00000,0x000000d035c00000)]
  0x000002b15c417800 JavaThread "jar transforms Thread 48" [_thread_blocked, id=7288, stack(0x000000d035c00000,0x000000d035d00000)]
  0x000002b15c418800 JavaThread "jar transforms Thread 49" [_thread_blocked, id=1580, stack(0x000000d035d00000,0x000000d035e00000)]
  0x000002b15c419800 JavaThread "jar transforms Thread 50" [_thread_blocked, id=8184, stack(0x000000d035e00000,0x000000d035f00000)]
  0x000002b15c415000 JavaThread "jar transforms Thread 51" [_thread_blocked, id=480, stack(0x000000d035f00000,0x000000d036000000)]
  0x000002b15c413800 JavaThread "jar transforms Thread 52" [_thread_blocked, id=7152, stack(0x000000d036000000,0x000000d036100000)]
  0x000002b15c41a000 JavaThread "jar transforms Thread 53" [_thread_blocked, id=3496, stack(0x000000d036100000,0x000000d036200000)]
  0x000002b15c41b800 JavaThread "jar transforms Thread 54" [_thread_blocked, id=1792, stack(0x000000d036200000,0x000000d036300000)]
  0x000002b15c416000 JavaThread "jar transforms Thread 55" [_thread_blocked, id=6484, stack(0x000000d036300000,0x000000d036400000)]
  0x000002b15c41b000 JavaThread "jar transforms Thread 56" [_thread_blocked, id=3796, stack(0x000000d036400000,0x000000d036500000)]
  0x000002b15c41c800 JavaThread "jar transforms Thread 57" [_thread_blocked, id=7292, stack(0x000000d036500000,0x000000d036600000)]
  0x000002b15c417000 JavaThread "jar transforms Thread 58" [_thread_blocked, id=120, stack(0x000000d036600000,0x000000d036700000)]
  0x000002b15c41d800 JavaThread "jar transforms Thread 59" [_thread_blocked, id=7788, stack(0x000000d036700000,0x000000d036800000)]
  0x000002b15c420800 JavaThread "jar transforms Thread 60" [_thread_blocked, id=1264, stack(0x000000d036800000,0x000000d036900000)]
  0x000002b15c421800 JavaThread "jar transforms Thread 61" [_thread_blocked, id=5880, stack(0x000000d036900000,0x000000d036a00000)]
  0x000002b15c41e000 JavaThread "jar transforms Thread 62" [_thread_blocked, id=4408, stack(0x000000d036a00000,0x000000d036b00000)]
  0x000002b15c41f000 JavaThread "jar transforms Thread 63" [_thread_blocked, id=5068, stack(0x000000d036b00000,0x000000d036c00000)]
  0x000002b15c420000 JavaThread "jar transforms Thread 64" [_thread_blocked, id=6520, stack(0x000000d036c00000,0x000000d036d00000)]
  0x000002b15c422000 JavaThread "jar transforms Thread 65" [_thread_blocked, id=2380, stack(0x000000d036d00000,0x000000d036e00000)]
  0x000002b15a2a0000 JavaThread "jar transforms Thread 66" [_thread_blocked, id=5544, stack(0x000000d036e00000,0x000000d036f00000)]
  0x000002b15a29f000 JavaThread "jar transforms Thread 67" [_thread_blocked, id=4072, stack(0x000000d036f00000,0x000000d037000000)]
  0x000002b15a2a1800 JavaThread "jar transforms Thread 68" [_thread_blocked, id=7512, stack(0x000000d037000000,0x000000d037100000)]
  0x000002b15a2a0800 JavaThread "jar transforms Thread 69" [_thread_blocked, id=1504, stack(0x000000d037100000,0x000000d037200000)]
  0x000002b15a2a4000 JavaThread "jar transforms Thread 70" [_thread_blocked, id=4572, stack(0x000000d037200000,0x000000d037300000)]
  0x000002b15a2a2800 JavaThread "jar transforms Thread 71" [_thread_blocked, id=2776, stack(0x000000d037300000,0x000000d037400000)]
  0x000002b15a2a3000 JavaThread "jar transforms Thread 72" [_thread_blocked, id=7284, stack(0x000000d037400000,0x000000d037500000)]
  0x000002b15a29e000 JavaThread "jar transforms Thread 73" [_thread_blocked, id=7824, stack(0x000000d037500000,0x000000d037600000)]
  0x000002b15a2a4800 JavaThread "jar transforms Thread 74" [_thread_blocked, id=6160, stack(0x000000d037600000,0x000000d037700000)]
  0x000002b15a2ab800 JavaThread "jar transforms Thread 75" [_thread_blocked, id=5636, stack(0x000000d037700000,0x000000d037800000)]
  0x000002b15a2a9800 JavaThread "jar transforms Thread 76" [_thread_blocked, id=2644, stack(0x000000d037800000,0x000000d037900000)]
  0x000002b15a2a5800 JavaThread "jar transforms Thread 77" [_thread_blocked, id=4092, stack(0x000000d037900000,0x000000d037a00000)]
  0x000002b15a2a9000 JavaThread "jar transforms Thread 78" [_thread_blocked, id=7884, stack(0x000000d037a00000,0x000000d037b00000)]
  0x000002b15a2a7000 JavaThread "jar transforms Thread 79" [_thread_blocked, id=6340, stack(0x000000d037b00000,0x000000d037c00000)]
  0x000002b15a2ac000 JavaThread "jar transforms Thread 80" [_thread_blocked, id=5072, stack(0x000000d037c00000,0x000000d037d00000)]
  0x000002b15a2a6800 JavaThread "jar transforms Thread 81" [_thread_blocked, id=4284, stack(0x000000d037d00000,0x000000d037e00000)]
  0x000002b15a2aa800 JavaThread "jar transforms Thread 82" [_thread_blocked, id=1296, stack(0x000000d037e00000,0x000000d037f00000)]
  0x000002b15a2ad000 JavaThread "jar transforms Thread 83" [_thread_blocked, id=5616, stack(0x000000d037f00000,0x000000d038000000)]
  0x000002b15a2a8000 JavaThread "jar transforms Thread 84" [_thread_blocked, id=1460, stack(0x000000d038000000,0x000000d038100000)]
  0x000002b15a2b8000 JavaThread "jar transforms Thread 85" [_thread_blocked, id=3668, stack(0x000000d038100000,0x000000d038200000)]
  0x000002b15a2bc000 JavaThread "jar transforms Thread 86" [_thread_blocked, id=7648, stack(0x000000d038200000,0x000000d038300000)]
  0x000002b15a2b6800 JavaThread "jar transforms Thread 87" [_thread_blocked, id=2288, stack(0x000000d038300000,0x000000d038400000)]
  0x000002b15a2b8800 JavaThread "jar transforms Thread 88" [_thread_blocked, id=4024, stack(0x000000d038400000,0x000000d038500000)]
  0x000002b15a2bb000 JavaThread "jar transforms Thread 89" [_thread_blocked, id=1384, stack(0x000000d038500000,0x000000d038600000)]
  0x000002b15a2b9800 JavaThread "jar transforms Thread 90" [_thread_blocked, id=224, stack(0x000000d038600000,0x000000d038700000)]
  0x000002b15a2bd000 JavaThread "jar transforms Thread 91" [_thread_blocked, id=5352, stack(0x000000d038700000,0x000000d038800000)]
  0x000002b15a2ba800 JavaThread "jar transforms Thread 92" [_thread_blocked, id=1656, stack(0x000000d038800000,0x000000d038900000)]
  0x000002b15a2b7000 JavaThread "jar transforms Thread 93" [_thread_blocked, id=4936, stack(0x000000d038900000,0x000000d038a00000)]
  0x000002b15a2bd800 JavaThread "jar transforms Thread 94" [_thread_blocked, id=5704, stack(0x000000d038a00000,0x000000d038b00000)]
  0x000002b15a2bf000 JavaThread "jar transforms Thread 95" [_thread_blocked, id=7912, stack(0x000000d038b00000,0x000000d038c00000)]
  0x000002b15a2be800 JavaThread "jar transforms Thread 96" [_thread_blocked, id=352, stack(0x000000d038c00000,0x000000d038d00000)]
  0x000002b15a2c5000 JavaThread "jar transforms Thread 97" [_thread_blocked, id=7804, stack(0x000000d038d00000,0x000000d038e00000)]
  0x000002b15a2c2800 JavaThread "jar transforms Thread 98" [_thread_blocked, id=1332, stack(0x000000d038e00000,0x000000d038f00000)]
  0x000002b15a2c3800 JavaThread "jar transforms Thread 99" [_thread_blocked, id=6452, stack(0x000000d038f00000,0x000000d039000000)]
  0x000002b15a2c4000 JavaThread "jar transforms Thread 100" [_thread_blocked, id=6584, stack(0x000000d039000000,0x000000d039100000)]
  0x000002b15a2c1800 JavaThread "jar transforms Thread 101" [_thread_blocked, id=7420, stack(0x000000d039100000,0x000000d039200000)]
  0x000002b15a2c1000 JavaThread "jar transforms Thread 102" [_thread_blocked, id=6476, stack(0x000000d039200000,0x000000d039300000)]
  0x000002b15a2c0000 JavaThread "jar transforms Thread 103" [_thread_blocked, id=3132, stack(0x000000d039300000,0x000000d039400000)]
  0x000002b15c6fb000 JavaThread "jar transforms Thread 104" [_thread_blocked, id=6864, stack(0x000000d039400000,0x000000d039500000)]
  0x000002b15c6fa000 JavaThread "jar transforms Thread 105" [_thread_blocked, id=6740, stack(0x000000d039500000,0x000000d039600000)]
  0x000002b15c6fc000 JavaThread "jar transforms Thread 106" [_thread_blocked, id=1156, stack(0x000000d039600000,0x000000d039700000)]
  0x000002b15c6fc800 JavaThread "jar transforms Thread 107" [_thread_blocked, id=5900, stack(0x000000d039700000,0x000000d039800000)]
  0x000002b15c6fd800 JavaThread "jar transforms Thread 108" [_thread_blocked, id=3840, stack(0x000000d039800000,0x000000d039900000)]
  0x000002b15c6ff000 JavaThread "jar transforms Thread 109" [_thread_blocked, id=7520, stack(0x000000d039900000,0x000000d039a00000)]
  0x000002b15c6fe800 JavaThread "jar transforms Thread 110" [_thread_blocked, id=7068, stack(0x000000d039a00000,0x000000d039b00000)]
  0x000002b15c6f9800 JavaThread "jar transforms Thread 111" [_thread_blocked, id=6548, stack(0x000000d039b00000,0x000000d039c00000)]
  0x000002b15c702800 JavaThread "jar transforms Thread 112" [_thread_blocked, id=6240, stack(0x000000d039c00000,0x000000d039d00000)]
  0x000002b15c700800 JavaThread "jar transforms Thread 113" [_thread_blocked, id=4312, stack(0x000000d039d00000,0x000000d039e00000)]
  0x000002b15c703000 JavaThread "jar transforms Thread 114" [_thread_blocked, id=5556, stack(0x000000d039e00000,0x000000d039f00000)]
  0x000002b15c705800 JavaThread "jar transforms Thread 115" [_thread_blocked, id=4536, stack(0x000000d039f00000,0x000000d03a000000)]
  0x000002b15c700000 JavaThread "jar transforms Thread 116" [_thread_blocked, id=7304, stack(0x000000d03a000000,0x000000d03a100000)]
  0x000002b15c707800 JavaThread "Memory manager" [_thread_blocked, id=8040, stack(0x000000d03a100000,0x000000d03a200000)]
  0x000002b15c704000 JavaThread "build event listener" [_thread_blocked, id=7844, stack(0x000000d03a200000,0x000000d03a300000)]
  0x000002b15c705000 JavaThread "pool-3-thread-1" [_thread_blocked, id=6268, stack(0x000000d03a300000,0x000000d03a400000)]
  0x000002b15c706800 JavaThread "build event listener" [_thread_blocked, id=6500, stack(0x000000d03a400000,0x000000d03a500000)]
  0x000002b15c701800 JavaThread "Execution worker for ':'" [_thread_blocked, id=8120, stack(0x000000d03a500000,0x000000d03a600000)]
  0x000002b15c708000 JavaThread "Execution worker for ':' Thread 2" [_thread_blocked, id=3472, stack(0x000000d03a600000,0x000000d03a700000)]
  0x000002b162fdb800 JavaThread "Execution worker for ':' Thread 3" [_thread_blocked, id=776, stack(0x000000d03a700000,0x000000d03a800000)]
  0x000002b162fde000 JavaThread "Cache worker for execution history cache (C:\Users\Huzaifa Sammar\AndroidStudioProjects\RoadSideAssistance\.gradle\6.7.1\executionHistory)" [_thread_blocked, id=6840, stack(0x000000d03a800000,0x000000d03a900000)]
  0x000002b162fd8000 JavaThread "WorkerExecutor Queue" [_thread_blocked, id=7300, stack(0x000000d03a900000,0x000000d03aa00000)]
  0x000002b162fdc800 JavaThread "pool-4-thread-1" [_thread_blocked, id=8020, stack(0x000000d03aa00000,0x000000d03ab00000)]
  0x000002b162fdd000 JavaThread "stderr" [_thread_in_native, id=5388, stack(0x000000d03ab00000,0x000000d03ac00000)]
  0x000002b162fde800 JavaThread "stdout" [_thread_in_native, id=3864, stack(0x000000d03ac00000,0x000000d03ad00000)]
  0x000002b162fd9000 JavaThread "WorkerExecutor Queue Thread 2" [_thread_blocked, id=892, stack(0x000000d03ad00000,0x000000d03ae00000)]
  0x000002b162fda800 JavaThread "WorkerExecutor Queue Thread 3" [_thread_blocked, id=2032, stack(0x000000d03ae00000,0x000000d03af00000)]
  0x000002b162fdf800 JavaThread "WorkerExecutor Queue Thread 4" [_thread_blocked, id=7140, stack(0x000000d03af00000,0x000000d03b000000)]
  0x000002b162fda000 JavaThread "WorkerExecutor Queue Thread 5" [_thread_blocked, id=4508, stack(0x000000d03b000000,0x000000d03b100000)]
  0x000002b162fe3000 JavaThread "WorkerExecutor Queue Thread 6" [_thread_blocked, id=7264, stack(0x000000d03b100000,0x000000d03b200000)]
  0x000002b162fe2000 JavaThread "ForkJoinPool-1-worker-3" daemon [_thread_blocked, id=5000, stack(0x000000d03b300000,0x000000d03b400000)]
  0x000002b162fe6000 JavaThread "ForkJoinPool-1-worker-5" daemon [_thread_blocked, id=6744, stack(0x000000d03b400000,0x000000d03b500000)]
  0x000002b162fe0800 JavaThread "ForkJoinPool-1-worker-7" daemon [_thread_blocked, id=4744, stack(0x000000d03b500000,0x000000d03b600000)]
  0x000002b162fe5800 JavaThread "ForkJoinPool-1-worker-1" daemon [_thread_blocked, id=7384, stack(0x000000d03b600000,0x000000d03b700000)]

Other Threads:
=>0x000002b1595bf800 VMThread "VM Thread" [stack: 0x000000d030400000,0x000000d030500000] [id=7220]
  0x000002b15a089800 WatcherThread [stack: 0x000000d030e00000,0x000000d030f00000] [id=3260]
  0x000002b13f42b000 GCTaskThread "GC Thread#0" [stack: 0x000000d02ff00000,0x000000d030000000] [id=7508]
  0x000002b159f92000 GCTaskThread "GC Thread#1" [stack: 0x000000d031000000,0x000000d031100000] [id=7876]
  0x000002b159f96800 GCTaskThread "GC Thread#2" [stack: 0x000000d031200000,0x000000d031300000] [id=5744]
  0x000002b159f93800 GCTaskThread "GC Thread#3" [stack: 0x000000d031300000,0x000000d031400000] [id=7672]
  0x000002b13f45c000 ConcurrentGCThread "G1 Main Marker" [stack: 0x000000d030000000,0x000000d030100000] [id=4244]
  0x000002b13f461800 ConcurrentGCThread "G1 Conc#0" [stack: 0x000000d030100000,0x000000d030200000] [id=5684]
  0x000002b13f4bf000 ConcurrentGCThread "G1 Refine#0" [stack: 0x000000d030200000,0x000000d030300000] [id=3908]
  0x000002b159f97000 ConcurrentGCThread "G1 Refine#1" [stack: 0x000000d03b200000,0x000000d03b300000] [id=6420]
  0x000002b13f4c1800 ConcurrentGCThread "G1 Young RemSet Sampling" [stack: 0x000000d030300000,0x000000d030400000] [id=7620]

Threads with active compile tasks:
C2 CompilerThread0  21060 10872       4       com.android.tools.r8.dex.n::e (654 bytes)
C2 CompilerThread1  21060 10864 %     4       com.android.tools.r8.dex.n::a @ 315 (913 bytes)

VM state:at safepoint (normal execution)

VM Mutex/Monitor currently owned by a thread:  ([mutex/lock_event])
[0x000002b13f40e4a0] Threads_lock - owner thread: 0x000002b1595bf800
[0x000002b13f40f190] Heap_lock - owner thread: 0x000002b162fe3000

Heap address: 0x0000000080000000, size: 2048 MB, Compressed Oops mode: 32-bit
Narrow klass base: 0x0000000000000000, Narrow klass shift: 3
Compressed class space size: 1073741824 Address: 0x0000000100000000

Heap:
 garbage-first heap   total 326656K, used 180736K [0x0000000080000000, 0x0000000100000000)
  region size 1024K, 4 young (4096K), 4 survivors (4096K)
 Metaspace       used 89717K, capacity 91702K, committed 91776K, reserved 1128448K
  class space    used 11661K, capacity 12373K, committed 12416K, reserved 1048576K
Heap Regions: E=young(eden), S=young(survivor), O=old, HS=humongous(starts), HC=humongous(continues), CS=collection set, F=free, A=archive, TAMS=top-at-mark-start (previous, next)
|   0|0x0000000080000000, 0x0000000080100000, 0x0000000080100000|100%| O|  |TAMS 0x0000000080100000, 0x0000000080100000| Untracked 
|   1|0x0000000080100000, 0x0000000080200000, 0x0000000080200000|100%| O|  |TAMS 0x0000000080200000, 0x0000000080200000| Untracked 
|   2|0x0000000080200000, 0x0000000080300000, 0x0000000080300000|100%| O|  |TAMS 0x0000000080300000, 0x0000000080300000| Untracked 
|   3|0x0000000080300000, 0x0000000080400000, 0x0000000080400000|100%|HS|  |TAMS 0x0000000080400000, 0x0000000080400000| Complete 
|   4|0x0000000080400000, 0x0000000080500000, 0x0000000080500000|100%|HC|  |TAMS 0x0000000080500000, 0x0000000080500000| Complete 
|   5|0x0000000080500000, 0x0000000080600000, 0x0000000080600000|100%|HC|  |TAMS 0x0000000080600000, 0x0000000080600000| Complete 
|   6|0x0000000080600000, 0x0000000080700000, 0x0000000080700000|100%| O|  |TAMS 0x0000000080700000, 0x0000000080700000| Untracked 
|   7|0x0000000080700000, 0x0000000080800000, 0x0000000080800000|100%| O|  |TAMS 0x0000000080800000, 0x0000000080800000| Untracked 
|   8|0x0000000080800000, 0x0000000080900000, 0x0000000080900000|100%| O|  |TAMS 0x0000000080900000, 0x0000000080900000| Untracked 
|   9|0x0000000080900000, 0x0000000080a00000, 0x0000000080a00000|100%| O|  |TAMS 0x0000000080a00000, 0x0000000080a00000| Untracked 
|  10|0x0000000080a00000, 0x0000000080b00000, 0x0000000080b00000|100%| O|  |TAMS 0x0000000080b00000, 0x0000000080b00000| Untracked 
|  11|0x0000000080b00000, 0x0000000080c00000, 0x0000000080c00000|100%| O|  |TAMS 0x0000000080c00000, 0x0000000080c00000| Untracked 
|  12|0x0000000080c00000, 0x0000000080d00000, 0x0000000080d00000|100%| O|  |TAMS 0x0000000080d00000, 0x0000000080d00000| Untracked 
|  13|0x0000000080d00000, 0x0000000080e00000, 0x0000000080e00000|100%| O|  |TAMS 0x0000000080e00000, 0x0000000080e00000| Untracked 
|  14|0x0000000080e00000, 0x0000000080f00000, 0x0000000080f00000|100%| O|  |TAMS 0x0000000080f00000, 0x0000000080f00000| Untracked 
|  15|0x0000000080f00000, 0x0000000081000000, 0x0000000081000000|100%| O|  |TAMS 0x0000000081000000, 0x0000000081000000| Untracked 
|  16|0x0000000081000000, 0x0000000081100000, 0x0000000081100000|100%| O|  |TAMS 0x0000000081100000, 0x0000000081100000| Untracked 
|  17|0x0000000081100000, 0x0000000081200000, 0x0000000081200000|100%| O|  |TAMS 0x0000000081200000, 0x0000000081200000| Untracked 
|  18|0x0000000081200000, 0x0000000081300000, 0x0000000081300000|100%| O|  |TAMS 0x0000000081300000, 0x0000000081300000| Untracked 
|  19|0x0000000081300000, 0x0000000081400000, 0x0000000081400000|100%| O|  |TAMS 0x0000000081400000, 0x0000000081400000| Untracked 
|  20|0x0000000081400000, 0x0000000081500000, 0x0000000081500000|100%| O|  |TAMS 0x0000000081500000, 0x0000000081500000| Untracked 
|  21|0x0000000081500000, 0x0000000081600000, 0x0000000081600000|100%| O|  |TAMS 0x0000000081600000, 0x0000000081600000| Untracked 
|  22|0x0000000081600000, 0x0000000081700000, 0x0000000081700000|100%| O|  |TAMS 0x0000000081700000, 0x0000000081700000| Untracked 
|  23|0x0000000081700000, 0x0000000081800000, 0x0000000081800000|100%| O|  |TAMS 0x0000000081800000, 0x0000000081800000| Untracked 
|  24|0x0000000081800000, 0x0000000081900000, 0x0000000081900000|100%| O|  |TAMS 0x0000000081900000, 0x0000000081900000| Untracked 
|  25|0x0000000081900000, 0x0000000081a00000, 0x0000000081a00000|100%| O|  |TAMS 0x0000000081a00000, 0x0000000081a00000| Untracked 
|  26|0x0000000081a00000, 0x0000000081b00000, 0x0000000081b00000|100%|HS|  |TAMS 0x0000000081b00000, 0x0000000081b00000| Complete 
|  27|0x0000000081b00000, 0x0000000081c00000, 0x0000000081c00000|100%|HS|  |TAMS 0x0000000081c00000, 0x0000000081c00000| Complete 
|  28|0x0000000081c00000, 0x0000000081d00000, 0x0000000081d00000|100%|HC|  |TAMS 0x0000000081d00000, 0x0000000081d00000| Complete 
|  29|0x0000000081d00000, 0x0000000081e00000, 0x0000000081e00000|100%|HC|  |TAMS 0x0000000081e00000, 0x0000000081e00000| Complete 
|  30|0x0000000081e00000, 0x0000000081f00000, 0x0000000081f00000|100%|HS|  |TAMS 0x0000000081f00000, 0x0000000081f00000| Complete 
|  31|0x0000000081f00000, 0x0000000082000000, 0x0000000082000000|100%|HC|  |TAMS 0x0000000082000000, 0x0000000082000000| Complete 
|  32|0x0000000082000000, 0x0000000082100000, 0x0000000082100000|100%| O|  |TAMS 0x0000000082100000, 0x0000000082100000| Untracked 
|  33|0x0000000082100000, 0x0000000082200000, 0x0000000082200000|100%| O|  |TAMS 0x0000000082200000, 0x0000000082200000| Untracked 
|  34|0x0000000082200000, 0x0000000082300000, 0x0000000082300000|100%| O|  |TAMS 0x0000000082300000, 0x0000000082300000| Untracked 
|  35|0x0000000082300000, 0x0000000082400000, 0x0000000082400000|100%| O|  |TAMS 0x0000000082400000, 0x0000000082400000| Untracked 
|  36|0x0000000082400000, 0x0000000082500000, 0x0000000082500000|100%| O|  |TAMS 0x0000000082500000, 0x0000000082500000| Untracked 
|  37|0x0000000082500000, 0x0000000082600000, 0x0000000082600000|100%| O|  |TAMS 0x0000000082600000, 0x0000000082600000| Untracked 
|  38|0x0000000082600000, 0x0000000082700000, 0x0000000082700000|100%| O|  |TAMS 0x0000000082700000, 0x0000000082700000| Untracked 
|  39|0x0000000082700000, 0x0000000082800000, 0x0000000082800000|100%| O|  |TAMS 0x0000000082800000, 0x0000000082800000| Untracked 
|  40|0x0000000082800000, 0x0000000082900000, 0x0000000082900000|100%| O|  |TAMS 0x0000000082900000, 0x0000000082900000| Untracked 
|  41|0x0000000082900000, 0x0000000082a00000, 0x0000000082a00000|100%| O|  |TAMS 0x0000000082a00000, 0x0000000082a00000| Untracked 
|  42|0x0000000082a00000, 0x0000000082b00000, 0x0000000082b00000|100%| O|  |TAMS 0x0000000082b00000, 0x0000000082b00000| Untracked 
|  43|0x0000000082b00000, 0x0000000082c00000, 0x0000000082c00000|100%| O|  |TAMS 0x0000000082c00000, 0x0000000082c00000| Untracked 
|  44|0x0000000082c00000, 0x0000000082d00000, 0x0000000082d00000|100%| O|  |TAMS 0x0000000082d00000, 0x0000000082d00000| Untracked 
|  45|0x0000000082d00000, 0x0000000082e00000, 0x0000000082e00000|100%| O|  |TAMS 0x0000000082e00000, 0x0000000082e00000| Untracked 
|  46|0x0000000082e00000, 0x0000000082f00000, 0x0000000082f00000|100%| O|  |TAMS 0x0000000082f00000, 0x0000000082f00000| Untracked 
|  47|0x0000000082f00000, 0x0000000083000000, 0x0000000083000000|100%| O|  |TAMS 0x0000000083000000, 0x0000000083000000| Untracked 
|  48|0x0000000083000000, 0x0000000083100000, 0x0000000083100000|100%| O|  |TAMS 0x0000000083100000, 0x0000000083100000| Untracked 
|  49|0x0000000083100000, 0x0000000083200000, 0x0000000083200000|100%| O|  |TAMS 0x0000000083200000, 0x0000000083200000| Untracked 
|  50|0x0000000083200000, 0x0000000083300000, 0x0000000083300000|100%| O|  |TAMS 0x0000000083300000, 0x0000000083300000| Untracked 
|  51|0x0000000083300000, 0x0000000083400000, 0x0000000083400000|100%| O|  |TAMS 0x0000000083400000, 0x0000000083400000| Untracked 
|  52|0x0000000083400000, 0x0000000083500000, 0x0000000083500000|100%| O|  |TAMS 0x0000000083500000, 0x0000000083500000| Untracked 
|  53|0x0000000083500000, 0x0000000083600000, 0x0000000083600000|100%| O|  |TAMS 0x0000000083600000, 0x0000000083600000| Untracked 
|  54|0x0000000083600000, 0x0000000083700000, 0x0000000083700000|100%| O|  |TAMS 0x0000000083700000, 0x0000000083700000| Untracked 
|  55|0x0000000083700000, 0x0000000083800000, 0x0000000083800000|100%| O|  |TAMS 0x0000000083800000, 0x0000000083800000| Untracked 
|  56|0x0000000083800000, 0x0000000083900000, 0x0000000083900000|100%| O|  |TAMS 0x0000000083900000, 0x0000000083900000| Untracked 
|  57|0x0000000083900000, 0x0000000083a00000, 0x0000000083a00000|100%| O|  |TAMS 0x0000000083a00000, 0x0000000083a00000| Untracked 
|  58|0x0000000083a00000, 0x0000000083b00000, 0x0000000083b00000|100%| O|  |TAMS 0x0000000083b00000, 0x0000000083b00000| Untracked 
|  59|0x0000000083b00000, 0x0000000083c00000, 0x0000000083c00000|100%| O|  |TAMS 0x0000000083c00000, 0x0000000083c00000| Untracked 
|  60|0x0000000083c00000, 0x0000000083d00000, 0x0000000083d00000|100%| O|  |TAMS 0x0000000083d00000, 0x0000000083d00000| Untracked 
|  61|0x0000000083d00000, 0x0000000083e00000, 0x0000000083e00000|100%| O|  |TAMS 0x0000000083e00000, 0x0000000083e00000| Untracked 
|  62|0x0000000083e00000, 0x0000000083f00000, 0x0000000083f00000|100%| O|  |TAMS 0x0000000083f00000, 0x0000000083f00000| Untracked 
|  63|0x0000000083f00000, 0x0000000084000000, 0x0000000084000000|100%| O|  |TAMS 0x0000000084000000, 0x0000000084000000| Untracked 
|  64|0x0000000084000000, 0x0000000084100000, 0x0000000084100000|100%| O|  |TAMS 0x0000000084100000, 0x0000000084100000| Untracked 
|  65|0x0000000084100000, 0x0000000084200000, 0x0000000084200000|100%| O|  |TAMS 0x0000000084200000, 0x0000000084200000| Untracked 
|  66|0x0000000084200000, 0x0000000084300000, 0x0000000084300000|100%| O|  |TAMS 0x0000000084300000, 0x0000000084300000| Untracked 
|  67|0x0000000084300000, 0x0000000084400000, 0x0000000084400000|100%| O|  |TAMS 0x0000000084400000, 0x0000000084400000| Untracked 
|  68|0x0000000084400000, 0x0000000084500000, 0x0000000084500000|100%| O|  |TAMS 0x0000000084500000, 0x0000000084500000| Untracked 
|  69|0x0000000084500000, 0x0000000084600000, 0x0000000084600000|100%| O|  |TAMS 0x0000000084600000, 0x0000000084600000| Untracked 
|  70|0x0000000084600000, 0x0000000084700000, 0x0000000084700000|100%| O|  |TAMS 0x0000000084700000, 0x0000000084700000| Untracked 
|  71|0x0000000084700000, 0x0000000084800000, 0x0000000084800000|100%| O|  |TAMS 0x0000000084800000, 0x0000000084800000| Untracked 
|  72|0x0000000084800000, 0x0000000084900000, 0x0000000084900000|100%| O|  |TAMS 0x0000000084900000, 0x0000000084900000| Untracked 
|  73|0x0000000084900000, 0x0000000084a00000, 0x0000000084a00000|100%|HS|  |TAMS 0x0000000084a00000, 0x0000000084a00000| Complete 
|  74|0x0000000084a00000, 0x0000000084b00000, 0x0000000084b00000|100%|HC|  |TAMS 0x0000000084b00000, 0x0000000084b00000| Complete 
|  75|0x0000000084b00000, 0x0000000084c00000, 0x0000000084c00000|100%|HC|  |TAMS 0x0000000084c00000, 0x0000000084c00000| Complete 
|  76|0x0000000084c00000, 0x0000000084d00000, 0x0000000084d00000|100%|HS|  |TAMS 0x0000000084d00000, 0x0000000084d00000| Complete 
|  77|0x0000000084d00000, 0x0000000084e00000, 0x0000000084e00000|100%|HC|  |TAMS 0x0000000084e00000, 0x0000000084e00000| Complete 
|  78|0x0000000084e00000, 0x0000000084f00000, 0x0000000084f00000|100%|HS|  |TAMS 0x0000000084f00000, 0x0000000084f00000| Complete 
|  79|0x0000000084f00000, 0x0000000085000000, 0x0000000085000000|100%|HS|  |TAMS 0x0000000085000000, 0x0000000085000000| Complete 
|  80|0x0000000085000000, 0x0000000085100000, 0x0000000085100000|100%|HS|  |TAMS 0x0000000085100000, 0x0000000085100000| Complete 
|  81|0x0000000085100000, 0x0000000085200000, 0x0000000085200000|100%|HS|  |TAMS 0x0000000085200000, 0x0000000085200000| Complete 
|  82|0x0000000085200000, 0x0000000085300000, 0x0000000085300000|100%| O|  |TAMS 0x0000000085300000, 0x0000000085300000| Untracked 
|  83|0x0000000085300000, 0x0000000085400000, 0x0000000085400000|100%| O|  |TAMS 0x0000000085400000, 0x0000000085400000| Untracked 
|  84|0x0000000085400000, 0x0000000085500000, 0x0000000085500000|100%| O|  |TAMS 0x0000000085500000, 0x0000000085500000| Untracked 
|  85|0x0000000085500000, 0x0000000085600000, 0x0000000085600000|100%| O|  |TAMS 0x0000000085600000, 0x0000000085600000| Untracked 
|  86|0x0000000085600000, 0x0000000085700000, 0x0000000085700000|100%| O|  |TAMS 0x0000000085700000, 0x0000000085700000| Untracked 
|  87|0x0000000085700000, 0x0000000085800000, 0x0000000085800000|100%| O|  |TAMS 0x0000000085800000, 0x0000000085800000| Untracked 
|  88|0x0000000085800000, 0x0000000085900000, 0x0000000085900000|100%| O|  |TAMS 0x0000000085900000, 0x0000000085900000| Untracked 
|  89|0x0000000085900000, 0x0000000085a00000, 0x0000000085a00000|100%| O|  |TAMS 0x0000000085a00000, 0x0000000085a00000| Untracked 
|  90|0x0000000085a00000, 0x0000000085b00000, 0x0000000085b00000|100%| O|  |TAMS 0x0000000085a00000, 0x0000000085b00000| Untracked 
|  91|0x0000000085b00000, 0x0000000085c00000, 0x0000000085c00000|100%| O|  |TAMS 0x0000000085c00000, 0x0000000085c00000| Untracked 
|  92|0x0000000085c00000, 0x0000000085d00000, 0x0000000085d00000|100%| O|  |TAMS 0x0000000085d00000, 0x0000000085d00000| Untracked 
|  93|0x0000000085d00000, 0x0000000085e00000, 0x0000000085e00000|100%| O|  |TAMS 0x0000000085e00000, 0x0000000085e00000| Untracked 
|  94|0x0000000085e00000, 0x0000000085f00000, 0x0000000085f00000|100%| O|  |TAMS 0x0000000085f00000, 0x0000000085f00000| Untracked 
|  95|0x0000000085f00000, 0x0000000086000000, 0x0000000086000000|100%| O|  |TAMS 0x0000000086000000, 0x0000000086000000| Untracked 
|  96|0x0000000086000000, 0x0000000086100000, 0x0000000086100000|100%| O|  |TAMS 0x0000000086100000, 0x0000000086100000| Untracked 
|  97|0x0000000086100000, 0x0000000086200000, 0x0000000086200000|100%| O|  |TAMS 0x0000000086200000, 0x0000000086200000| Untracked 
|  98|0x0000000086200000, 0x0000000086300000, 0x0000000086300000|100%| O|  |TAMS 0x0000000086300000, 0x0000000086300000| Untracked 
|  99|0x0000000086300000, 0x0000000086400000, 0x0000000086400000|100%| O|  |TAMS 0x0000000086400000, 0x0000000086400000| Untracked 
| 100|0x0000000086400000, 0x0000000086500000, 0x0000000086500000|100%| O|  |TAMS 0x0000000086500000, 0x0000000086500000| Untracked 
| 101|0x0000000086500000, 0x0000000086600000, 0x0000000086600000|100%| O|  |TAMS 0x0000000086600000, 0x0000000086600000| Untracked 
| 102|0x0000000086600000, 0x0000000086700000, 0x0000000086700000|100%| O|  |TAMS 0x0000000086700000, 0x0000000086700000| Untracked 
| 103|0x0000000086700000, 0x0000000086800000, 0x0000000086800000|100%| O|  |TAMS 0x0000000086800000, 0x0000000086800000| Untracked 
| 104|0x0000000086800000, 0x0000000086900000, 0x0000000086900000|100%| O|  |TAMS 0x0000000086900000, 0x0000000086900000| Untracked 
| 105|0x0000000086900000, 0x0000000086a00000, 0x0000000086a00000|100%|HS|  |TAMS 0x0000000086a00000, 0x0000000086a00000| Complete 
| 106|0x0000000086a00000, 0x0000000086b00000, 0x0000000086b00000|100%|HC|  |TAMS 0x0000000086b00000, 0x0000000086b00000| Complete 
| 107|0x0000000086b00000, 0x0000000086c00000, 0x0000000086c00000|100%|HC|  |TAMS 0x0000000086c00000, 0x0000000086c00000| Complete 
| 108|0x0000000086c00000, 0x0000000086d00000, 0x0000000086d00000|100%| O|  |TAMS 0x0000000086d00000, 0x0000000086d00000| Untracked 
| 109|0x0000000086d00000, 0x0000000086e00000, 0x0000000086e00000|100%| O|  |TAMS 0x0000000086e00000, 0x0000000086e00000| Untracked 
| 110|0x0000000086e00000, 0x0000000086f00000, 0x0000000086f00000|100%|HS|  |TAMS 0x0000000086f00000, 0x0000000086f00000| Complete 
| 111|0x0000000086f00000, 0x0000000087000000, 0x0000000087000000|100%|HC|  |TAMS 0x0000000087000000, 0x0000000087000000| Complete 
| 112|0x0000000087000000, 0x0000000087100000, 0x0000000087100000|100%| O|  |TAMS 0x0000000087100000, 0x0000000087100000| Untracked 
| 113|0x0000000087100000, 0x0000000087200000, 0x0000000087200000|100%|HS|  |TAMS 0x0000000087200000, 0x0000000087200000| Complete 
| 114|0x0000000087200000, 0x0000000087300000, 0x0000000087300000|100%|HS|  |TAMS 0x0000000087200000, 0x0000000087300000| Complete 
| 115|0x0000000087300000, 0x0000000087400000, 0x0000000087400000|100%|HS|  |TAMS 0x0000000087400000, 0x0000000087400000| Complete 
| 116|0x0000000087400000, 0x0000000087500000, 0x0000000087500000|100%|HS|  |TAMS 0x0000000087400000, 0x0000000087500000| Complete 
| 117|0x0000000087500000, 0x0000000087600000, 0x0000000087600000|100%|HS|  |TAMS 0x0000000087600000, 0x0000000087600000| Complete 
| 118|0x0000000087600000, 0x0000000087700000, 0x0000000087700000|100%| O|  |TAMS 0x0000000087600000, 0x0000000087700000| Untracked 
| 119|0x0000000087700000, 0x0000000087800000, 0x0000000087800000|100%|HS|  |TAMS 0x0000000087800000, 0x0000000087800000| Complete 
| 120|0x0000000087800000, 0x0000000087900000, 0x0000000087900000|100%| O|  |TAMS 0x0000000087900000, 0x0000000087900000| Untracked 
| 121|0x0000000087900000, 0x0000000087a00000, 0x0000000087a00000|100%| O|  |TAMS 0x0000000087a00000, 0x0000000087a00000| Untracked 
| 122|0x0000000087a00000, 0x0000000087b00000, 0x0000000087b00000|100%| O|  |TAMS 0x0000000087b00000, 0x0000000087b00000| Untracked 
| 123|0x0000000087b00000, 0x0000000087c00000, 0x0000000087c00000|100%| O|  |TAMS 0x0000000087c00000, 0x0000000087c00000| Untracked 
| 124|0x0000000087c00000, 0x0000000087d00000, 0x0000000087d00000|100%| O|  |TAMS 0x0000000087d00000, 0x0000000087d00000| Untracked 
| 125|0x0000000087d00000, 0x0000000087e00000, 0x0000000087e00000|100%| O|  |TAMS 0x0000000087e00000, 0x0000000087e00000| Untracked 
| 126|0x0000000087e00000, 0x0000000087f00000, 0x0000000087f00000|100%| O|  |TAMS 0x0000000087f00000, 0x0000000087f00000| Untracked 
| 127|0x0000000087f00000, 0x0000000088000000, 0x0000000088000000|100%| O|  |TAMS 0x0000000088000000, 0x0000000088000000| Untracked 
| 128|0x0000000088000000, 0x0000000088100000, 0x0000000088100000|100%| O|  |TAMS 0x0000000088100000, 0x0000000088100000| Untracked 
| 129|0x0000000088100000, 0x0000000088200000, 0x0000000088200000|100%| O|  |TAMS 0x0000000088200000, 0x0000000088200000| Untracked 
| 130|0x0000000088200000, 0x0000000088300000, 0x0000000088300000|100%| O|  |TAMS 0x0000000088200000, 0x0000000088300000| Untracked 
| 131|0x0000000088300000, 0x0000000088400000, 0x0000000088400000|100%| O|  |TAMS 0x0000000088300000, 0x0000000088400000| Untracked 
| 132|0x0000000088400000, 0x0000000088500000, 0x0000000088500000|100%| O|  |TAMS 0x0000000088400000, 0x0000000088500000| Untracked 
| 133|0x0000000088500000, 0x0000000088600000, 0x0000000088600000|100%| O|  |TAMS 0x0000000088500000, 0x0000000088600000| Untracked 
| 134|0x0000000088600000, 0x0000000088700000, 0x0000000088700000|100%| O|  |TAMS 0x0000000088600000, 0x0000000088700000| Untracked 
| 135|0x0000000088700000, 0x0000000088800000, 0x0000000088800000|100%| O|  |TAMS 0x0000000088700000, 0x0000000088800000| Untracked 
| 136|0x0000000088800000, 0x0000000088900000, 0x0000000088900000|100%| O|  |TAMS 0x0000000088800000, 0x0000000088900000| Untracked 
| 137|0x0000000088900000, 0x0000000088a00000, 0x0000000088a00000|100%| O|  |TAMS 0x0000000088900000, 0x0000000088a00000| Untracked 
| 138|0x0000000088a00000, 0x0000000088b00000, 0x0000000088b00000|100%| O|  |TAMS 0x0000000088a00000, 0x0000000088b00000| Untracked 
| 139|0x0000000088b00000, 0x0000000088c00000, 0x0000000088c00000|100%| O|  |TAMS 0x0000000088b00000, 0x0000000088c00000| Untracked 
| 140|0x0000000088c00000, 0x0000000088d00000, 0x0000000088d00000|100%| O|  |TAMS 0x0000000088c00000, 0x0000000088d00000| Untracked 
| 141|0x0000000088d00000, 0x0000000088e00000, 0x0000000088e00000|100%| O|  |TAMS 0x0000000088d00000, 0x0000000088e00000| Untracked 
| 142|0x0000000088e00000, 0x0000000088f00000, 0x0000000088f00000|100%| O|  |TAMS 0x0000000088e00000, 0x0000000088f00000| Untracked 
| 143|0x0000000088f00000, 0x0000000089000000, 0x0000000089000000|100%| O|  |TAMS 0x0000000088f00000, 0x0000000089000000| Untracked 
| 144|0x0000000089000000, 0x0000000089100000, 0x0000000089100000|100%| O|  |TAMS 0x0000000089000000, 0x0000000089100000| Untracked 
| 145|0x0000000089100000, 0x0000000089200000, 0x0000000089200000|100%| O|  |TAMS 0x0000000089100000, 0x0000000089200000| Untracked 
| 146|0x0000000089200000, 0x0000000089300000, 0x0000000089300000|100%| O|  |TAMS 0x0000000089200000, 0x0000000089300000| Untracked 
| 147|0x0000000089300000, 0x0000000089400000, 0x0000000089400000|100%| O|  |TAMS 0x0000000089300000, 0x0000000089400000| Untracked 
| 148|0x0000000089400000, 0x0000000089500000, 0x0000000089500000|100%| O|  |TAMS 0x0000000089400000, 0x0000000089500000| Untracked 
| 149|0x0000000089500000, 0x0000000089600000, 0x0000000089600000|100%| O|  |TAMS 0x0000000089500000, 0x0000000089600000| Untracked 
| 150|0x0000000089600000, 0x0000000089700000, 0x0000000089700000|100%| O|  |TAMS 0x0000000089600000, 0x0000000089700000| Untracked 
| 151|0x0000000089700000, 0x0000000089800000, 0x0000000089800000|100%| O|  |TAMS 0x0000000089700000, 0x0000000089800000| Untracked 
| 152|0x0000000089800000, 0x0000000089900000, 0x0000000089900000|100%| O|  |TAMS 0x0000000089800000, 0x0000000089900000| Untracked 
| 153|0x0000000089900000, 0x0000000089a00000, 0x0000000089a00000|100%| O|  |TAMS 0x0000000089900000, 0x0000000089a00000| Untracked 
| 154|0x0000000089a00000, 0x0000000089b00000, 0x0000000089b00000|100%| O|  |TAMS 0x0000000089a00000, 0x0000000089b00000| Untracked 
| 155|0x0000000089b00000, 0x0000000089c00000, 0x0000000089c00000|100%| O|  |TAMS 0x0000000089b00000, 0x0000000089c00000| Untracked 
| 156|0x0000000089c00000, 0x0000000089d00000, 0x0000000089d00000|100%| O|  |TAMS 0x0000000089c00000, 0x0000000089d00000| Untracked 
| 157|0x0000000089d00000, 0x0000000089e00000, 0x0000000089e00000|100%| O|  |TAMS 0x0000000089d00000, 0x0000000089e00000| Untracked 
| 158|0x0000000089e00000, 0x0000000089f00000, 0x0000000089f00000|100%| O|  |TAMS 0x0000000089e00000, 0x0000000089f00000| Untracked 
| 159|0x0000000089f00000, 0x000000008a000000, 0x000000008a000000|100%| O|  |TAMS 0x0000000089f00000, 0x0000000089f00000| Untracked 
| 160|0x000000008a000000, 0x000000008a100000, 0x000000008a100000|100%| O|  |TAMS 0x000000008a000000, 0x000000008a000000| Untracked 
| 161|0x000000008a100000, 0x000000008a200000, 0x000000008a200000|100%| O|  |TAMS 0x000000008a100000, 0x000000008a100000| Untracked 
| 162|0x000000008a200000, 0x000000008a300000, 0x000000008a300000|100%| O|  |TAMS 0x000000008a200000, 0x000000008a200000| Untracked 
| 163|0x000000008a300000, 0x000000008a400000, 0x000000008a400000|100%| O|  |TAMS 0x000000008a300000, 0x000000008a300000| Untracked 
| 164|0x000000008a400000, 0x000000008a500000, 0x000000008a500000|100%| O|  |TAMS 0x000000008a400000, 0x000000008a400000| Untracked 
| 165|0x000000008a500000, 0x000000008a600000, 0x000000008a600000|100%| O|  |TAMS 0x000000008a500000, 0x000000008a500000| Untracked 
| 166|0x000000008a600000, 0x000000008a700000, 0x000000008a700000|100%| O|  |TAMS 0x000000008a600000, 0x000000008a600000| Untracked 
| 167|0x000000008a700000, 0x000000008a800000, 0x000000008a800000|100%| O|  |TAMS 0x000000008a700000, 0x000000008a700000| Untracked 
| 168|0x000000008a800000, 0x000000008a900000, 0x000000008a900000|100%| O|  |TAMS 0x000000008a800000, 0x000000008a800000| Untracked 
| 169|0x000000008a900000, 0x000000008aa00000, 0x000000008aa00000|100%| O|  |TAMS 0x000000008a900000, 0x000000008a900000| Untracked 
| 170|0x000000008aa00000, 0x000000008ab00000, 0x000000008ab00000|100%| O|  |TAMS 0x000000008aa00000, 0x000000008aa00000| Untracked 
| 171|0x000000008ab00000, 0x000000008ac00000, 0x000000008ac00000|100%| O|  |TAMS 0x000000008ab00000, 0x000000008ab00000| Untracked 
| 172|0x000000008ac00000, 0x000000008ac80000, 0x000000008ad00000| 50%| O|  |TAMS 0x000000008ac00000, 0x000000008ac00000| Untracked 
| 173|0x000000008ad00000, 0x000000008ad00000, 0x000000008ae00000|  0%| F|  |TAMS 0x000000008ad00000, 0x000000008ad00000| Untracked 
| 174|0x000000008ae00000, 0x000000008ae00000, 0x000000008af00000|  0%| F|  |TAMS 0x000000008ae00000, 0x000000008ae00000| Untracked 
| 175|0x000000008af00000, 0x000000008af00000, 0x000000008b000000|  0%| F|  |TAMS 0x000000008af00000, 0x000000008af00000| Untracked 
| 176|0x000000008b000000, 0x000000008b000000, 0x000000008b100000|  0%| F|  |TAMS 0x000000008b000000, 0x000000008b000000| Untracked 
| 177|0x000000008b100000, 0x000000008b100000, 0x000000008b200000|  0%| F|  |TAMS 0x000000008b100000, 0x000000008b100000| Untracked 
| 178|0x000000008b200000, 0x000000008b200000, 0x000000008b300000|  0%| F|  |TAMS 0x000000008b200000, 0x000000008b200000| Untracked 
| 179|0x000000008b300000, 0x000000008b300000, 0x000000008b400000|  0%| F|  |TAMS 0x000000008b300000, 0x000000008b300000| Untracked 
| 180|0x000000008b400000, 0x000000008b400000, 0x000000008b500000|  0%| F|  |TAMS 0x000000008b400000, 0x000000008b400000| Untracked 
| 181|0x000000008b500000, 0x000000008b500000, 0x000000008b600000|  0%| F|  |TAMS 0x000000008b500000, 0x000000008b500000| Untracked 
| 182|0x000000008b600000, 0x000000008b600000, 0x000000008b700000|  0%| F|  |TAMS 0x000000008b600000, 0x000000008b600000| Untracked 
| 183|0x000000008b700000, 0x000000008b700000, 0x000000008b800000|  0%| F|  |TAMS 0x000000008b700000, 0x000000008b700000| Untracked 
| 184|0x000000008b800000, 0x000000008b800000, 0x000000008b900000|  0%| F|  |TAMS 0x000000008b800000, 0x000000008b800000| Untracked 
| 185|0x000000008b900000, 0x000000008b900000, 0x000000008ba00000|  0%| F|  |TAMS 0x000000008b900000, 0x000000008b900000| Untracked 
| 186|0x000000008ba00000, 0x000000008ba00000, 0x000000008bb00000|  0%| F|  |TAMS 0x000000008ba00000, 0x000000008ba00000| Untracked 
| 187|0x000000008bb00000, 0x000000008bb00000, 0x000000008bc00000|  0%| F|  |TAMS 0x000000008bb00000, 0x000000008bb00000| Untracked 
| 188|0x000000008bc00000, 0x000000008bc00000, 0x000000008bd00000|  0%| F|  |TAMS 0x000000008bc00000, 0x000000008bc00000| Untracked 
| 189|0x000000008bd00000, 0x000000008bd00000, 0x000000008be00000|  0%| F|  |TAMS 0x000000008bd00000, 0x000000008bd00000| Untracked 
| 190|0x000000008be00000, 0x000000008be00000, 0x000000008bf00000|  0%| F|  |TAMS 0x000000008be00000, 0x000000008be00000| Untracked 
| 191|0x000000008bf00000, 0x000000008bf00000, 0x000000008c000000|  0%| F|  |TAMS 0x000000008bf00000, 0x000000008bf00000| Untracked 
| 192|0x000000008c000000, 0x000000008c000000, 0x000000008c100000|  0%| F|  |TAMS 0x000000008c000000, 0x000000008c000000| Untracked 
| 193|0x000000008c100000, 0x000000008c100000, 0x000000008c200000|  0%| F|  |TAMS 0x000000008c100000, 0x000000008c100000| Untracked 
| 194|0x000000008c200000, 0x000000008c200000, 0x000000008c300000|  0%| F|  |TAMS 0x000000008c200000, 0x000000008c200000| Untracked 
| 195|0x000000008c300000, 0x000000008c300000, 0x000000008c400000|  0%| F|  |TAMS 0x000000008c300000, 0x000000008c300000| Untracked 
| 196|0x000000008c400000, 0x000000008c400000, 0x000000008c500000|  0%| F|  |TAMS 0x000000008c400000, 0x000000008c400000| Untracked 
| 197|0x000000008c500000, 0x000000008c500000, 0x000000008c600000|  0%| F|  |TAMS 0x000000008c500000, 0x000000008c500000| Untracked 
| 198|0x000000008c600000, 0x000000008c600000, 0x000000008c700000|  0%| F|  |TAMS 0x000000008c600000, 0x000000008c600000| Untracked 
| 199|0x000000008c700000, 0x000000008c700000, 0x000000008c800000|  0%| F|  |TAMS 0x000000008c700000, 0x000000008c700000| Untracked 
| 200|0x000000008c800000, 0x000000008c800000, 0x000000008c900000|  0%| F|  |TAMS 0x000000008c800000, 0x000000008c800000| Untracked 
| 201|0x000000008c900000, 0x000000008c900000, 0x000000008ca00000|  0%| F|  |TAMS 0x000000008c900000, 0x000000008c900000| Untracked 
| 202|0x000000008ca00000, 0x000000008ca00000, 0x000000008cb00000|  0%| F|  |TAMS 0x000000008ca00000, 0x000000008ca00000| Untracked 
| 203|0x000000008cb00000, 0x000000008cb00000, 0x000000008cc00000|  0%| F|  |TAMS 0x000000008cb00000, 0x000000008cb00000| Untracked 
| 204|0x000000008cc00000, 0x000000008cc00000, 0x000000008cd00000|  0%| F|  |TAMS 0x000000008cc00000, 0x000000008cc00000| Untracked 
| 205|0x000000008cd00000, 0x000000008cd00000, 0x000000008ce00000|  0%| F|  |TAMS 0x000000008cd00000, 0x000000008cd00000| Untracked 
| 206|0x000000008ce00000, 0x000000008ce00000, 0x000000008cf00000|  0%| F|  |TAMS 0x000000008ce00000, 0x000000008ce00000| Untracked 
| 207|0x000000008cf00000, 0x000000008cf00000, 0x000000008d000000|  0%| F|  |TAMS 0x000000008cf00000, 0x000000008cf00000| Untracked 
| 208|0x000000008d000000, 0x000000008d100000, 0x000000008d100000|100%| S|CS|TAMS 0x000000008d000000, 0x000000008d000000| Complete 
| 209|0x000000008d100000, 0x000000008d200000, 0x000000008d200000|100%| S|CS|TAMS 0x000000008d100000, 0x000000008d100000| Complete 
| 210|0x000000008d200000, 0x000000008d300000, 0x000000008d300000|100%| S|CS|TAMS 0x000000008d200000, 0x000000008d200000| Complete 
| 211|0x000000008d300000, 0x000000008d400000, 0x000000008d400000|100%| S|CS|TAMS 0x000000008d300000, 0x000000008d300000| Complete 
| 212|0x000000008d400000, 0x000000008d400000, 0x000000008d500000|  0%| F|  |TAMS 0x000000008d400000, 0x000000008d400000| Untracked 
| 213|0x000000008d500000, 0x000000008d500000, 0x000000008d600000|  0%| F|  |TAMS 0x000000008d500000, 0x000000008d500000| Untracked 
| 214|0x000000008d600000, 0x000000008d600000, 0x000000008d700000|  0%| F|  |TAMS 0x000000008d600000, 0x000000008d600000| Untracked 
| 215|0x000000008d700000, 0x000000008d700000, 0x000000008d800000|  0%| F|  |TAMS 0x000000008d700000, 0x000000008d700000| Untracked 
| 216|0x000000008d800000, 0x000000008d800000, 0x000000008d900000|  0%| F|  |TAMS 0x000000008d800000, 0x000000008d800000| Untracked 
| 217|0x000000008d900000, 0x000000008d900000, 0x000000008da00000|  0%| F|  |TAMS 0x000000008d900000, 0x000000008d900000| Untracked 
| 218|0x000000008da00000, 0x000000008da00000, 0x000000008db00000|  0%| F|  |TAMS 0x000000008da00000, 0x000000008da00000| Untracked 
| 219|0x000000008db00000, 0x000000008db00000, 0x000000008dc00000|  0%| F|  |TAMS 0x000000008db00000, 0x000000008db00000| Untracked 
| 220|0x000000008dc00000, 0x000000008dc00000, 0x000000008dd00000|  0%| F|  |TAMS 0x000000008dc00000, 0x000000008dc00000| Untracked 
| 221|0x000000008dd00000, 0x000000008dd00000, 0x000000008de00000|  0%| F|  |TAMS 0x000000008dd00000, 0x000000008dd00000| Untracked 
| 222|0x000000008de00000, 0x000000008de00000, 0x000000008df00000|  0%| F|  |TAMS 0x000000008de00000, 0x000000008de00000| Untracked 
| 223|0x000000008df00000, 0x000000008df00000, 0x000000008e000000|  0%| F|  |TAMS 0x000000008df00000, 0x000000008df00000| Untracked 
| 224|0x000000008e000000, 0x000000008e000000, 0x000000008e100000|  0%| F|  |TAMS 0x000000008e000000, 0x000000008e000000| Untracked 
| 225|0x000000008e100000, 0x000000008e100000, 0x000000008e200000|  0%| F|  |TAMS 0x000000008e100000, 0x000000008e100000| Untracked 
| 226|0x000000008e200000, 0x000000008e200000, 0x000000008e300000|  0%| F|  |TAMS 0x000000008e200000, 0x000000008e200000| Untracked 
| 227|0x000000008e300000, 0x000000008e300000, 0x000000008e400000|  0%| F|  |TAMS 0x000000008e300000, 0x000000008e300000| Untracked 
| 228|0x000000008e400000, 0x000000008e400000, 0x000000008e500000|  0%| F|  |TAMS 0x000000008e400000, 0x000000008e400000| Untracked 
| 229|0x000000008e500000, 0x000000008e500000, 0x000000008e600000|  0%| F|  |TAMS 0x000000008e500000, 0x000000008e500000| Untracked 
| 230|0x000000008e600000, 0x000000008e600000, 0x000000008e700000|  0%| F|  |TAMS 0x000000008e600000, 0x000000008e600000| Untracked 
| 231|0x000000008e700000, 0x000000008e700000, 0x000000008e800000|  0%| F|  |TAMS 0x000000008e700000, 0x000000008e700000| Untracked 
| 232|0x000000008e800000, 0x000000008e800000, 0x000000008e900000|  0%| F|  |TAMS 0x000000008e800000, 0x000000008e800000| Untracked 
| 233|0x000000008e900000, 0x000000008e900000, 0x000000008ea00000|  0%| F|  |TAMS 0x000000008e900000, 0x000000008e900000| Untracked 

Card table byte_map: [0x000002b1527c0000,0x000002b152bc0000] _byte_map_base: 0x000002b1523c0000

Marking Bits (Prev, Next): (CMBitMap*) 0x000002b13f4532d8, (CMBitMap*) 0x000002b13f453310
 Prev Bits: [0x000002b152fc0000, 0x000002b154fc0000)
 Next Bits: [0x000002b154fc0000, 0x000002b156fc0000)

Polling page: 0x000002b13db70000

Metaspace:

Usage:
  Non-class:     77.47 MB capacity,    76.23 MB ( 98%) used,     1.02 MB (  1%) free+waste,   226.88 KB ( <1%) overhead. 
      Class:     12.08 MB capacity,    11.39 MB ( 94%) used,   609.70 KB (  5%) free+waste,   101.31 KB ( <1%) overhead. 
       Both:     89.55 MB capacity,    87.61 MB ( 98%) used,     1.62 MB (  2%) free+waste,   328.19 KB ( <1%) overhead. 

Virtual space:
  Non-class space:       78.00 MB reserved,      77.50 MB (>99%) committed 
      Class space:        1.00 GB reserved,      12.13 MB (  1%) committed 
             Both:        1.08 GB reserved,      89.63 MB (  8%) committed 

Chunk freelists:
   Non-Class:  31.00 KB
       Class:  11.00 KB
        Both:  42.00 KB

MaxMetaspaceSize: 17179869184.00 GB
CompressedClassSpaceSize: 1.00 GB

CodeHeap 'non-profiled nmethods': size=120064Kb used=6137Kb max_used=6137Kb free=113927Kb
 bounds [0x000002b14a860000, 0x000002b14ae60000, 0x000002b151da0000]
CodeHeap 'profiled nmethods': size=120000Kb used=22802Kb max_used=22802Kb free=97198Kb
 bounds [0x000002b143330000, 0x000002b144980000, 0x000002b14a860000]
CodeHeap 'non-nmethods': size=5696Kb used=2273Kb max_used=2315Kb free=3422Kb
 bounds [0x000002b142da0000, 0x000002b143010000, 0x000002b143330000]
 total_blobs=11586 nmethods=10712 adapters=783
 compilation: enabled
              stopped_count=0, restarted_count=0
 full_count=0

Compilation events (20 events):
Event: 20.885 Thread 0x000002b15962e800 11025       2       com.android.tools.r8.code.h1::<init> (7 bytes)
Event: 20.886 Thread 0x000002b15962e800 nmethod 11025 0x000002b144973c10 code [0x000002b144973de0, 0x000002b144973fa8]
Event: 20.889 Thread 0x000002b15962e800 11026       2       com.android.tools.r8.code.t0::<init> (7 bytes)
Event: 20.889 Thread 0x000002b15962e800 nmethod 11026 0x000002b144974110 code [0x000002b1449742c0, 0x000002b144974418]
Event: 20.941 Thread 0x000002b15962e800 11028       2       com.android.tools.r8.code.D3::<init> (85 bytes)
Event: 20.942 Thread 0x000002b15962e800 nmethod 11028 0x000002b144974510 code [0x000002b144974740, 0x000002b144974e68]
Event: 20.947 Thread 0x000002b15962e800 11029       2       com.android.tools.r8.code.m::<init> (7 bytes)
Event: 20.947 Thread 0x000002b15962e800 nmethod 11029 0x000002b144975390 code [0x000002b144975560, 0x000002b144975798]
Event: 20.957 Thread 0x000002b15962e800 11031       2       com.android.tools.r8.code.N0::hashCode (28 bytes)
Event: 20.957 Thread 0x000002b15962e800 nmethod 11031 0x000002b144975990 code [0x000002b144975b40, 0x000002b144975c88]
Event: 20.974 Thread 0x000002b15962e800 11032       2       com.android.tools.r8.code.N0::<init> (34 bytes)
Event: 20.974 Thread 0x000002b15962e800 nmethod 11032 0x000002b144975d10 code [0x000002b144975ee0, 0x000002b1449760a8]
Event: 21.006 Thread 0x000002b15962e800 11035       2       com.android.tools.r8.code.I0::<init> (20 bytes)
Event: 21.006 Thread 0x000002b15962e800 nmethod 11035 0x000002b144976210 code [0x000002b1449763e0, 0x000002b1449765a8]
Event: 21.006 Thread 0x000002b15962e800 11036       2       com.android.tools.r8.code.m0::<init> (7 bytes)
Event: 21.006 Thread 0x000002b15962e800 nmethod 11036 0x000002b144976710 code [0x000002b1449768e0, 0x000002b144976b18]
Event: 21.009 Thread 0x000002b159622800 nmethod 10840 0x000002b14ae4da90 code [0x000002b14ae4f660, 0x000002b14ae58168]
Event: 21.009 Thread 0x000002b159622800 11013       4       com.android.tools.r8.graph.q0::c (45 bytes)
Event: 21.010 Thread 0x000002b159622800 nmethod 11013 0x000002b14ae5e010 code [0x000002b14ae5e1a0, 0x000002b14ae5e358]
Event: 21.010 Thread 0x000002b159622800 10872       4       com.android.tools.r8.dex.n::e (654 bytes)

GC Heap History (20 events):
Event: 15.654 GC heap after
{Heap after GC invocations=29 (full 0):
 garbage-first heap   total 165888K, used 74952K [0x0000000080000000, 0x0000000100000000)
  region size 1024K, 8 young (8192K), 8 survivors (8192K)
 Metaspace       used 79480K, capacity 81340K, committed 81536K, reserved 1120256K
  class space    used 10245K, capacity 10871K, committed 10880K, reserved 1048576K
}
Event: 16.447 GC heap before
{Heap before GC invocations=29 (full 0):
 garbage-first heap   total 165888K, used 131272K [0x0000000080000000, 0x0000000100000000)
  region size 1024K, 64 young (65536K), 8 survivors (8192K)
 Metaspace       used 81487K, capacity 83382K, committed 83456K, reserved 1122304K
  class space    used 10513K, capacity 11195K, committed 11264K, reserved 1048576K
}
Event: 16.464 GC heap after
{Heap after GC invocations=30 (full 0):
 garbage-first heap   total 165888K, used 77997K [0x0000000080000000, 0x0000000100000000)
  region size 1024K, 7 young (7168K), 7 survivors (7168K)
 Metaspace       used 81487K, capacity 83382K, committed 83456K, reserved 1122304K
  class space    used 10513K, capacity 11195K, committed 11264K, reserved 1048576K
}
Event: 17.740 GC heap before
{Heap before GC invocations=30 (full 0):
 garbage-first heap   total 165888K, used 133293K [0x0000000080000000, 0x0000000100000000)
  region size 1024K, 62 young (63488K), 7 survivors (7168K)
 Metaspace       used 84172K, capacity 86007K, committed 86016K, reserved 1124352K
  class space    used 10824K, capacity 11515K, committed 11520K, reserved 1048576K
}
Event: 17.760 GC heap after
{Heap after GC invocations=31 (full 0):
 garbage-first heap   total 199680K, used 82915K [0x0000000080000000, 0x0000000100000000)
  region size 1024K, 8 young (8192K), 8 survivors (8192K)
 Metaspace       used 84172K, capacity 86007K, committed 86016K, reserved 1124352K
  class space    used 10824K, capacity 11515K, committed 11520K, reserved 1048576K
}
Event: 18.706 GC heap before
{Heap before GC invocations=31 (full 0):
 garbage-first heap   total 199680K, used 160739K [0x0000000080000000, 0x0000000100000000)
  region size 1024K, 76 young (77824K), 8 survivors (8192K)
 Metaspace       used 85912K, capacity 87902K, committed 88064K, reserved 1126400K
  class space    used 11061K, capacity 11771K, committed 11776K, reserved 1048576K
}
Event: 18.740 GC heap after
{Heap after GC invocations=32 (full 0):
 garbage-first heap   total 199680K, used 103779K [0x0000000080000000, 0x0000000100000000)
  region size 1024K, 10 young (10240K), 10 survivors (10240K)
 Metaspace       used 85912K, capacity 87902K, committed 88064K, reserved 1126400K
  class space    used 11061K, capacity 11771K, committed 11776K, reserved 1048576K
}
Event: 18.898 GC heap before
{Heap before GC invocations=32 (full 0):
 garbage-first heap   total 199680K, used 117091K [0x0000000080000000, 0x0000000100000000)
  region size 1024K, 24 young (24576K), 10 survivors (10240K)
 Metaspace       used 86960K, capacity 88980K, committed 89088K, reserved 1126400K
  class space    used 11219K, capacity 11941K, committed 12032K, reserved 1048576K
}
Event: 18.923 GC heap after
{Heap after GC invocations=33 (full 0):
 garbage-first heap   total 199680K, used 107257K [0x0000000080000000, 0x0000000100000000)
  region size 1024K, 3 young (3072K), 3 survivors (3072K)
 Metaspace       used 86960K, capacity 88980K, committed 89088K, reserved 1126400K
  class space    used 11219K, capacity 11941K, committed 12032K, reserved 1048576K
}
Event: 19.587 GC heap before
{Heap before GC invocations=34 (full 0):
 garbage-first heap   total 199680K, used 164601K [0x0000000080000000, 0x0000000100000000)
  region size 1024K, 42 young (43008K), 3 survivors (3072K)
 Metaspace       used 87762K, capacity 89733K, committed 89984K, reserved 1126400K
  class space    used 11310K, capacity 12021K, committed 12160K, reserved 1048576K
}
Event: 19.615 GC heap after
{Heap after GC invocations=35 (full 0):
 garbage-first heap   total 199680K, used 129783K [0x0000000080000000, 0x0000000100000000)
  region size 1024K, 6 young (6144K), 6 survivors (6144K)
 Metaspace       used 87762K, capacity 89733K, committed 89984K, reserved 1126400K
  class space    used 11310K, capacity 12021K, committed 12160K, reserved 1048576K
}
Event: 19.701 GC heap before
{Heap before GC invocations=35 (full 0):
 garbage-first heap   total 199680K, used 144119K [0x0000000080000000, 0x0000000100000000)
  region size 1024K, 21 young (21504K), 6 survivors (6144K)
 Metaspace       used 87766K, capacity 89733K, committed 89984K, reserved 1126400K
  class space    used 11310K, capacity 12021K, committed 12160K, reserved 1048576K
}
Event: 19.730 GC heap after
{Heap after GC invocations=36 (full 0):
 garbage-first heap   total 239616K, used 134835K [0x0000000080000000, 0x0000000100000000)
  region size 1024K, 5 young (5120K), 5 survivors (5120K)
 Metaspace       used 87766K, capacity 89733K, committed 89984K, reserved 1126400K
  class space    used 11310K, capacity 12021K, committed 12160K, reserved 1048576K
}
Event: 20.363 GC heap before
{Heap before GC invocations=37 (full 0):
 garbage-first heap   total 239616K, used 172723K [0x0000000080000000, 0x0000000100000000)
  region size 1024K, 40 young (40960K), 5 survivors (5120K)
 Metaspace       used 89623K, capacity 91628K, committed 91776K, reserved 1128448K
  class space    used 11661K, capacity 12373K, committed 12416K, reserved 1048576K
}
Event: 20.408 GC heap after
{Heap after GC invocations=38 (full 0):
 garbage-first heap   total 239616K, used 146947K [0x0000000080000000, 0x0000000100000000)
  region size 1024K, 5 young (5120K), 5 survivors (5120K)
 Metaspace       used 89623K, capacity 91628K, committed 91776K, reserved 1128448K
  class space    used 11661K, capacity 12373K, committed 12416K, reserved 1048576K
}
Event: 20.471 GC heap before
{Heap before GC invocations=38 (full 0):
 garbage-first heap   total 239616K, used 153091K [0x0000000080000000, 0x0000000100000000)
  region size 1024K, 11 young (11264K), 5 survivors (5120K)
 Metaspace       used 89660K, capacity 91698K, committed 91776K, reserved 1128448K
  class space    used 11661K, capacity 12373K, committed 12416K, reserved 1048576K
}
Event: 20.499 GC heap after
{Heap after GC invocations=39 (full 0):
 garbage-first heap   total 239616K, used 150528K [0x0000000080000000, 0x0000000100000000)
  region size 1024K, 2 young (2048K), 2 survivors (2048K)
 Metaspace       used 89660K, capacity 91698K, committed 91776K, reserved 1128448K
  class space    used 11661K, capacity 12373K, committed 12416K, reserved 1048576K
}
Event: 20.702 GC heap before
{Heap before GC invocations=39 (full 0):
 garbage-first heap   total 239616K, used 181248K [0x0000000080000000, 0x0000000100000000)
  region size 1024K, 32 young (32768K), 2 survivors (2048K)
 Metaspace       used 89705K, capacity 91701K, committed 91776K, reserved 1128448K
  class space    used 11661K, capacity 12373K, committed 12416K, reserved 1048576K
}
Event: 20.735 GC heap after
{Heap after GC invocations=40 (full 0):
 garbage-first heap   total 239616K, used 166912K [0x0000000080000000, 0x0000000100000000)
  region size 1024K, 4 young (4096K), 4 survivors (4096K)
 Metaspace       used 89705K, capacity 91701K, committed 91776K, reserved 1128448K
  class space    used 11661K, capacity 12373K, committed 12416K, reserved 1048576K
}
Event: 21.013 GC heap before
{Heap before GC invocations=40 (full 0):
 garbage-first heap   total 239616K, used 188416K [0x0000000080000000, 0x0000000100000000)
  region size 1024K, 26 young (26624K), 4 survivors (4096K)
 Metaspace       used 89717K, capacity 91702K, committed 91776K, reserved 1128448K
  class space    used 11661K, capacity 12373K, committed 12416K, reserved 1048576K
}

Deoptimization events (20 events):
Event: 20.116 Thread 0x000002b162fe5800 DEOPT PACKING pc=0x000002b14ae0e898 sp=0x000000d03b6fef90
Event: 20.116 Thread 0x000002b162fe5800 DEOPT UNPACKING pc=0x000002b142dc74af sp=0x000000d03b6fef28 mode 2
Event: 20.193 Thread 0x000002b162fe2000 Uncommon trap: trap_request=0xffffff4d fr.pc=0x000002b14ae035ac relative=0x000000000000020c
Event: 20.193 Thread 0x000002b162fe2000 Uncommon trap: reason=unstable_if action=reinterpret pc=0x000002b14ae035ac method=jdk.internal.util.ArraysSupport.mismatch([B[BI)I @ 14 c2
Event: 20.193 Thread 0x000002b162fe2000 DEOPT PACKING pc=0x000002b14ae035ac sp=0x000000d03b3feb40
Event: 20.193 Thread 0x000002b162fe2000 DEOPT UNPACKING pc=0x000002b142dc74af sp=0x000000d03b3fea78 mode 2
Event: 20.213 Thread 0x000002b162fe2000 Uncommon trap: trap_request=0xffffff4d fr.pc=0x000002b14acdf594 relative=0x0000000000000354
Event: 20.213 Thread 0x000002b162fe2000 Uncommon trap: reason=unstable_if action=reinterpret pc=0x000002b14acdf594 method=java.util.concurrent.ConcurrentLinkedQueue.offer(Ljava/lang/Object;)Z @ 42 c2
Event: 20.213 Thread 0x000002b162fe2000 DEOPT PACKING pc=0x000002b14acdf594 sp=0x000000d03b3fec60
Event: 20.213 Thread 0x000002b162fe2000 DEOPT UNPACKING pc=0x000002b142dc74af sp=0x000000d03b3fec10 mode 2
Event: 20.230 Thread 0x000002b162fe5800 Uncommon trap: trap_request=0xffffff4d fr.pc=0x000002b14ae3a378 relative=0x00000000000002b8
Event: 20.230 Thread 0x000002b162fe5800 Uncommon trap: reason=unstable_if action=reinterpret pc=0x000002b14ae3a378 method=com.android.tools.r8.graph.q0.b(Lcom/android/tools/r8/graph/q0;)I @ 49 c2
Event: 20.230 Thread 0x000002b162fe5800 DEOPT PACKING pc=0x000002b14ae3a378 sp=0x000000d03b6feea0
Event: 20.230 Thread 0x000002b162fe5800 DEOPT UNPACKING pc=0x000002b142dc74af sp=0x000000d03b6fee30 mode 2
Event: 20.274 Thread 0x000002b162fe0800 Uncommon trap: trap_request=0xffffff4d fr.pc=0x000002b14ae1af64 relative=0x00000000000002a4
Event: 20.274 Thread 0x000002b162fe0800 Uncommon trap: reason=unstable_if action=reinterpret pc=0x000002b14ae1af64 method=com.android.tools.r8.graph.q0.c(Ljava/lang/Object;)Z @ 20 c2
Event: 20.274 Thread 0x000002b162fe0800 DEOPT PACKING pc=0x000002b14ae1af64 sp=0x000000d03b5fe7a0
Event: 20.274 Thread 0x000002b162fe0800 DEOPT UNPACKING pc=0x000002b142dc74af sp=0x000000d03b5fe4b8 mode 2
Event: 20.544 Thread 0x000002b162fdf800 DEOPT PACKING pc=0x000002b1447d379c sp=0x000000d03affdac0
Event: 20.544 Thread 0x000002b162fdf800 DEOPT UNPACKING pc=0x000002b142dc72ce sp=0x000000d03affd060 mode 0

Classes redefined (0 events):
No events

Internal exceptions (20 events):
Event: 19.665 Thread 0x000002b162fdf800 Exception <a 'sun/nio/fs/WindowsException'{0x000000008c0390e0}> (0x000000008c0390e0) thrown at [./src/hotspot/share/prims/jni.cpp, line 615]
Event: 19.682 Thread 0x000002b162fd9000 Exception <a 'sun/nio/fs/WindowsException'{0x000000008b8b0f88}> (0x000000008b8b0f88) thrown at [./src/hotspot/share/prims/jni.cpp, line 615]
Event: 19.682 Thread 0x000002b162fd9000 Exception <a 'sun/nio/fs/WindowsException'{0x000000008b8b1008}> (0x000000008b8b1008) thrown at [./src/hotspot/share/prims/jni.cpp, line 615]
Event: 19.783 Thread 0x000002b162fd9000 Exception <a 'sun/nio/fs/WindowsException'{0x000000008e901838}> (0x000000008e901838) thrown at [./src/hotspot/share/prims/jni.cpp, line 615]
Event: 19.783 Thread 0x000002b162fd9000 Exception <a 'sun/nio/fs/WindowsException'{0x000000008e9018b8}> (0x000000008e9018b8) thrown at [./src/hotspot/share/prims/jni.cpp, line 615]
Event: 19.914 Thread 0x000002b162fdf800 Exception <a 'sun/nio/fs/WindowsException'{0x000000008e4e2b88}> (0x000000008e4e2b88) thrown at [./src/hotspot/share/prims/jni.cpp, line 615]
Event: 19.914 Thread 0x000002b162fdf800 Exception <a 'sun/nio/fs/WindowsException'{0x000000008e4e2c08}> (0x000000008e4e2c08) thrown at [./src/hotspot/share/prims/jni.cpp, line 615]
Event: 19.956 Thread 0x000002b162fe6000 Exception <a 'java/lang/NoSuchMethodError'{0x000000008d88d1b0}: 'java.lang.Object java.lang.invoke.DirectMethodHandle$Holder.newInvokeSpecial(java.lang.Object, int)'> (0x000000008d88d1b0) thrown at [./src/hotspot/share/interpreter/linkResolver.cpp, line 773]
Event: 20.053 Thread 0x000002b162fd9000 Exception <a 'sun/nio/fs/WindowsException'{0x000000008d41d870}> (0x000000008d41d870) thrown at [./src/hotspot/share/prims/jni.cpp, line 615]
Event: 20.053 Thread 0x000002b162fd9000 Exception <a 'sun/nio/fs/WindowsException'{0x000000008d41d8f0}> (0x000000008d41d8f0) thrown at [./src/hotspot/share/prims/jni.cpp, line 615]
Event: 20.099 Thread 0x000002b162fd9000 Exception <a 'sun/nio/fs/WindowsException'{0x000000008d421420}> (0x000000008d421420) thrown at [./src/hotspot/share/prims/jni.cpp, line 615]
Event: 20.099 Thread 0x000002b162fd9000 Exception <a 'sun/nio/fs/WindowsException'{0x000000008d4214a0}> (0x000000008d4214a0) thrown at [./src/hotspot/share/prims/jni.cpp, line 615]
Event: 20.113 Thread 0x000002b162fdf800 Exception <a 'sun/nio/fs/WindowsException'{0x000000008d223360}> (0x000000008d223360) thrown at [./src/hotspot/share/prims/jni.cpp, line 615]
Event: 20.113 Thread 0x000002b162fdf800 Exception <a 'sun/nio/fs/WindowsException'{0x000000008d2233e0}> (0x000000008d2233e0) thrown at [./src/hotspot/share/prims/jni.cpp, line 615]
Event: 20.359 Thread 0x000002b162fdf800 Exception <a 'sun/nio/fs/WindowsException'{0x000000008d2273c0}> (0x000000008d2273c0) thrown at [./src/hotspot/share/prims/jni.cpp, line 615]
Event: 20.360 Thread 0x000002b162fdf800 Exception <a 'sun/nio/fs/WindowsException'{0x000000008d227440}> (0x000000008d227440) thrown at [./src/hotspot/share/prims/jni.cpp, line 615]
Event: 20.544 Thread 0x000002b162fdf800 Exception <a 'sun/nio/fs/WindowsException'{0x000000008e1009e0}> (0x000000008e1009e0) thrown at [./src/hotspot/share/prims/jni.cpp, line 615]
Event: 20.544 Thread 0x000002b162fdf800 Exception <a 'sun/nio/fs/WindowsException'{0x000000008e100a60}> (0x000000008e100a60) thrown at [./src/hotspot/share/prims/jni.cpp, line 615]
Event: 20.744 Thread 0x000002b162fdf800 Exception <a 'sun/nio/fs/WindowsException'{0x000000008e9ceaf0}> (0x000000008e9ceaf0) thrown at [./src/hotspot/share/prims/jni.cpp, line 615]
Event: 20.745 Thread 0x000002b162fdf800 Exception <a 'sun/nio/fs/WindowsException'{0x000000008e9ceb70}> (0x000000008e9ceb70) thrown at [./src/hotspot/share/prims/jni.cpp, line 615]

Events (20 events):
Event: 20.300 loading class com/android/tools/r8/v/a/t/k done
Event: 20.306 loading class com/android/tools/r8/v/a/t/h
Event: 20.306 loading class com/android/tools/r8/v/a/t/h done
Event: 20.363 Executing VM operation: G1CollectForAllocation
Event: 20.408 Executing VM operation: G1CollectForAllocation done
Event: 20.419 Executing VM operation: RevokeBias
Event: 20.420 Executing VM operation: RevokeBias done
Event: 20.420 Executing VM operation: RevokeBias
Event: 20.420 Executing VM operation: RevokeBias done
Event: 20.420 Executing VM operation: RevokeBias
Event: 20.420 Executing VM operation: RevokeBias done
Event: 20.420 Executing VM operation: RevokeBias
Event: 20.421 Executing VM operation: RevokeBias done
Event: 20.421 Executing VM operation: BulkRevokeBias
Event: 20.426 Executing VM operation: BulkRevokeBias done
Event: 20.471 Executing VM operation: G1CollectForAllocation
Event: 20.499 Executing VM operation: G1CollectForAllocation done
Event: 20.699 Executing VM operation: G1CollectForAllocation
Event: 20.735 Executing VM operation: G1CollectForAllocation done
Event: 21.011 Executing VM operation: G1CollectForAllocation


Dynamic libraries:
0x00007ff782aa0000 - 0x00007ff782aaa000 	C:\Program Files\Android\Android Studio\jre\bin\java.exe
0x00007ffdf8530000 - 0x00007ffdf86f1000 	C:\Windows\SYSTEM32\ntdll.dll
0x00007ffdf6c20000 - 0x00007ffdf6ccd000 	C:\Windows\system32\KERNEL32.DLL
0x00007ffdf5440000 - 0x00007ffdf5628000 	C:\Windows\system32\KERNELBASE.dll
0x00007ffde8ea0000 - 0x00007ffde8eb9000 	C:\Program Files\Android\Android Studio\jre\bin\jli.dll
0x00007ffde8450000 - 0x00007ffde8467000 	C:\Program Files\Android\Android Studio\jre\bin\VCRUNTIME140.dll
0x00007ffdf6140000 - 0x00007ffdf6296000 	C:\Windows\system32\USER32.dll
0x00007ffdf3df0000 - 0x00007ffdf3ee4000 	C:\Windows\SYSTEM32\ucrtbase.dll
0x00007ffdf63c0000 - 0x00007ffdf6547000 	C:\Windows\system32\GDI32.dll
0x00007ffdec530000 - 0x00007ffdec7a4000 	C:\Windows\WinSxS\amd64_microsoft.windows.common-controls_6595b64144ccf1df_6.0.10586.839_none_a2ddba30a539a2ae\COMCTL32.dll
0x00007ffdf62b0000 - 0x00007ffdf634d000 	C:\Windows\system32\msvcrt.dll
0x00007ffdf6890000 - 0x00007ffdf6b0e000 	C:\Windows\system32\combase.dll
0x00007ffdf5b90000 - 0x00007ffdf5cad000 	C:\Windows\system32\RPCRT4.dll
0x00007ffdf53d0000 - 0x00007ffdf543a000 	C:\Windows\system32\bcryptPrimitives.dll
0x00007ffdf5b50000 - 0x00007ffdf5b8b000 	C:\Windows\system32\IMM32.DLL
0x00007ffde1980000 - 0x00007ffde1a1d000 	C:\Program Files\Android\Android Studio\jre\bin\msvcp140.dll
0x00007ffdd2050000 - 0x00007ffdd2b0c000 	C:\Program Files\Android\Android Studio\jre\bin\server\jvm.dll
0x00007ffdf67e0000 - 0x00007ffdf6887000 	C:\Windows\system32\ADVAPI32.dll
0x00007ffdf5af0000 - 0x00007ffdf5b4b000 	C:\Windows\system32\sechost.dll
0x00007ffdf6b30000 - 0x00007ffdf6b38000 	C:\Windows\system32\PSAPI.DLL
0x00007ffdec200000 - 0x00007ffdec209000 	C:\Windows\SYSTEM32\WSOCK32.dll
0x00007ffdf6350000 - 0x00007ffdf63bb000 	C:\Windows\system32\WS2_32.dll
0x00007ffdf2f20000 - 0x00007ffdf2f43000 	C:\Windows\SYSTEM32\WINMM.dll
0x00007ffde6e20000 - 0x00007ffde6e2a000 	C:\Windows\SYSTEM32\VERSION.dll
0x00007ffdf2ef0000 - 0x00007ffdf2f1c000 	C:\Windows\SYSTEM32\WINMMBASE.dll
0x00007ffdf5380000 - 0x00007ffdf53c3000 	C:\Windows\system32\cfgmgr32.dll
0x00007ffdf4bd0000 - 0x00007ffdf4bdf000 	C:\Windows\system32\kernel.appcore.dll
0x00007ffdec1e0000 - 0x00007ffdec1f1000 	C:\Program Files\Android\Android Studio\jre\bin\verify.dll
0x00007ffde85f0000 - 0x00007ffde877c000 	C:\Windows\SYSTEM32\DBGHELP.DLL
0x00007ffdf2f80000 - 0x00007ffdf2fa5000 	C:\Windows\SYSTEM32\dbgcore.DLL
0x00007ffdec1b0000 - 0x00007ffdec1d9000 	C:\Program Files\Android\Android Studio\jre\bin\java.dll
0x00007ffdec1a0000 - 0x00007ffdec1ab000 	C:\Program Files\Android\Android Studio\jre\bin\jimage.dll
0x00007ffdec180000 - 0x00007ffdec198000 	C:\Program Files\Android\Android Studio\jre\bin\zip.dll
0x00007ffdf6cd0000 - 0x00007ffdf822c000 	C:\Windows\system32\SHELL32.dll
0x00007ffdf4d30000 - 0x00007ffdf5375000 	C:\Windows\system32\windows.storage.dll
0x00007ffdf5a90000 - 0x00007ffdf5ae2000 	C:\Windows\system32\shlwapi.dll
0x00007ffdf4be0000 - 0x00007ffdf4c95000 	C:\Windows\system32\shcore.dll
0x00007ffdf4b70000 - 0x00007ffdf4bbb000 	C:\Windows\system32\powrprof.dll
0x00007ffdf4b50000 - 0x00007ffdf4b64000 	C:\Windows\system32\profapi.dll
0x00007ffdec160000 - 0x00007ffdec17a000 	C:\Program Files\Android\Android Studio\jre\bin\net.dll
0x00007ffdebf10000 - 0x00007ffdebfd7000 	C:\Windows\SYSTEM32\WINHTTP.dll
0x00007ffdf4480000 - 0x00007ffdf44dc000 	C:\Windows\system32\mswsock.dll
0x00007ffdec140000 - 0x00007ffdec154000 	C:\Program Files\Android\Android Studio\jre\bin\nio.dll
0x00007ffde80b0000 - 0x00007ffde80d6000 	C:\Users\Huzaifa Sammar\.gradle\native\fdc75f09e3144964f2cf3f50f0aa648679c211496f362492102eb8c894070792\windows-amd64\native-platform.dll
0x00007ffdcf2b0000 - 0x00007ffdcf441000 	C:\Users\Huzaifa Sammar\.gradle\native\12488b8bf47d2d4c9fbf2f6322a914ad602e24e48041cd04a747c6da556b65c4\windows-amd64\native-platform-file-events.dll
0x00007ffdec130000 - 0x00007ffdec13a000 	C:\Program Files\Android\Android Studio\jre\bin\management.dll
0x00007ffdec120000 - 0x00007ffdec12c000 	C:\Program Files\Android\Android Studio\jre\bin\management_ext.dll
0x00007ffdf4530000 - 0x00007ffdf4547000 	C:\Windows\SYSTEM32\CRYPTSP.dll
0x00007ffdf41c0000 - 0x00007ffdf41f4000 	C:\Windows\system32\rsaenh.dll
0x00007ffdf4750000 - 0x00007ffdf4779000 	C:\Windows\SYSTEM32\bcrypt.dll
0x00007ffdf4310000 - 0x00007ffdf432f000 	C:\Windows\SYSTEM32\USERENV.dll
0x00007ffdf4650000 - 0x00007ffdf465b000 	C:\Windows\SYSTEM32\CRYPTBASE.dll
0x00007ffdec7c0000 - 0x00007ffdec7f8000 	C:\Windows\SYSTEM32\IPHLPAPI.DLL
0x00007ffdf62a0000 - 0x00007ffdf62a8000 	C:\Windows\system32\NSI.dll
0x00007ffdeb5c0000 - 0x00007ffdeb5d6000 	C:\Windows\SYSTEM32\dhcpcsvc6.DLL
0x00007ffdeb700000 - 0x00007ffdeb71a000 	C:\Windows\SYSTEM32\dhcpcsvc.DLL
0x00007ffdeb7d0000 - 0x00007ffdeb7db000 	C:\Windows\SYSTEM32\WINNSI.DLL

dbghelp: loaded successfully - version: 4.0.5 - missing functions: none
symbol engine: initialized successfully - sym options: 0x614 - pdb path: .;C:\Program Files\Android\Android Studio\jre\bin;C:\Windows\SYSTEM32;C:\Windows\WinSxS\amd64_microsoft.windows.common-controls_6595b64144ccf1df_6.0.10586.839_none_a2ddba30a539a2ae;C:\Program Files\Android\Android Studio\jre\bin\server;C:\Users\Huzaifa Sammar\.gradle\native\fdc75f09e3144964f2cf3f50f0aa648679c211496f362492102eb8c894070792\windows-amd64;C:\Users\Huzaifa Sammar\.gradle\native\12488b8bf47d2d4c9fbf2f6322a914ad602e24e48041cd04a747c6da556b65c4\windows-amd64

VM Arguments:
jvm_args: --add-opens=java.base/java.util=ALL-UNNAMED --add-opens=java.base/java.lang=ALL-UNNAMED --add-opens=java.base/java.lang.invoke=ALL-UNNAMED --add-opens=java.prefs/java.util.prefs=ALL-UNNAMED -Xmx2048m -Dfile.encoding=UTF-8 -Duser.country=US -Duser.language=en -Duser.variant 
java_command: org.gradle.launcher.daemon.bootstrap.GradleDaemon 6.7.1
java_class_path (initial): C:\Users\Huzaifa Sammar\.gradle\wrapper\dists\gradle-6.7.1-bin\bwlcbys1h7rz3272sye1xwiv6\gradle-6.7.1\lib\gradle-launcher-6.7.1.jar
Launcher Type: SUN_STANDARD

[Global flags]
     intx CICompilerCount                          = 3                                         {product} {ergonomic}
     uint ConcGCThreads                            = 1                                         {product} {ergonomic}
     uint G1ConcRefinementThreads                  = 4                                         {product} {ergonomic}
   size_t G1HeapRegionSize                         = 1048576                                   {product} {ergonomic}
    uintx GCDrainStackTargetSize                   = 64                                        {product} {ergonomic}
   size_t InitialHeapSize                          = 67108864                                  {product} {ergonomic}
   size_t MarkStackSize                            = 4194304                                   {product} {ergonomic}
   size_t MaxHeapSize                              = 2147483648                                {product} {command line}
   size_t MaxNewSize                               = 1287651328                                {product} {ergonomic}
   size_t MinHeapDeltaBytes                        = 1048576                                   {product} {ergonomic}
    uintx NonNMethodCodeHeapSize                   = 5830732                                {pd product} {ergonomic}
    uintx NonProfiledCodeHeapSize                  = 122913754                              {pd product} {ergonomic}
    uintx ProfiledCodeHeapSize                     = 122913754                              {pd product} {ergonomic}
    uintx ReservedCodeCacheSize                    = 251658240                              {pd product} {ergonomic}
     bool SegmentedCodeCache                       = true                                      {product} {ergonomic}
     bool UseCompressedClassPointers               = true                                 {lp64_product} {ergonomic}
     bool UseCompressedOops                        = true                                 {lp64_product} {ergonomic}
     bool UseG1GC                                  = true                                      {product} {ergonomic}
     bool UseLargePagesIndividualAllocation        = false                                  {pd product} {ergonomic}

Logging:
Log output configuration:
 #0: stdout all=warning uptime,level,tags
 #1: stderr all=off uptime,level,tags

Environment Variables:
JAVA_HOME=C:\Program Files\Java\jdk-12.0.2
PATH=C:\Users\Huzaifa Sammar\flutter/bin;C:\Program Files\Git\bin\git.exe;C:\Windows\System32;C:\Program Files\Git\cmd;C:\Windows\System32\Windows;C:\Windows\System32\WindowsPowerShell\v1.0;C:\Users\Huzaifa Sammar\AppData\Local\Android\Sdk;C:\Program Files\Java\jdk-12.0.2\bin;C:\Program Files (x86)\Java\jre1.8.0_171\bin;C:\Users\Huzaifa Sammar\dart-sdk\bin;C:\Users\Huzaifa Sammar\AppData\Local\Programs\Python\Python38;C:\Users\Huzaifa Sammar\AppData\Local\Programs\Python\Python38\Scripts
USERNAME=Huzaifa Sammar
OS=Windows_NT
PROCESSOR_IDENTIFIER=Intel64 Family 6 Model 69 Stepping 1, GenuineIntel



---------------  S Y S T E M  ---------------

OS: Windows 10 , 64 bit Build 10586 (10.0.10586.589)
OS uptime: 0 days 2:54 hours

CPU:total 4 (initial active 4) (2 cores per cpu, 2 threads per core) family 6 model 69 stepping 1, cmov, cx8, fxsr, mmx, sse, sse2, sse3, ssse3, sse4.1, sse4.2, popcnt, avx, avx2, aes, clmul, erms, lzcnt, ht, tsc, tscinvbit, bmi1, bmi2, fma

Memory: 4k page, system-wide physical 4001M (499M free)
TotalPageFile size 6731M (AvailPageFile size 36M)
current process WorkingSet (physical memory assigned to process): 514M, peak: 516M
current process commit charge ("private bytes"): 546M, peak: 631M

vm_info: OpenJDK 64-Bit Server VM (11.0.8+10-b944.6842174) for windows-amd64 JRE (11.0.8+10-b944.6842174), built on Sep 19 2020 01:11:42 by "builder" with MS VC++ 14.0 (VS2015)

END.
